Log file open, 01/07/20 21:51:47
LogWindows: Failed to load 'aqProf.dll' (GetLastError=126)
LogWindows: File 'aqProf.dll' does not exist
LogWindows: Failed to load 'VtuneApi.dll' (GetLastError=126)
LogWindows: File 'VtuneApi.dll' does not exist
LogWindows: Failed to load 'VtuneApi32e.dll' (GetLastError=126)
LogWindows: File 'VtuneApi32e.dll' does not exist
LogConsoleResponse: Display: Failed to find resolution value strings in scalability ini. Falling back to default.
LogInit: Display: Running engine for game: islandgame
LogPlatformFile: Not using cached read wrapper
LogTaskGraph: Started task graph with 5 named threads and 35 total threads with 3 sets of task threads.
LogStats: Stats thread started at 0.058637
LogD3D11RHI: Loaded GFSDK_Aftermath_Lib.x64.dll
LogICUInternationalization: ICU TimeZone Detection - Raw Offset: -8:00, Platform Override: ''
LogPluginManager: Mounting plugin Paper2D
LogPluginManager: Mounting plugin AISupport
LogPluginManager: Mounting plugin LightPropagationVolume
LogPluginManager: Mounting plugin ActorLayerUtilities
LogPluginManager: Mounting plugin AnimationSharing
LogPluginManager: Mounting plugin CLionSourceCodeAccess
LogPluginManager: Mounting plugin CodeLiteSourceCodeAccess
LogPluginManager: Mounting plugin GitSourceControl
LogPluginManager: Mounting plugin KDevelopSourceCodeAccess
LogPluginManager: Mounting plugin NullSourceCodeAccess
LogPluginManager: Mounting plugin PerforceSourceControl
LogPluginManager: Mounting plugin PlasticSourceControl
LogPluginManager: Mounting plugin SubversionSourceControl
LogPluginManager: Mounting plugin UObjectPlugin
LogPluginManager: Mounting plugin VisualStudioCodeSourceCodeAccess
LogPluginManager: Mounting plugin VisualStudioSourceCodeAccess
LogPluginManager: Mounting plugin XCodeSourceCodeAccess
LogPluginManager: Mounting plugin AssetManagerEditor
LogPluginManager: Mounting plugin CryptoKeys
LogPluginManager: Mounting plugin CurveEditorTools
LogPluginManager: Mounting plugin DataValidation
LogPluginManager: Mounting plugin FacialAnimation
LogPluginManager: Mounting plugin GameplayTagsEditor
LogPluginManager: Mounting plugin MacGraphicsSwitching
LogPluginManager: Mounting plugin MaterialAnalyzer
LogPluginManager: Mounting plugin MobileLauncherProfileWizard
LogPluginManager: Mounting plugin PluginBrowser
LogPluginManager: Mounting plugin SpeedTreeImporter
LogPluginManager: Mounting plugin DatasmithContent
LogPluginManager: Mounting plugin VariantManagerContent
LogPluginManager: Mounting plugin AlembicImporter
LogPluginManager: Mounting plugin AutomationUtils
LogPluginManager: Mounting plugin BackChannel
LogPluginManager: Mounting plugin CharacterAI
LogPluginManager: Mounting plugin GeometryCache
LogPluginManager: Mounting plugin PlatformCrypto
LogPluginManager: Mounting plugin ProxyLODPlugin
LogPluginManager: Mounting plugin SkeletalReduction
LogPluginManager: Mounting plugin MagicLeap
LogPluginManager: Mounting plugin MagicLeapMedia
LogPluginManager: Mounting plugin MLSDK
LogPluginManager: Mounting plugin AndroidMedia
LogPluginManager: Mounting plugin AvfMedia
LogPluginManager: Mounting plugin ImgMedia
LogPluginManager: Mounting plugin MediaCompositing
LogPluginManager: Mounting plugin MediaPlayerEditor
LogPluginManager: Mounting plugin WebMMedia
LogPluginManager: Mounting plugin WmfMedia
LogPluginManager: Mounting plugin TcpMessaging
LogPluginManager: Mounting plugin UdpMessaging
LogPluginManager: Mounting plugin ActorSequence
LogPluginManager: Mounting plugin LevelSequenceEditor
LogPluginManager: Mounting plugin MatineeToLevelSequence
LogPluginManager: Mounting plugin NetcodeUnitTest
LogPluginManager: Mounting plugin NUTUnrealEngine4
LogPluginManager: Mounting plugin OnlineSubsystemGooglePlay
LogPluginManager: Mounting plugin OnlineSubsystemIOS
LogPluginManager: Mounting plugin OnlineSubsystem
LogPluginManager: Mounting plugin OnlineSubsystemNull
LogPluginManager: Mounting plugin OnlineSubsystemUtils
LogPluginManager: Mounting plugin LauncherChunkInstaller
LogPluginManager: Mounting plugin AndroidDeviceProfileSelector
LogPluginManager: Mounting plugin AndroidMoviePlayer
LogPluginManager: Mounting plugin AndroidPermission
LogPluginManager: Mounting plugin AppleImageUtils
LogPluginManager: Mounting plugin AppleMoviePlayer
LogPluginManager: Mounting plugin ArchVisCharacter
LogPluginManager: Mounting plugin AssetTags
LogPluginManager: Mounting plugin AudioCapture
LogPluginManager: Mounting plugin CableComponent
LogPluginManager: Mounting plugin CustomMeshComponent
LogPluginManager: Mounting plugin EditableMesh
LogPluginManager: Mounting plugin ExampleDeviceProfileSelector
LogPluginManager: Mounting plugin GoogleCloudMessaging
LogPluginManager: Mounting plugin IOSDeviceProfileSelector
LogPluginManager: Mounting plugin LinuxDeviceProfileSelector
LogPluginManager: Mounting plugin LocationServicesBPLibrary
LogPluginManager: Mounting plugin MobilePatchingUtils
LogPluginManager: Mounting plugin OculusVR
LogPluginManager: Mounting plugin PhysXVehicles
LogPluginManager: Mounting plugin PostSplashScreen
LogPluginManager: Mounting plugin ProceduralMeshComponent
LogPluginManager: Mounting plugin RuntimePhysXCooking
LogPluginManager: Mounting plugin SignificanceManager
LogPluginManager: Mounting plugin SteamVR
LogPluginManager: Mounting plugin WebMMoviePlayer
LogPluginManager: Mounting plugin WindowsMoviePlayer
LogPluginManager: Mounting plugin ScreenshotTools
LogInit: Using libcurl 7.55.1-DEV
LogInit:  - built for x86_64-pc-win32
LogInit:  - supports SSL with OpenSSL/1.1.1
LogInit:  - supports HTTP deflate (compression) using libz 1.2.8
LogInit:  - other features:
LogInit:      CURL_VERSION_SSL
LogInit:      CURL_VERSION_LIBZ
LogInit:      CURL_VERSION_IPV6
LogInit:      CURL_VERSION_ASYNCHDNS
LogInit:      CURL_VERSION_LARGEFILE
LogInit:      CURL_VERSION_IDN
LogInit:  CurlRequestOptions (configurable via config and command line):
LogInit:  - bVerifyPeer = true  - Libcurl will verify peer certificate
LogInit:  - bUseHttpProxy = false  - Libcurl will NOT use HTTP proxy
LogInit:  - bDontReuseConnections = false  - Libcurl will reuse connections
LogInit:  - MaxHostConnections = 16  - Libcurl will limit the number of connections to a host
LogInit:  - LocalHostAddr = Default
LogInit:  - BufferSize = 65536
LogOnline: OSS: Creating online subsystem instance for: NULL
LogInit: WinSock: version 1.1 (2.2), MaxSocks=32767, MaxUdp=65467
LogOnline: OSS: TryLoadSubsystemAndSetDefault: Loaded subsystem for module [NULL]
LogInit: Build: ++UE4+Release-4.24-CL-10757647
LogInit: Engine Version: 4.24.1-10757647+++UE4+Release-4.24
LogInit: Compatible Engine Version: 4.24.0-10570792+++UE4+Release-4.24
LogInit: Net CL: 10570792
LogInit: OS: Windows 10 (Release 1903) (), CPU: Intel(R) Core(TM) i7-8700 CPU @ 3.20GHz, GPU: Intel(R) UHD Graphics 630
LogInit: Compiled (64-bit): Dec 17 2019 02:08:03
LogInit: Compiled with Visual C++: 19.16.27032.01
LogInit: Build Configuration: Development
LogInit: Branch Name: ++UE4+Release-4.24
LogInit: Command Line: 
LogInit: Base Directory: D:/Epic Games/UE_4.24/Engine/Binaries/Win64/
LogInit: Installed Engine Build: 1
LogDevObjectVersion: Number of dev versions registered: 25
LogDevObjectVersion:   Dev-Blueprints (B0D832E4-1F89-4F0D-ACCF-7EB736FD4AA2): 10
LogDevObjectVersion:   Dev-Build (E1C64328-A22C-4D53-A36C-8E866417BD8C): 0
LogDevObjectVersion:   Dev-Core (375EC13C-06E4-48FB-B500-84F0262A717E): 3
LogDevObjectVersion:   Dev-Editor (E4B068ED-F494-42E9-A231-DA0B2E46BB41): 37
LogDevObjectVersion:   Dev-Framework (CFFC743F-43B0-4480-9391-14DF171D2073): 36
LogDevObjectVersion:   Dev-Mobile (B02B49B5-BB20-44E9-A304-32B752E40360): 2
LogDevObjectVersion:   Dev-Networking (A4E4105C-59A1-49B5-A7C5-40C4547EDFEE): 0
LogDevObjectVersion:   Dev-Online (39C831C9-5AE6-47DC-9A44-9C173E1C8E7C): 0
LogDevObjectVersion:   Dev-Physics (78F01B33-EBEA-4F98-B9B4-84EACCB95AA2): 2
LogDevObjectVersion:   Dev-Platform (6631380F-2D4D-43E0-8009-CF276956A95A): 0
LogDevObjectVersion:   Dev-Rendering (12F88B9F-8875-4AFC-A67C-D90C383ABD29): 36
LogDevObjectVersion:   Dev-Sequencer (7B5AE74C-D270-4C10-A958-57980B212A5A): 11
LogDevObjectVersion:   Dev-VR (D7296918-1DD6-4BDD-9DE2-64A83CC13884): 2
LogDevObjectVersion:   Dev-LoadTimes (C2A15278-BFE7-4AFE-6C17-90FF531DF755): 1
LogDevObjectVersion:   Private-Geometry (6EACA3D4-40EC-4CC1-B786-8BED09428FC5): 3
LogDevObjectVersion:   Dev-AnimPhys (29E575DD-E0A3-4627-9D10-D276232CDCEA): 17
LogDevObjectVersion:   Dev-Anim (AF43A65D-7FD3-4947-9873-3E8ED9C1BB05): 2
LogDevObjectVersion:   Dev-ReflectionCapture (6B266CEC-1EC7-4B8F-A30B-E4D90942FC07): 1
LogDevObjectVersion:   Dev-Automation (0DF73D61-A23F-47EA-B727-89E90C41499A): 1
LogDevObjectVersion:   FortniteMain (601D1886-AC64-4F84-AA16-D3DE0DEAC7D6): 31
LogDevObjectVersion:   Dev-Enterprise (9DFFBCD6-494F-0158-E221-12823C92A888): 8
LogDevObjectVersion:   Dev-Niagara (F2AED0AC-9AFE-416F-8664-AA7FFA26D6FC): 1
LogDevObjectVersion:   Dev-Destruction (174F1F0B-B4C6-45A5-B13F-2EE8D0FB917D): 9
LogDevObjectVersion:   Dev-Physics-Ext (35F94A83-E258-406C-A318-09F59610247C): 8
LogDevObjectVersion:   Dev-CineCamera (B2E18506-4273-CFC2-A54E-F4BB758BBA07): 1
LogInit: Presizing for max 25165824 objects, including 0 objects not considered by GC, pre-allocating 0 bytes for permanent pool.
LogInit: Object subsystem initialized
LogConfig: Setting CVar [[con.DebugEarlyDefault:1]]
LogConfig: Setting CVar [[r.setres:1280x720]]
[2020.01.08-05.51.48:024][  0]LogConfig: Setting CVar [[r.VSync:0]]
[2020.01.08-05.51.48:024][  0]LogConfig: Setting CVar [[r.RHICmdBypass:0]]
[2020.01.08-05.51.48:024][  0]LogConfig: Applying CVar settings from Section [/Script/Engine.RendererSettings] File [C:/Users/emile/Documents/Unreal Projects/islandgame/Saved/Config/Windows/Engine.ini]
[2020.01.08-05.51.48:024][  0]LogConfig: Setting CVar [[r.GPUCrashDebugging:0]]
[2020.01.08-05.51.48:024][  0]LogConfig: Applying CVar settings from Section [/Script/Engine.RendererOverrideSettings] File [C:/Users/emile/Documents/Unreal Projects/islandgame/Saved/Config/Windows/Engine.ini]
[2020.01.08-05.51.48:024][  0]LogConfig: Applying CVar settings from Section [/Script/Engine.StreamingSettings] File [C:/Users/emile/Documents/Unreal Projects/islandgame/Saved/Config/Windows/Engine.ini]
[2020.01.08-05.51.48:024][  0]LogConfig: Setting CVar [[s.MinBulkDataSizeForAsyncLoading:131072]]
[2020.01.08-05.51.48:024][  0]LogConfig: Setting CVar [[s.AsyncLoadingThreadEnabled:0]]
[2020.01.08-05.51.48:024][  0]LogConfig: Setting CVar [[s.EventDrivenLoaderEnabled:1]]
[2020.01.08-05.51.48:024][  0]LogConfig: Setting CVar [[s.WarnIfTimeLimitExceeded:0]]
[2020.01.08-05.51.48:024][  0]LogConfig: Setting CVar [[s.TimeLimitExceededMultiplier:1.5]]
[2020.01.08-05.51.48:024][  0]LogConfig: Setting CVar [[s.TimeLimitExceededMinTime:0.005]]
[2020.01.08-05.51.48:024][  0]LogConfig: Setting CVar [[s.UseBackgroundLevelStreaming:1]]
[2020.01.08-05.51.48:024][  0]LogConfig: Setting CVar [[s.PriorityAsyncLoadingExtraTime:15.0]]
[2020.01.08-05.51.48:024][  0]LogConfig: Setting CVar [[s.LevelStreamingActorsUpdateTimeLimit:5.0]]
[2020.01.08-05.51.48:024][  0]LogConfig: Setting CVar [[s.PriorityLevelStreamingActorsUpdateExtraTime:5.0]]
[2020.01.08-05.51.48:024][  0]LogConfig: Setting CVar [[s.LevelStreamingComponentsRegistrationGranularity:10]]
[2020.01.08-05.51.48:024][  0]LogConfig: Setting CVar [[s.UnregisterComponentsTimeLimit:1.0]]
[2020.01.08-05.51.48:024][  0]LogConfig: Setting CVar [[s.LevelStreamingComponentsUnregistrationGranularity:5]]
[2020.01.08-05.51.48:024][  0]LogConfig: Setting CVar [[s.FlushStreamingOnExit:1]]
[2020.01.08-05.51.48:024][  0]LogConfig: Applying CVar settings from Section [/Script/Engine.GarbageCollectionSettings] File [C:/Users/emile/Documents/Unreal Projects/islandgame/Saved/Config/Windows/Engine.ini]
[2020.01.08-05.51.48:024][  0]LogConfig: Setting CVar [[gc.MaxObjectsNotConsideredByGC:1]]
[2020.01.08-05.51.48:024][  0]LogConfig: Setting CVar [[gc.SizeOfPermanentObjectPool:0]]
[2020.01.08-05.51.48:024][  0]LogConfig: Setting CVar [[gc.FlushStreamingOnGC:0]]
[2020.01.08-05.51.48:024][  0]LogConfig: Setting CVar [[gc.NumRetriesBeforeForcingGC:10]]
[2020.01.08-05.51.48:024][  0]LogConfig: Setting CVar [[gc.AllowParallelGC:1]]
[2020.01.08-05.51.48:024][  0]LogConfig: Setting CVar [[gc.TimeBetweenPurgingPendingKillObjects:61.1]]
[2020.01.08-05.51.48:024][  0]LogConfig: Setting CVar [[gc.MaxObjectsInEditor:25165824]]
[2020.01.08-05.51.48:024][  0]LogConfig: Setting CVar [[gc.IncrementalBeginDestroyEnabled:1]]
[2020.01.08-05.51.48:024][  0]LogConfig: Setting CVar [[gc.CreateGCClusters:1]]
[2020.01.08-05.51.48:024][  0]LogConfig: Setting CVar [[gc.MinGCClusterSize:5]]
[2020.01.08-05.51.48:024][  0]LogConfig: Setting CVar [[gc.ActorClusteringEnabled:0]]
[2020.01.08-05.51.48:024][  0]LogConfig: Setting CVar [[gc.BlueprintClusteringEnabled:0]]
[2020.01.08-05.51.48:024][  0]LogConfig: Setting CVar [[gc.UseDisregardForGCOnDedicatedServers:0]]
[2020.01.08-05.51.48:024][  0]LogConfig: Applying CVar settings from Section [/Script/Engine.NetworkSettings] File [C:/Users/emile/Documents/Unreal Projects/islandgame/Saved/Config/Windows/Engine.ini]
[2020.01.08-05.51.48:024][  0]LogConfig: Applying CVar settings from Section [/Script/UnrealEd.CookerSettings] File [C:/Users/emile/Documents/Unreal Projects/islandgame/Saved/Config/Windows/Engine.ini]
[2020.01.08-05.51.48:028][  0]LogConfig: Applying CVar settings from Section [ViewDistanceQuality@3] File [C:/Users/emile/Documents/Unreal Projects/islandgame/Saved/Config/Windows/Scalability.ini]
[2020.01.08-05.51.48:028][  0]LogConfig: Setting CVar [[r.SkeletalMeshLODBias:0]]
[2020.01.08-05.51.48:028][  0]LogConfig: Setting CVar [[r.ViewDistanceScale:1.0]]
[2020.01.08-05.51.48:028][  0]LogConfig: Applying CVar settings from Section [AntiAliasingQuality@3] File [C:/Users/emile/Documents/Unreal Projects/islandgame/Saved/Config/Windows/Scalability.ini]
[2020.01.08-05.51.48:028][  0]LogConfig: Setting CVar [[r.PostProcessAAQuality:4]]
[2020.01.08-05.51.48:028][  0]LogConfig: Applying CVar settings from Section [ShadowQuality@3] File [C:/Users/emile/Documents/Unreal Projects/islandgame/Saved/Config/Windows/Scalability.ini]
[2020.01.08-05.51.48:028][  0]LogConfig: Setting CVar [[r.LightFunctionQuality:1]]
[2020.01.08-05.51.48:028][  0]LogConfig: Setting CVar [[r.ShadowQuality:5]]
[2020.01.08-05.51.48:028][  0]LogConfig: Setting CVar [[r.Shadow.CSM.MaxCascades:10]]
[2020.01.08-05.51.48:028][  0]LogConfig: Setting CVar [[r.Shadow.MaxResolution:2048]]
[2020.01.08-05.51.48:028][  0]LogConfig: Setting CVar [[r.Shadow.MaxCSMResolution:2048]]
[2020.01.08-05.51.48:028][  0]LogConfig: Setting CVar [[r.Shadow.RadiusThreshold:0.01]]
[2020.01.08-05.51.48:028][  0]LogConfig: Setting CVar [[r.Shadow.DistanceScale:1.0]]
[2020.01.08-05.51.48:028][  0]LogConfig: Setting CVar [[r.Shadow.CSM.TransitionScale:1.0]]
[2020.01.08-05.51.48:028][  0]LogConfig: Setting CVar [[r.Shadow.PreShadowResolutionFactor:1.0]]
[2020.01.08-05.51.48:028][  0]LogConfig: Setting CVar [[r.DistanceFieldShadowing:1]]
[2020.01.08-05.51.48:028][  0]LogConfig: Setting CVar [[r.DistanceFieldAO:1]]
[2020.01.08-05.51.48:028][  0]LogConfig: Setting CVar [[r.AOQuality:2]]
[2020.01.08-05.51.48:028][  0]LogConfig: Setting CVar [[r.VolumetricFog:1]]
[2020.01.08-05.51.48:028][  0]LogConfig: Setting CVar [[r.VolumetricFog.GridPixelSize:8]]
[2020.01.08-05.51.48:029][  0]LogConfig: Setting CVar [[r.VolumetricFog.GridSizeZ:128]]
[2020.01.08-05.51.48:029][  0]LogConfig: Setting CVar [[r.VolumetricFog.HistoryMissSupersampleCount:4]]
[2020.01.08-05.51.48:029][  0]LogConfig: Setting CVar [[r.LightMaxDrawDistanceScale:1]]
[2020.01.08-05.51.48:029][  0]LogConfig: Setting CVar [[r.CapsuleShadows:1]]
[2020.01.08-05.51.48:029][  0]LogConfig: Applying CVar settings from Section [PostProcessQuality@3] File [C:/Users/emile/Documents/Unreal Projects/islandgame/Saved/Config/Windows/Scalability.ini]
[2020.01.08-05.51.48:029][  0]LogConfig: Setting CVar [[r.MotionBlurQuality:4]]
[2020.01.08-05.51.48:029][  0]LogConfig: Setting CVar [[r.AmbientOcclusionMipLevelFactor:0.4]]
[2020.01.08-05.51.48:029][  0]LogConfig: Setting CVar [[r.AmbientOcclusionMaxQuality:100]]
[2020.01.08-05.51.48:029][  0]LogConfig: Setting CVar [[r.AmbientOcclusionLevels:-1]]
[2020.01.08-05.51.48:029][  0]LogConfig: Setting CVar [[r.AmbientOcclusionRadiusScale:1.0]]
[2020.01.08-05.51.48:029][  0]LogConfig: Setting CVar [[r.DepthOfFieldQuality:2]]
[2020.01.08-05.51.48:029][  0]LogConfig: Setting CVar [[r.RenderTargetPoolMin:400]]
[2020.01.08-05.51.48:029][  0]LogConfig: Setting CVar [[r.LensFlareQuality:2]]
[2020.01.08-05.51.48:029][  0]LogConfig: Setting CVar [[r.SceneColorFringeQuality:1]]
[2020.01.08-05.51.48:029][  0]LogConfig: Setting CVar [[r.EyeAdaptationQuality:2]]
[2020.01.08-05.51.48:029][  0]LogConfig: Setting CVar [[r.BloomQuality:5]]
[2020.01.08-05.51.48:029][  0]LogConfig: Setting CVar [[r.FastBlurThreshold:100]]
[2020.01.08-05.51.48:029][  0]LogConfig: Setting CVar [[r.Upscale.Quality:3]]
[2020.01.08-05.51.48:029][  0]LogConfig: Setting CVar [[r.Tonemapper.GrainQuantization:1]]
[2020.01.08-05.51.48:029][  0]LogConfig: Setting CVar [[r.LightShaftQuality:1]]
[2020.01.08-05.51.48:029][  0]LogConfig: Setting CVar [[r.Filter.SizeScale:1]]
[2020.01.08-05.51.48:029][  0]LogConfig: Setting CVar [[r.Tonemapper.Quality:5]]
[2020.01.08-05.51.48:029][  0]LogConfig: Setting CVar [[r.DOF.Gather.AccumulatorQuality:1        ; higher gathering accumulator quality]]
[2020.01.08-05.51.48:029][  0]LogConfig: Setting CVar [[r.DOF.Gather.PostfilterMethod:1          ; Median3x3 postfilering method]]
[2020.01.08-05.51.48:029][  0]LogConfig: Setting CVar [[r.DOF.Gather.EnableBokehSettings:0       ; no bokeh simulation when gathering]]
[2020.01.08-05.51.48:029][  0]LogConfig: Setting CVar [[r.DOF.Gather.RingCount:4                 ; medium number of samples when gathering]]
[2020.01.08-05.51.48:029][  0]LogConfig: Setting CVar [[r.DOF.Scatter.ForegroundCompositing:1    ; additive foreground scattering]]
[2020.01.08-05.51.48:029][  0]LogConfig: Setting CVar [[r.DOF.Scatter.BackgroundCompositing:2    ; additive background scattering]]
[2020.01.08-05.51.48:029][  0]LogConfig: Setting CVar [[r.DOF.Scatter.EnableBokehSettings:1      ; bokeh simulation when scattering]]
[2020.01.08-05.51.48:029][  0]LogConfig: Setting CVar [[r.DOF.Scatter.MaxSpriteRatio:0.1         ; only a maximum of 10% of scattered bokeh]]
[2020.01.08-05.51.48:029][  0]LogConfig: Setting CVar [[r.DOF.Recombine.Quality:1                ; cheap slight out of focus]]
[2020.01.08-05.51.48:029][  0]LogConfig: Setting CVar [[r.DOF.Recombine.EnableBokehSettings:0    ; no bokeh simulation on slight out of focus]]
[2020.01.08-05.51.48:029][  0]LogConfig: Setting CVar [[r.DOF.TemporalAAQuality:1                ; more stable temporal accumulation]]
[2020.01.08-05.51.48:029][  0]LogConfig: Setting CVar [[r.DOF.Kernel.MaxForegroundRadius:0.025]]
[2020.01.08-05.51.48:029][  0]LogConfig: Setting CVar [[r.DOF.Kernel.MaxBackgroundRadius:0.025]]
[2020.01.08-05.51.48:029][  0]LogConfig: Applying CVar settings from Section [TextureQuality@3] File [C:/Users/emile/Documents/Unreal Projects/islandgame/Saved/Config/Windows/Scalability.ini]
[2020.01.08-05.51.48:029][  0]LogConfig: Setting CVar [[r.Streaming.MipBias:0]]
[2020.01.08-05.51.48:029][  0]LogConfig: Setting CVar [[r.Streaming.AmortizeCPUToGPUCopy:0]]
[2020.01.08-05.51.48:029][  0]LogConfig: Setting CVar [[r.Streaming.MaxNumTexturesToStreamPerFrame:0]]
[2020.01.08-05.51.48:029][  0]LogConfig: Setting CVar [[r.Streaming.Boost:1]]
[2020.01.08-05.51.48:029][  0]LogConfig: Setting CVar [[r.MaxAnisotropy:8]]
[2020.01.08-05.51.48:029][  0]LogConfig: Setting CVar [[r.VT.MaxAnisotropy:8]]
[2020.01.08-05.51.48:029][  0]LogConfig: Setting CVar [[r.Streaming.LimitPoolSizeToVRAM:0]]
[2020.01.08-05.51.48:029][  0]LogConfig: Setting CVar [[r.Streaming.PoolSize:1000]]
[2020.01.08-05.51.48:029][  0]LogConfig: Setting CVar [[r.Streaming.MaxEffectiveScreenSize:0]]
[2020.01.08-05.51.48:029][  0]LogConfig: Applying CVar settings from Section [EffectsQuality@3] File [C:/Users/emile/Documents/Unreal Projects/islandgame/Saved/Config/Windows/Scalability.ini]
[2020.01.08-05.51.48:029][  0]LogConfig: Setting CVar [[r.TranslucencyLightingVolumeDim:64]]
[2020.01.08-05.51.48:029][  0]LogConfig: Setting CVar [[r.RefractionQuality:2]]
[2020.01.08-05.51.48:029][  0]LogConfig: Setting CVar [[r.SSR.Quality:3]]
[2020.01.08-05.51.48:029][  0]LogConfig: Setting CVar [[r.SSR.HalfResSceneColor:0]]
[2020.01.08-05.51.48:029][  0]LogConfig: Setting CVar [[r.SceneColorFormat:4]]
[2020.01.08-05.51.48:029][  0]LogConfig: Setting CVar [[r.DetailMode:2]]
[2020.01.08-05.51.48:029][  0]LogConfig: Setting CVar [[r.TranslucencyVolumeBlur:1]]
[2020.01.08-05.51.48:029][  0]LogConfig: Setting CVar [[r.MaterialQualityLevel:1 ; High quality]]
[2020.01.08-05.51.48:029][  0]LogConfig: Setting CVar [[r.SSS.Scale:1]]
[2020.01.08-05.51.48:029][  0]LogConfig: Setting CVar [[r.SSS.SampleSet:2]]
[2020.01.08-05.51.48:029][  0]LogConfig: Setting CVar [[r.SSS.Quality:1]]
[2020.01.08-05.51.48:029][  0]LogConfig: Setting CVar [[r.SSS.HalfRes:1]]
[2020.01.08-05.51.48:029][  0]LogConfig: Setting CVar [[r.SSGI.Quality:3]]
[2020.01.08-05.51.48:029][  0]LogConfig: Setting CVar [[r.EmitterSpawnRateScale:1.0]]
[2020.01.08-05.51.48:029][  0]LogConfig: Setting CVar [[r.ParticleLightQuality:2]]
[2020.01.08-05.51.48:029][  0]LogConfig: Setting CVar [[r.SkyAtmosphere.AerialPerspectiveLUT.FastApplyOnOpaque:1 ; Always have FastSkyLUT 1 in this case to avoid wrong sky]]
[2020.01.08-05.51.48:029][  0]LogConfig: Setting CVar [[r.SkyAtmosphere.AerialPerspectiveLUT.SampleCountPerSlice:1]]
[2020.01.08-05.51.48:029][  0]LogConfig: Setting CVar [[r.SkyAtmosphere.AerialPerspectiveLUT.DepthResolution:16.0]]
[2020.01.08-05.51.48:029][  0]LogConfig: Setting CVar [[r.SkyAtmosphere.FastSkyLUT:1]]
[2020.01.08-05.51.48:029][  0]LogConfig: Setting CVar [[r.SkyAtmosphere.FastSkyLUT.SampleCountMin:4.0]]
[2020.01.08-05.51.48:029][  0]LogConfig: Setting CVar [[r.SkyAtmosphere.FastSkyLUT.SampleCountMax:32.0]]
[2020.01.08-05.51.48:029][  0]LogConfig: Setting CVar [[r.SkyAtmosphere.SampleCountMin:4.0]]
[2020.01.08-05.51.48:029][  0]LogConfig: Setting CVar [[r.SkyAtmosphere.SampleCountMax:32.0]]
[2020.01.08-05.51.48:029][  0]LogConfig: Setting CVar [[r.SkyAtmosphere.TransmittanceLUT.UseSmallFormat:0]]
[2020.01.08-05.51.48:029][  0]LogConfig: Setting CVar [[r.SkyAtmosphere.TransmittanceLUT.SampleCount:10.0]]
[2020.01.08-05.51.48:029][  0]LogConfig: Setting CVar [[r.SkyAtmosphere.MultiScatteringLUT.SampleCount:15.0]]
[2020.01.08-05.51.48:029][  0]LogConfig: Applying CVar settings from Section [FoliageQuality@3] File [C:/Users/emile/Documents/Unreal Projects/islandgame/Saved/Config/Windows/Scalability.ini]
[2020.01.08-05.51.48:029][  0]LogConfig: Setting CVar [[foliage.DensityScale:1.0]]
[2020.01.08-05.51.48:029][  0]LogConfig: Setting CVar [[grass.DensityScale:1.0]]
[2020.01.08-05.51.48:029][  0]LogConfig: Applying CVar settings from Section [ShadingQuality@3] File [C:/Users/emile/Documents/Unreal Projects/islandgame/Saved/Config/Windows/Scalability.ini]
[2020.01.08-05.51.48:029][  0]LogConfig: Setting CVar [[r.HairStrands.SkyLighting.SampleCount:16]]
[2020.01.08-05.51.48:029][  0]LogConfig: Setting CVar [[r.HairStrands.SkyLighting.JitterIntegration:0]]
[2020.01.08-05.51.48:029][  0]LogConfig: Setting CVar [[r.HairStrands.SkyAO.SampleCount:16]]
[2020.01.08-05.51.48:029][  0]LogInit: Selected Device Profile: [Windows]
[2020.01.08-05.51.48:029][  0]LogInit: Applying CVar settings loaded from the selected device profile: [Windows]
[2020.01.08-05.51.48:031][  0]LogHAL: Display: Platform has ~ 16 GB [16993632256 / 17179869184 / 16], which maps to Larger [LargestMinGB=32, LargerMinGB=12, DefaultMinGB=8, SmallerMinGB=6, SmallestMinGB=0)
[2020.01.08-05.51.48:031][  0]LogInit: Going up to parent DeviceProfile []
[2020.01.08-05.51.48:031][  0]LogConfig: Applying CVar settings from Section [ViewDistanceQuality@3] File [C:/Users/emile/Documents/Unreal Projects/islandgame/Saved/Config/Windows/Scalability.ini]
[2020.01.08-05.51.48:031][  0]LogConfig: Setting CVar [[r.SkeletalMeshLODBias:0]]
[2020.01.08-05.51.48:031][  0]LogConfig: Setting CVar [[r.ViewDistanceScale:1.0]]
[2020.01.08-05.51.48:032][  0]LogConfig: Applying CVar settings from Section [AntiAliasingQuality@3] File [C:/Users/emile/Documents/Unreal Projects/islandgame/Saved/Config/Windows/Scalability.ini]
[2020.01.08-05.51.48:032][  0]LogConfig: Setting CVar [[r.PostProcessAAQuality:4]]
[2020.01.08-05.51.48:032][  0]LogConfig: Applying CVar settings from Section [ShadowQuality@3] File [C:/Users/emile/Documents/Unreal Projects/islandgame/Saved/Config/Windows/Scalability.ini]
[2020.01.08-05.51.48:032][  0]LogConfig: Setting CVar [[r.LightFunctionQuality:1]]
[2020.01.08-05.51.48:032][  0]LogConfig: Setting CVar [[r.ShadowQuality:5]]
[2020.01.08-05.51.48:032][  0]LogConfig: Setting CVar [[r.Shadow.CSM.MaxCascades:10]]
[2020.01.08-05.51.48:032][  0]LogConfig: Setting CVar [[r.Shadow.MaxResolution:2048]]
[2020.01.08-05.51.48:032][  0]LogConfig: Setting CVar [[r.Shadow.MaxCSMResolution:2048]]
[2020.01.08-05.51.48:032][  0]LogConfig: Setting CVar [[r.Shadow.RadiusThreshold:0.01]]
[2020.01.08-05.51.48:032][  0]LogConfig: Setting CVar [[r.Shadow.DistanceScale:1.0]]
[2020.01.08-05.51.48:032][  0]LogConfig: Setting CVar [[r.Shadow.CSM.TransitionScale:1.0]]
[2020.01.08-05.51.48:032][  0]LogConfig: Setting CVar [[r.Shadow.PreShadowResolutionFactor:1.0]]
[2020.01.08-05.51.48:032][  0]LogConfig: Setting CVar [[r.DistanceFieldShadowing:1]]
[2020.01.08-05.51.48:032][  0]LogConfig: Setting CVar [[r.DistanceFieldAO:1]]
[2020.01.08-05.51.48:032][  0]LogConfig: Setting CVar [[r.AOQuality:2]]
[2020.01.08-05.51.48:032][  0]LogConfig: Setting CVar [[r.VolumetricFog:1]]
[2020.01.08-05.51.48:032][  0]LogConfig: Setting CVar [[r.VolumetricFog.GridPixelSize:8]]
[2020.01.08-05.51.48:032][  0]LogConfig: Setting CVar [[r.VolumetricFog.GridSizeZ:128]]
[2020.01.08-05.51.48:032][  0]LogConfig: Setting CVar [[r.VolumetricFog.HistoryMissSupersampleCount:4]]
[2020.01.08-05.51.48:032][  0]LogConfig: Setting CVar [[r.LightMaxDrawDistanceScale:1]]
[2020.01.08-05.51.48:032][  0]LogConfig: Setting CVar [[r.CapsuleShadows:1]]
[2020.01.08-05.51.48:032][  0]LogConfig: Applying CVar settings from Section [PostProcessQuality@3] File [C:/Users/emile/Documents/Unreal Projects/islandgame/Saved/Config/Windows/Scalability.ini]
[2020.01.08-05.51.48:032][  0]LogConfig: Setting CVar [[r.MotionBlurQuality:4]]
[2020.01.08-05.51.48:032][  0]LogConfig: Setting CVar [[r.AmbientOcclusionMipLevelFactor:0.4]]
[2020.01.08-05.51.48:032][  0]LogConfig: Setting CVar [[r.AmbientOcclusionMaxQuality:100]]
[2020.01.08-05.51.48:032][  0]LogConfig: Setting CVar [[r.AmbientOcclusionLevels:-1]]
[2020.01.08-05.51.48:032][  0]LogConfig: Setting CVar [[r.AmbientOcclusionRadiusScale:1.0]]
[2020.01.08-05.51.48:032][  0]LogConfig: Setting CVar [[r.DepthOfFieldQuality:2]]
[2020.01.08-05.51.48:032][  0]LogConfig: Setting CVar [[r.RenderTargetPoolMin:400]]
[2020.01.08-05.51.48:032][  0]LogConfig: Setting CVar [[r.LensFlareQuality:2]]
[2020.01.08-05.51.48:032][  0]LogConfig: Setting CVar [[r.SceneColorFringeQuality:1]]
[2020.01.08-05.51.48:032][  0]LogConfig: Setting CVar [[r.EyeAdaptationQuality:2]]
[2020.01.08-05.51.48:032][  0]LogConfig: Setting CVar [[r.BloomQuality:5]]
[2020.01.08-05.51.48:032][  0]LogConfig: Setting CVar [[r.FastBlurThreshold:100]]
[2020.01.08-05.51.48:032][  0]LogConfig: Setting CVar [[r.Upscale.Quality:3]]
[2020.01.08-05.51.48:032][  0]LogConfig: Setting CVar [[r.Tonemapper.GrainQuantization:1]]
[2020.01.08-05.51.48:032][  0]LogConfig: Setting CVar [[r.LightShaftQuality:1]]
[2020.01.08-05.51.48:032][  0]LogConfig: Setting CVar [[r.Filter.SizeScale:1]]
[2020.01.08-05.51.48:032][  0]LogConfig: Setting CVar [[r.Tonemapper.Quality:5]]
[2020.01.08-05.51.48:032][  0]LogConfig: Setting CVar [[r.DOF.Gather.AccumulatorQuality:1        ; higher gathering accumulator quality]]
[2020.01.08-05.51.48:032][  0]LogConfig: Setting CVar [[r.DOF.Gather.PostfilterMethod:1          ; Median3x3 postfilering method]]
[2020.01.08-05.51.48:032][  0]LogConfig: Setting CVar [[r.DOF.Gather.EnableBokehSettings:0       ; no bokeh simulation when gathering]]
[2020.01.08-05.51.48:032][  0]LogConfig: Setting CVar [[r.DOF.Gather.RingCount:4                 ; medium number of samples when gathering]]
[2020.01.08-05.51.48:032][  0]LogConfig: Setting CVar [[r.DOF.Scatter.ForegroundCompositing:1    ; additive foreground scattering]]
[2020.01.08-05.51.48:032][  0]LogConfig: Setting CVar [[r.DOF.Scatter.BackgroundCompositing:2    ; additive background scattering]]
[2020.01.08-05.51.48:032][  0]LogConfig: Setting CVar [[r.DOF.Scatter.EnableBokehSettings:1      ; bokeh simulation when scattering]]
[2020.01.08-05.51.48:032][  0]LogConfig: Setting CVar [[r.DOF.Scatter.MaxSpriteRatio:0.1         ; only a maximum of 10% of scattered bokeh]]
[2020.01.08-05.51.48:032][  0]LogConfig: Setting CVar [[r.DOF.Recombine.Quality:1                ; cheap slight out of focus]]
[2020.01.08-05.51.48:032][  0]LogConfig: Setting CVar [[r.DOF.Recombine.EnableBokehSettings:0    ; no bokeh simulation on slight out of focus]]
[2020.01.08-05.51.48:032][  0]LogConfig: Setting CVar [[r.DOF.TemporalAAQuality:1                ; more stable temporal accumulation]]
[2020.01.08-05.51.48:032][  0]LogConfig: Setting CVar [[r.DOF.Kernel.MaxForegroundRadius:0.025]]
[2020.01.08-05.51.48:032][  0]LogConfig: Setting CVar [[r.DOF.Kernel.MaxBackgroundRadius:0.025]]
[2020.01.08-05.51.48:032][  0]LogConfig: Applying CVar settings from Section [TextureQuality@3] File [C:/Users/emile/Documents/Unreal Projects/islandgame/Saved/Config/Windows/Scalability.ini]
[2020.01.08-05.51.48:032][  0]LogConfig: Setting CVar [[r.Streaming.MipBias:0]]
[2020.01.08-05.51.48:032][  0]LogConfig: Setting CVar [[r.Streaming.AmortizeCPUToGPUCopy:0]]
[2020.01.08-05.51.48:032][  0]LogConfig: Setting CVar [[r.Streaming.MaxNumTexturesToStreamPerFrame:0]]
[2020.01.08-05.51.48:032][  0]LogConfig: Setting CVar [[r.Streaming.Boost:1]]
[2020.01.08-05.51.48:032][  0]LogConfig: Setting CVar [[r.MaxAnisotropy:8]]
[2020.01.08-05.51.48:032][  0]LogConfig: Setting CVar [[r.VT.MaxAnisotropy:8]]
[2020.01.08-05.51.48:032][  0]LogConfig: Setting CVar [[r.Streaming.LimitPoolSizeToVRAM:0]]
[2020.01.08-05.51.48:032][  0]LogConfig: Setting CVar [[r.Streaming.PoolSize:1000]]
[2020.01.08-05.51.48:032][  0]LogConfig: Setting CVar [[r.Streaming.MaxEffectiveScreenSize:0]]
[2020.01.08-05.51.48:032][  0]LogConfig: Applying CVar settings from Section [EffectsQuality@3] File [C:/Users/emile/Documents/Unreal Projects/islandgame/Saved/Config/Windows/Scalability.ini]
[2020.01.08-05.51.48:032][  0]LogConfig: Setting CVar [[r.TranslucencyLightingVolumeDim:64]]
[2020.01.08-05.51.48:032][  0]LogConfig: Setting CVar [[r.RefractionQuality:2]]
[2020.01.08-05.51.48:032][  0]LogConfig: Setting CVar [[r.SSR.Quality:3]]
[2020.01.08-05.51.48:032][  0]LogConfig: Setting CVar [[r.SSR.HalfResSceneColor:0]]
[2020.01.08-05.51.48:032][  0]LogConfig: Setting CVar [[r.SceneColorFormat:4]]
[2020.01.08-05.51.48:032][  0]LogConfig: Setting CVar [[r.DetailMode:2]]
[2020.01.08-05.51.48:032][  0]LogConfig: Setting CVar [[r.TranslucencyVolumeBlur:1]]
[2020.01.08-05.51.48:032][  0]LogConfig: Setting CVar [[r.MaterialQualityLevel:1 ; High quality]]
[2020.01.08-05.51.48:032][  0]LogConfig: Setting CVar [[r.SSS.Scale:1]]
[2020.01.08-05.51.48:032][  0]LogConfig: Setting CVar [[r.SSS.SampleSet:2]]
[2020.01.08-05.51.48:032][  0]LogConfig: Setting CVar [[r.SSS.Quality:1]]
[2020.01.08-05.51.48:032][  0]LogConfig: Setting CVar [[r.SSS.HalfRes:1]]
[2020.01.08-05.51.48:032][  0]LogConfig: Setting CVar [[r.SSGI.Quality:3]]
[2020.01.08-05.51.48:032][  0]LogConfig: Setting CVar [[r.EmitterSpawnRateScale:1.0]]
[2020.01.08-05.51.48:032][  0]LogConfig: Setting CVar [[r.ParticleLightQuality:2]]
[2020.01.08-05.51.48:032][  0]LogConfig: Setting CVar [[r.SkyAtmosphere.AerialPerspectiveLUT.FastApplyOnOpaque:1 ; Always have FastSkyLUT 1 in this case to avoid wrong sky]]
[2020.01.08-05.51.48:032][  0]LogConfig: Setting CVar [[r.SkyAtmosphere.AerialPerspectiveLUT.SampleCountPerSlice:1]]
[2020.01.08-05.51.48:032][  0]LogConfig: Setting CVar [[r.SkyAtmosphere.AerialPerspectiveLUT.DepthResolution:16.0]]
[2020.01.08-05.51.48:032][  0]LogConfig: Setting CVar [[r.SkyAtmosphere.FastSkyLUT:1]]
[2020.01.08-05.51.48:032][  0]LogConfig: Setting CVar [[r.SkyAtmosphere.FastSkyLUT.SampleCountMin:4.0]]
[2020.01.08-05.51.48:032][  0]LogConfig: Setting CVar [[r.SkyAtmosphere.FastSkyLUT.SampleCountMax:32.0]]
[2020.01.08-05.51.48:032][  0]LogConfig: Setting CVar [[r.SkyAtmosphere.SampleCountMin:4.0]]
[2020.01.08-05.51.48:033][  0]LogConfig: Setting CVar [[r.SkyAtmosphere.SampleCountMax:32.0]]
[2020.01.08-05.51.48:033][  0]LogConfig: Setting CVar [[r.SkyAtmosphere.TransmittanceLUT.UseSmallFormat:0]]
[2020.01.08-05.51.48:033][  0]LogConfig: Setting CVar [[r.SkyAtmosphere.TransmittanceLUT.SampleCount:10.0]]
[2020.01.08-05.51.48:033][  0]LogConfig: Setting CVar [[r.SkyAtmosphere.MultiScatteringLUT.SampleCount:15.0]]
[2020.01.08-05.51.48:033][  0]LogConfig: Applying CVar settings from Section [FoliageQuality@3] File [C:/Users/emile/Documents/Unreal Projects/islandgame/Saved/Config/Windows/Scalability.ini]
[2020.01.08-05.51.48:033][  0]LogConfig: Setting CVar [[foliage.DensityScale:1.0]]
[2020.01.08-05.51.48:033][  0]LogConfig: Setting CVar [[grass.DensityScale:1.0]]
[2020.01.08-05.51.48:033][  0]LogConfig: Applying CVar settings from Section [ShadingQuality@3] File [C:/Users/emile/Documents/Unreal Projects/islandgame/Saved/Config/Windows/Scalability.ini]
[2020.01.08-05.51.48:033][  0]LogConfig: Setting CVar [[r.HairStrands.SkyLighting.SampleCount:16]]
[2020.01.08-05.51.48:033][  0]LogConfig: Setting CVar [[r.HairStrands.SkyLighting.JitterIntegration:0]]
[2020.01.08-05.51.48:033][  0]LogConfig: Setting CVar [[r.HairStrands.SkyAO.SampleCount:16]]
[2020.01.08-05.51.48:033][  0]LogConfig: Applying CVar settings from Section [Startup] File [../../../Engine/Config/ConsoleVariables.ini]
[2020.01.08-05.51.48:033][  0]LogConfig: Setting CVar [[net.UseAdaptiveNetUpdateFrequency:0]]
[2020.01.08-05.51.48:033][  0]LogConfig: Setting CVar [[p.chaos.AllowCreatePhysxBodies:1]]
[2020.01.08-05.51.48:033][  0]LogConfig: Applying CVar settings from Section [ConsoleVariables] File [C:/Users/emile/Documents/Unreal Projects/islandgame/Saved/Config/Windows/Engine.ini]
[2020.01.08-05.51.48:033][  0]LogInit: Computer: DESKTOP-U7NDJ5L
[2020.01.08-05.51.48:033][  0]LogInit: User: emile
[2020.01.08-05.51.48:033][  0]LogInit: CPU Page size=4096, Cores=6
[2020.01.08-05.51.48:033][  0]LogInit: High frequency timer resolution =10.000000 MHz
[2020.01.08-05.51.48:033][  0]LogMemory: Memory total: Physical=15.8GB (16GB approx)
[2020.01.08-05.51.48:033][  0]LogMemory: Platform Memory Stats for Windows
[2020.01.08-05.51.48:033][  0]LogMemory: Process Physical Memory: 105.35 MB used, 105.36 MB peak
[2020.01.08-05.51.48:033][  0]LogMemory: Process Virtual Memory: 101.67 MB used, 101.67 MB peak
[2020.01.08-05.51.48:033][  0]LogMemory: Physical Memory: 7965.01 MB used,  8241.38 MB free, 16206.39 MB total
[2020.01.08-05.51.48:033][  0]LogMemory: Virtual Memory: 5159.21 MB used,  134212568.00 MB free, 134217728.00 MB total
[2020.01.08-05.51.48:035][  0]LogWindows: WindowsPlatformFeatures enabled
[2020.01.08-05.51.48:048][  0]LogInit: Using OS detected language (en-US).
[2020.01.08-05.51.48:048][  0]LogInit: Using OS detected locale (en-US).
[2020.01.08-05.51.48:048][  0]LogTextLocalizationManager: No specific localization for 'en-US' exists, so the 'en' localization will be used.
[2020.01.08-05.51.48:186][  0]LogInit: Setting process to per monitor DPI aware
[2020.01.08-05.51.48:212][  0]LogSlate: New Slate User Created.  User Index 0, Is Virtual User: 0
[2020.01.08-05.51.48:212][  0]LogSlate: Slate User Registered.  User Index 0, Is Virtual User: 0
[2020.01.08-05.51.48:316][  0]LogHMD: Failed to initialize OpenVR with code 110
[2020.01.08-05.51.48:316][  0]LogD3D11RHI: D3D11 min allowed feature level: 11_0
[2020.01.08-05.51.48:316][  0]LogD3D11RHI: D3D11 max allowed feature level: 11_0
[2020.01.08-05.51.48:316][  0]LogD3D11RHI: D3D11 adapters:
[2020.01.08-05.51.48:348][  0]LogD3D11RHI:    0. 'Intel(R) UHD Graphics 630' (Feature Level 11_0)
[2020.01.08-05.51.48:348][  0]LogD3D11RHI:       128/0/8103 MB DedicatedVideo/DedicatedSystem/SharedSystem, Outputs:2, VendorId:0x8086
[2020.01.08-05.51.48:351][  0]LogD3D11RHI:    1. 'Microsoft Basic Render Driver' (Feature Level 11_0)
[2020.01.08-05.51.48:351][  0]LogD3D11RHI:       0/0/8103 MB DedicatedVideo/DedicatedSystem/SharedSystem, Outputs:0, VendorId:0x1414
[2020.01.08-05.51.48:351][  0]LogD3D11RHI: Chosen D3D11 Adapter: 0
[2020.01.08-05.51.48:357][  0]LogD3D11RHI: Creating new Direct3DDevice
[2020.01.08-05.51.48:357][  0]LogD3D11RHI:     GPU DeviceId: 0x3e92 (for the marketing name, search the web for "GPU Device Id")
[2020.01.08-05.51.48:357][  0]LogWindows: EnumDisplayDevices:
[2020.01.08-05.51.48:357][  0]LogWindows:    0. 'Intel(R) UHD Graphics 630' (P:0 D:1)
[2020.01.08-05.51.48:358][  0]LogWindows:    1. 'Intel(R) UHD Graphics 630' (P:1 D:1)
[2020.01.08-05.51.48:358][  0]LogWindows:    2. 'Intel(R) UHD Graphics 630' (P:0 D:0)
[2020.01.08-05.51.48:358][  0]LogWindows: DebugString: FoundDriverCount:3 
[2020.01.08-05.51.48:358][  0]LogD3D11RHI:     Adapter Name: Intel(R) UHD Graphics 630
[2020.01.08-05.51.48:358][  0]LogD3D11RHI:   Driver Version: 25.20.100.6617 (internal:25.20.100.6617, unified:25.20.100.6617)
[2020.01.08-05.51.48:358][  0]LogD3D11RHI:      Driver Date: 3-8-2019
[2020.01.08-05.51.48:358][  0]LogRHI: Texture pool is 1523 MB (70% of 2176 MB)
[2020.01.08-05.51.48:392][  0]LogD3D11RHI: RHI does not have support for 64 bit atomics
[2020.01.08-05.51.48:393][  0]LogD3D11RHI: [IntelMetricsDiscovery] Started
[2020.01.08-05.51.48:393][  0]LogD3D11RHI: Async texture creation enabled
[2020.01.08-05.51.48:398][  0]LogD3D11RHI: GPU Timing Frequency: 12.000048 (Debug: 2 0)
[2020.01.08-05.51.48:666][  0]LogTargetPlatformManager: Display: Loaded TargetPlatform 'AllDesktop'
[2020.01.08-05.51.48:690][  0]LogTargetPlatformManager: Display: Loaded TargetPlatform 'Android'
[2020.01.08-05.51.48:690][  0]LogTargetPlatformManager: Display: Loaded TargetPlatform 'Android_ASTC'
[2020.01.08-05.51.48:690][  0]LogTargetPlatformManager: Display: Loaded TargetPlatform 'Android_ATC'
[2020.01.08-05.51.48:690][  0]LogTargetPlatformManager: Display: Loaded TargetPlatform 'Android_DXT'
[2020.01.08-05.51.48:690][  0]LogTargetPlatformManager: Display: Loaded TargetPlatform 'Android_ETC1'
[2020.01.08-05.51.48:690][  0]LogTargetPlatformManager: Display: Loaded TargetPlatform 'Android_ETC1a'
[2020.01.08-05.51.48:690][  0]LogTargetPlatformManager: Display: Loaded TargetPlatform 'Android_ETC2'
[2020.01.08-05.51.48:690][  0]LogTargetPlatformManager: Display: Loaded TargetPlatform 'Android_PVRTC'
[2020.01.08-05.51.48:690][  0]LogTargetPlatformManager: Display: Loaded TargetPlatform 'AndroidClient'
[2020.01.08-05.51.48:690][  0]LogTargetPlatformManager: Display: Loaded TargetPlatform 'Android_ASTCClient'
[2020.01.08-05.51.48:690][  0]LogTargetPlatformManager: Display: Loaded TargetPlatform 'Android_ATCClient'
[2020.01.08-05.51.48:690][  0]LogTargetPlatformManager: Display: Loaded TargetPlatform 'Android_DXTClient'
[2020.01.08-05.51.48:690][  0]LogTargetPlatformManager: Display: Loaded TargetPlatform 'Android_ETC1Client'
[2020.01.08-05.51.48:690][  0]LogTargetPlatformManager: Display: Loaded TargetPlatform 'Android_ETC1aClient'
[2020.01.08-05.51.48:690][  0]LogTargetPlatformManager: Display: Loaded TargetPlatform 'Android_ETC2Client'
[2020.01.08-05.51.48:690][  0]LogTargetPlatformManager: Display: Loaded TargetPlatform 'Android_PVRTCClient'
[2020.01.08-05.51.48:690][  0]LogTargetPlatformManager: Display: Loaded TargetPlatform 'Android_Multi'
[2020.01.08-05.51.48:690][  0]LogTargetPlatformManager: Display: Loaded TargetPlatform 'Android_MultiClient'
[2020.01.08-05.51.48:704][  0]LogTargetPlatformManager: Display: Loaded TargetPlatform 'IOSClient'
[2020.01.08-05.51.48:704][  0]LogTargetPlatformManager: Display: Loaded TargetPlatform 'IOS'
[2020.01.08-05.51.48:710][  0]LogTargetPlatformManager: Display: Loaded TargetPlatform 'LinuxNoEditor'
[2020.01.08-05.51.48:715][  0]LogTargetPlatformManager: Display: Loaded TargetPlatform 'LinuxClient'
[2020.01.08-05.51.48:721][  0]LogTargetPlatformManager: Display: Loaded TargetPlatform 'LinuxServer'
[2020.01.08-05.51.48:726][  0]LogTargetPlatformManager: Display: Loaded TargetPlatform 'LinuxAArch64NoEditor'
[2020.01.08-05.51.48:730][  0]LogTargetPlatformManager: Display: Loaded TargetPlatform 'LinuxAArch64Client'
[2020.01.08-05.51.48:736][  0]LogTargetPlatformManager: Display: Loaded TargetPlatform 'LinuxAArch64Server'
[2020.01.08-05.51.48:756][  0]LogTargetPlatformManager: Display: Loaded TargetPlatform 'Lumin'
[2020.01.08-05.51.48:756][  0]LogTargetPlatformManager: Display: Loaded TargetPlatform 'LuminClient'
[2020.01.08-05.51.48:766][  0]LogTargetPlatformManager: Display: Loaded TargetPlatform 'TVOSClient'
[2020.01.08-05.51.48:766][  0]LogTargetPlatformManager: Display: Loaded TargetPlatform 'TVOS'
[2020.01.08-05.51.48:772][  0]LogTargetPlatformManager: Display: Loaded TargetPlatform 'WindowsNoEditor'
[2020.01.08-05.51.48:778][  0]LogTargetPlatformManager: Display: Loaded TargetPlatform 'Windows'
[2020.01.08-05.51.48:784][  0]LogTargetPlatformManager: Display: Loaded TargetPlatform 'WindowsClient'
[2020.01.08-05.51.48:791][  0]LogTargetPlatformManager: Display: Loaded TargetPlatform 'WindowsServer'
[2020.01.08-05.51.48:791][  0]LogTargetPlatformManager: Display: Building Assets For Windows
[2020.01.08-05.51.48:794][  0]LogAudioDebug: Display: Lib vorbis DLL was dynamically loaded.
[2020.01.08-05.51.48:811][  0]LogShaderCompilers: Guid format shader working directory is -6 characters bigger than the processId version (C:/Users/emile/Documents/Unreal Projects/islandgame/Intermediate/Shaders/WorkingDirectory/14164/).
[2020.01.08-05.51.48:811][  0]LogShaderCompilers: Cleaned the shader compiler working directory 'C:/Users/emile/AppData/Local/Temp/UnrealShaderWorkingDir/0DC4261D4BEC310A2DCB42A06BCD33D7/'.
[2020.01.08-05.51.48:812][  0]LogXGEController: Cannot use XGE Controller as Incredibuild is not installed on this machine.
[2020.01.08-05.51.48:812][  0]LogShaderCompilers: Cannot use XGE Shader Compiler as Incredibuild is not installed on this machine.
[2020.01.08-05.51.48:812][  0]LogShaderCompilers: Display: Using Local Shader Compiler.
[2020.01.08-05.51.49:363][  0]LogDerivedDataCache: Display: Max Cache Size: 512 MB
[2020.01.08-05.51.49:405][  0]LogDerivedDataCache: Loaded boot cache 0.04s 78MB C:/Users/emile/AppData/Local/UnrealEngine/4.24/DerivedDataCache/Boot.ddc.
[2020.01.08-05.51.49:405][  0]LogDerivedDataCache: Display: Loaded Boot cache: C:/Users/emile/AppData/Local/UnrealEngine/4.24/DerivedDataCache/Boot.ddc
[2020.01.08-05.51.49:405][  0]LogDerivedDataCache: FDerivedDataBackendGraph:  Pak pak cache file C:/Users/emile/Documents/Unreal Projects/islandgame/DerivedDataCache/DDC.ddp not found, will not use a pak cache.
[2020.01.08-05.51.49:405][  0]LogDerivedDataCache: Unable to find inner node Pak for hierarchical cache Hierarchy.
[2020.01.08-05.51.49:405][  0]LogDerivedDataCache: FDerivedDataBackendGraph:  CompressedPak pak cache file C:/Users/emile/Documents/Unreal Projects/islandgame/DerivedDataCache/Compressed.ddp not found, will not use a pak cache.
[2020.01.08-05.51.49:405][  0]LogDerivedDataCache: Unable to find inner node CompressedPak for hierarchical cache Hierarchy.
[2020.01.08-05.51.49:416][  0]LogDerivedDataCache: Display: Pak cache opened for reading ../../../Engine/DerivedDataCache/Compressed.ddp.
[2020.01.08-05.51.49:416][  0]LogDerivedDataCache: FDerivedDataBackendGraph:  EnterprisePak pak cache file ../../../Enterprise/DerivedDataCache/Compressed.ddp not found, will not use a pak cache.
[2020.01.08-05.51.49:416][  0]LogDerivedDataCache: Unable to find inner node EnterprisePak for hierarchical cache Hierarchy.
[2020.01.08-05.51.49:417][  0]LogDerivedDataCache: Using Local data cache path C:/Users/emile/AppData/Local/UnrealEngine/Common/DerivedDataCache: Writable
[2020.01.08-05.51.49:418][  0]LogDerivedDataCache: Shared data cache path not found in *engine.ini, will not use an Shared cache.
[2020.01.08-05.51.49:418][  0]LogDerivedDataCache: Unable to find inner node Shared for hierarchical cache Hierarchy.
[2020.01.08-05.51.49:437][  0]LogMaterial: Verifying Global Shaders for PCD3D_SM5
[2020.01.08-05.51.49:439][  0]LogSlate: Using FreeType 2.10.0
[2020.01.08-05.51.49:439][  0]LogSlate: SlateFontServices - WITH_FREETYPE: 1, WITH_HARFBUZZ: 1
[2020.01.08-05.51.49:479][  0]LogAssetRegistry: FAssetRegistry took 0.0019 seconds to start up
[2020.01.08-05.51.49:697][  0]LogInit: Selected Device Profile: [Windows]
[2020.01.08-05.51.49:813][  0]LogMeshReduction: Using QuadricMeshReduction for automatic static mesh reduction
[2020.01.08-05.51.49:813][  0]LogMeshReduction: Using SimplygonMeshReduction for automatic skeletal mesh reduction
[2020.01.08-05.51.49:813][  0]LogMeshReduction: Using ProxyLODMeshReduction for automatic mesh merging
[2020.01.08-05.51.49:813][  0]LogMeshReduction: No distributed automatic mesh merging module available
[2020.01.08-05.51.49:813][  0]LogMeshMerging: No distributed automatic mesh merging module available
[2020.01.08-05.51.49:823][  0]LogNetVersion: islandgame 1.0.0, NetCL: 10570792, EngineNetVer: 13, GameNetVer: 0 (Checksum: 4033243900)
[2020.01.08-05.51.50:550][  0]LogPackageLocalizationCache: Processed 10 localized package path(s) for 1 prioritized culture(s) in 0.023924 seconds
[2020.01.08-05.51.50:555][  0]LogUObjectArray: 46750 objects as part of root set at end of initial load.
[2020.01.08-05.51.50:555][  0]LogUObjectAllocator: 8137160 out of 0 bytes used by permanent object pool.
[2020.01.08-05.51.50:555][  0]LogUObjectArray: CloseDisregardForGC: 0/0 objects in disregard for GC pool
[2020.01.08-05.51.50:828][  0]LogTcpMessaging: Initializing TcpMessaging bridge
[2020.01.08-05.51.50:830][  0]LogUdpMessaging: Initializing bridge on interface 0.0.0.0:0 to multicast group 230.0.0.1:6666.
[2020.01.08-05.51.50:864][  0]SourceControl: Source control is disabled
[2020.01.08-05.51.50:864][  0]SourceControl: Source control is disabled
[2020.01.08-05.51.50:865][  0]SourceControl: Source control is disabled
[2020.01.08-05.51.50:866][  0]SourceControl: Source control is disabled
[2020.01.08-05.51.50:866][  0]SourceControl: Source control is disabled
[2020.01.08-05.51.50:872][  0]LogVSAccessor: Display: Unable to create Visual Studio setup instance: 80040154
[2020.01.08-05.51.50:872][  0]LogVSAccessor: Display: Unable to create Visual Studio setup instance: 80040154
[2020.01.08-05.51.50:920][  0]LogAndroidPermission: UAndroidPermissionCallbackProxy::GetInstance
[2020.01.08-05.51.50:927][  0]LogAudioCaptureCore: Display: No Audio Capture implementations found. Audio input will be silent.
[2020.01.08-05.51.50:927][  0]LogAudioCaptureCore: Display: No Audio Capture implementations found. Audio input will be silent.
[2020.01.08-05.51.50:990][  0]LogOcInput: OculusInput pre-init called
[2020.01.08-05.51.50:995][  0]LogWindows: Failed to load 'OVRPlugin.dll' (GetLastError=126)
[2020.01.08-05.51.50:995][  0]LogWindows: File 'OVRPlugin.dll' does not exist
[2020.01.08-05.51.51:048][  0]LogEngine: Initializing Engine...
[2020.01.08-05.51.51:049][  0]LogHMD: Failed to initialize OpenVR with code 110
[2020.01.08-05.51.51:050][  0]LogStats: UGameplayTagsManager::InitializeManager -  0.000 s
[2020.01.08-05.51.51:324][  0]LogInit: Initializing FReadOnlyCVARCache
[2020.01.08-05.51.51:329][  0]LogAIModule: Creating AISystem for world Untitled
[2020.01.08-05.51.51:338][  0]LogAudioMixer: Display: Audio Mixer Platform Settings:
[2020.01.08-05.51.51:338][  0]LogAudioMixer: Display: 	Sample Rate:						  48000
[2020.01.08-05.51.51:338][  0]LogAudioMixer: Display: 	Callback Buffer Frame Size Requested: 1024
[2020.01.08-05.51.51:338][  0]LogAudioMixer: Display: 	Callback Buffer Frame Size To Use:	  1024
[2020.01.08-05.51.51:338][  0]LogAudioMixer: Display: 	Number of buffers to queue:			  2
[2020.01.08-05.51.51:338][  0]LogAudioMixer: Display: 	Max Channels (voices):				  32
[2020.01.08-05.51.51:338][  0]LogAudioMixer: Display: 	Number of Async Source Workers:		  0
[2020.01.08-05.51.51:338][  0]LogAudio: Display: AudioDevice MaxSources: 32
[2020.01.08-05.51.51:338][  0]LogAudio: Display: Using built-in audio occlusion.
[2020.01.08-05.51.51:338][  0]LogAudioMixer: Display: Initializing audio mixer.
[2020.01.08-05.51.51:359][  0]LogAudioMixer: Display: Audio Device Output Speaker Info:
[2020.01.08-05.51.51:359][  0]LogAudioMixer: Display: Name: Speakers/Headphones (Realtek(R) Audio)
[2020.01.08-05.51.51:359][  0]LogAudioMixer: Display: Is Default: Yes
[2020.01.08-05.51.51:359][  0]LogAudioMixer: Display: Sample Rate: 48000
[2020.01.08-05.51.51:359][  0]LogAudioMixer: Display: Channel Count Used: 2
[2020.01.08-05.51.51:359][  0]LogAudioMixer: Display: Device Channel Count: 2
[2020.01.08-05.51.51:359][  0]LogAudioMixer: Display: Channel Order:
[2020.01.08-05.51.51:359][  0]LogAudioMixer: Display: 0: FrontLeft
[2020.01.08-05.51.51:360][  0]LogAudioMixer: Display: 1: FrontRight
[2020.01.08-05.51.51:443][  0]LogAudioMixer: Display: Using Audio Device Speakers/Headphones (Realtek(R) Audio)
[2020.01.08-05.51.51:446][  0]LogInit: FAudioDevice initialized.
[2020.01.08-05.51.51:446][  0]LogNetVersion: Set ProjectVersion to 1.0.0.0. Version Checksum will be recalculated on next use.
[2020.01.08-05.51.51:985][  0]LogDerivedDataCache: Saved boot cache 0.54s 78MB C:/Users/emile/AppData/Local/UnrealEngine/4.24/DerivedDataCache/Boot.ddc.
[2020.01.08-05.51.51:986][  0]LogInit: Texture streaming: Enabled
[2020.01.08-05.51.51:994][  0]LogEngineSessionManager: EngineSessionManager initialized
[2020.01.08-05.51.51:994][  0]LogEditorSessionSummary: Verbose: Initializing EditorSessionSummaryWriter for editor session tracking
[2020.01.08-05.51.51:999][  0]LogEditorSessionSummary: EditorSessionSummaryWriter initialized
[2020.01.08-05.51.52:022][  0]LogInit: Transaction tracking system initialized
[2020.01.08-05.51.52:029][  0]BlueprintLog: New page: Editor Load
[2020.01.08-05.51.52:047][  0]LocalizationService: Localization service is disabled
[2020.01.08-05.51.52:081][  0]LogVSAccessor: Display: Unable to create Visual Studio setup instance: 80040154
[2020.01.08-05.51.52:082][  0]LogVSAccessor: Display: Unable to create Visual Studio setup instance: 80040154
[2020.01.08-05.51.52:230][  0]LogFileCache: Scanning file cache for directory 'C:/Users/emile/Documents/Unreal Projects/islandgame/Content/' took 0.00s
[2020.01.08-05.51.52:230][  0]LogCook: Display: Max memory allowance for cook 16384mb min free memory 0mb
[2020.01.08-05.51.52:230][  0]LogCook: Display: Mobile HDR setting 1
[2020.01.08-05.51.52:695][  0]SourceControl: Source control is disabled
[2020.01.08-05.51.52:695][  0]Cmd: MAP LOAD FILE="C:/Users/emile/Documents/Unreal Projects/islandgame/Content/ThirdPersonBP/Maps/ThirdPersonExampleMap.umap" TEMPLATE=0 SHOWPROGRESS=1 FEATURELEVEL=3
[2020.01.08-05.51.52:695][  0]LightingResults: New page: Lighting Build
[2020.01.08-05.51.52:696][  0]LogWorld: UWorld::CleanupWorld for Untitled, bSessionEnded=true, bCleanupResources=true
[2020.01.08-05.51.52:696][  0]LogSlate: InvalidateAllWidgets triggered.  All widgets were invalidated
[2020.01.08-05.51.52:696][  0]MapCheck: New page: Map Check
[2020.01.08-05.51.52:696][  0]LightingResults: New page: Lighting Build
[2020.01.08-05.51.52:720][  0]LogUObjectHash: Compacting FUObjectHashTables data took   1.40ms
[2020.01.08-05.51.52:979][  0]LogAIModule: Creating AISystem for world ThirdPersonExampleMap
[2020.01.08-05.51.52:984][  0]LogEditorServer: Finished looking for orphan Actors (0.000 secs)
[2020.01.08-05.51.53:029][  0]LogUObjectHash: Compacting FUObjectHashTables data took   2.41ms
[2020.01.08-05.51.53:029][  0]Cmd: MAP CHECKDEP NOCLEARLOG
[2020.01.08-05.51.53:029][  0]MapCheck: Map check complete: 0 Error(s), 0 Warning(s), took 0.21ms to complete.
[2020.01.08-05.51.53:029][  0]LogFileHelpers: Loading map 'ThirdPersonExampleMap' took 0.334
[2020.01.08-05.51.53:176][  0]LogSlate: Updating window title bar state: overlay mode, drag disabled, window buttons hidden, title bar hidden
[2020.01.08-05.51.53:181][  0]LogSlate: Updating window title bar state: overlay mode, drag disabled, window buttons hidden, title bar hidden
[2020.01.08-05.51.53:187][  0]LogSlate: Updating window title bar state: overlay mode, drag disabled, window buttons hidden, title bar hidden
[2020.01.08-05.51.53:192][  0]LogSlate: Updating window title bar state: overlay mode, drag disabled, window buttons hidden, title bar hidden
[2020.01.08-05.51.53:197][  0]LogCollectionManager: Loaded 0 collections in 0.000678 seconds
[2020.01.08-05.51.53:206][  0]LogFileCache: Scanning file cache for directory 'C:/Users/emile/Documents/Unreal Projects/islandgame/Saved/Collections/' took 0.00s
[2020.01.08-05.51.53:206][  0]LogFileCache: Scanning file cache for directory 'C:/Users/emile/Documents/Unreal Projects/islandgame/Content/Developers/emile/Collections/' took 0.00s
[2020.01.08-05.51.53:206][  0]LogFileCache: Scanning file cache for directory 'C:/Users/emile/Documents/Unreal Projects/islandgame/Content/Collections/' took 0.00s
[2020.01.08-05.51.53:206][  0]LogContentBrowser: Native class hierarchy populated in 0.0062 seconds. Added 3015 classes and 717 folders.
[2020.01.08-05.51.53:208][  0]LogContentBrowser: Native class hierarchy updated for 'WidgetCarousel' in 0.0002 seconds. Added 0 classes and 0 folders.
[2020.01.08-05.51.53:240][  0]LogContentBrowser: Native class hierarchy updated for 'AddContentDialog' in 0.0002 seconds. Added 0 classes and 0 folders.
[2020.01.08-05.51.53:243][  0]LogContentBrowser: Native class hierarchy updated for 'SceneOutliner' in 0.0002 seconds. Added 2 classes and 3 folders.
[2020.01.08-05.51.53:283][  0]LogSlate: Took 0.000259 seconds to synchronously load lazily loaded font '../../../Engine/Content/Slate/Fonts/Roboto-Regular.ttf' (155K)
[2020.01.08-05.51.53:285][  0]LogSlate: Took 0.000145 seconds to synchronously load lazily loaded font '../../../Engine/Content/Slate/Fonts/Roboto-Bold.ttf' (160K)
[2020.01.08-05.51.53:289][  0]LogSlate: Took 0.000138 seconds to synchronously load lazily loaded font '../../../Engine/Content/Editor/Slate/Fonts/FontAwesome.ttf' (139K)
[2020.01.08-05.51.53:359][  0]LogRenderer: Reallocating scene render targets to support 1288x628 Format 10 NumSamples 1 (Frame:1).
[2020.01.08-05.51.53:466][  0]LogContentBrowser: Native class hierarchy updated for 'HierarchicalLODOutliner' in 0.0004 seconds. Added 0 classes and 0 folders.
[2020.01.08-05.51.53:466][  0]LogLoad: (Engine Initialization) Total time: 6.22 seconds
[2020.01.08-05.51.53:466][  0]LogLoad: (Engine Initialization) Total Blueprint compile time: 0.00 seconds
[2020.01.08-05.51.53:503][  0]LogAssetRegistry: Asset discovery search completed in 4.0246 seconds
[2020.01.08-05.51.53:506][  0]LogCollectionManager: Fixed up redirectors for 0 collections in 0.000007 seconds (updated 0 objects)
[2020.01.08-05.51.53:507][  0]LogContentStreaming: Texture pool size now 1000 MB
[2020.01.08-05.52.06:419][356]Cmd: BRUSH ADD SELECTNEWBRUSH
[2020.01.08-05.54.06:499][774]LogEditorViewport: Clicking on Actor (LMB): StaticMeshActor (Floor)
[2020.01.08-05.54.08:265][815]LogSlate: Took 0.000223 seconds to synchronously load lazily loaded font '../../../Engine/Content/Slate/Fonts/Roboto-Light.ttf' (167K)
[2020.01.08-05.54.08:335][815]LogUObjectHash: Compacting FUObjectHashTables data took   1.04ms
[2020.01.08-05.54.08:571][815]LogSavePackage: Moving 'C:/Users/emile/Documents/Unreal Projects/islandgame/Saved/ThirdPersonExampleMapE61CF6C24E5314F5567D6F89DDDF30DE.tmp' to 'C:/Users/emile/Documents/Unreal Projects/islandgame/Content/ThirdPersonBP/Maps/ThirdPersonExampleMap.umap'
[2020.01.08-05.54.08:689][815]LogSavePackage: Moving 'C:/Users/emile/Documents/Unreal Projects/islandgame/Saved/ThirdPersonExampleMap_BuiltDataE529B4D74122FF719BE435B73397AC1E.tmp' to 'C:/Users/emile/Documents/Unreal Projects/islandgame/Content/ThirdPersonBP/Maps/ThirdPersonExampleMap_BuiltData.uasset'
[2020.01.08-05.54.08:709][815]AssetCheck: New page: Asset Save: multiple assets
[2020.01.08-05.54.08:709][815]LogContentValidation: Display: Validating World /Game/ThirdPersonBP/Maps/ThirdPersonExampleMap.ThirdPersonExampleMap
[2020.01.08-05.54.08:709][815]LogContentValidation: Display: Validating MapBuildDataRegistry /Game/ThirdPersonBP/Maps/ThirdPersonExampleMap_BuiltData.ThirdPersonExampleMap_BuiltData
[2020.01.08-05.54.16:710][ 17]LogTemp: Repeating last play command: Selected Viewport
[2020.01.08-05.54.16:715][ 17]LogBlueprintUserMessages: Early PlayInEditor Detection: Level '/Game/ThirdPersonBP/Maps/ThirdPersonExampleMap.ThirdPersonExampleMap:PersistentLevel' has LevelScriptBlueprint '/Game/ThirdPersonBP/Maps/ThirdPersonExampleMap.ThirdPersonExampleMap:PersistentLevel.ThirdPersonExampleMap' with GeneratedClass '/Game/ThirdPersonBP/Maps/ThirdPersonExampleMap.ThirdPersonExampleMap_C' with ClassGeneratedBy '/Game/ThirdPersonBP/Maps/ThirdPersonExampleMap.ThirdPersonExampleMap:PersistentLevel.ThirdPersonExampleMap'
[2020.01.08-05.54.16:715][ 17]LogPlayLevel: PlayLevel: No blueprints needed recompiling
[2020.01.08-05.54.16:715][ 17]PIE: New page: PIE session: ThirdPersonExampleMap (Jan 7, 2020, 1:54:16 PM)
[2020.01.08-05.54.16:716][ 17]LogOnline: OSS: Creating online subsystem instance for: NULL
[2020.01.08-05.54.16:717][ 17]LogOnline: OSS: TryLoadSubsystemAndSetDefault: Loaded subsystem for module [NULL]
[2020.01.08-05.54.16:717][ 17]LogPlayLevel: Creating play world package: /Game/ThirdPersonBP/Maps/UEDPIE_0_ThirdPersonExampleMap
[2020.01.08-05.54.16:737][ 17]LogPlayLevel: PIE: StaticDuplicateObject took: (0.020276s)
[2020.01.08-05.54.16:739][ 17]LogAIModule: Creating AISystem for world ThirdPersonExampleMap
[2020.01.08-05.54.16:739][ 17]LogPlayLevel: PIE: World Init took: (0.001984s)
[2020.01.08-05.54.16:739][ 17]LogPlayLevel: PIE: Created PIE world by copying editor world from /Game/ThirdPersonBP/Maps/ThirdPersonExampleMap.ThirdPersonExampleMap to /Game/ThirdPersonBP/Maps/UEDPIE_0_ThirdPersonExampleMap.ThirdPersonExampleMap (0.022787s)
[2020.01.08-05.54.16:765][ 17]LogUObjectHash: Compacting FUObjectHashTables data took   1.50ms
[2020.01.08-05.54.16:766][ 17]LogAudioMixer: Display: Audio Mixer Platform Settings:
[2020.01.08-05.54.16:766][ 17]LogAudioMixer: Display: 	Sample Rate:						  48000
[2020.01.08-05.54.16:766][ 17]LogAudioMixer: Display: 	Callback Buffer Frame Size Requested: 1024
[2020.01.08-05.54.16:766][ 17]LogAudioMixer: Display: 	Callback Buffer Frame Size To Use:	  1024
[2020.01.08-05.54.16:766][ 17]LogAudioMixer: Display: 	Number of buffers to queue:			  2
[2020.01.08-05.54.16:766][ 17]LogAudioMixer: Display: 	Max Channels (voices):				  32
[2020.01.08-05.54.16:766][ 17]LogAudioMixer: Display: 	Number of Async Source Workers:		  0
[2020.01.08-05.54.16:766][ 17]LogAudio: Display: AudioDevice MaxSources: 32
[2020.01.08-05.54.16:767][ 17]LogAudio: Display: Using built-in audio occlusion.
[2020.01.08-05.54.16:767][ 17]LogAudioMixer: Display: Initializing audio mixer.
[2020.01.08-05.54.16:777][ 17]LogAudioMixer: Display: Audio Device Output Speaker Info:
[2020.01.08-05.54.16:777][ 17]LogAudioMixer: Display: Name: Speakers/Headphones (Realtek(R) Audio)
[2020.01.08-05.54.16:777][ 17]LogAudioMixer: Display: Is Default: Yes
[2020.01.08-05.54.16:777][ 17]LogAudioMixer: Display: Sample Rate: 48000
[2020.01.08-05.54.16:777][ 17]LogAudioMixer: Display: Channel Count Used: 2
[2020.01.08-05.54.16:777][ 17]LogAudioMixer: Display: Device Channel Count: 2
[2020.01.08-05.54.16:777][ 17]LogAudioMixer: Display: Channel Order:
[2020.01.08-05.54.16:777][ 17]LogAudioMixer: Display: 0: FrontLeft
[2020.01.08-05.54.16:777][ 17]LogAudioMixer: Display: 1: FrontRight
[2020.01.08-05.54.16:851][ 17]LogAudioMixer: Display: Using Audio Device Speakers/Headphones (Realtek(R) Audio)
[2020.01.08-05.54.16:853][ 17]LogInit: FAudioDevice initialized.
[2020.01.08-05.54.16:863][ 17]LogLoad: Game class is 'ThirdPersonGameMode_C'
[2020.01.08-05.54.16:865][ 17]LogWorld: Bringing World /Game/ThirdPersonBP/Maps/UEDPIE_0_ThirdPersonExampleMap.ThirdPersonExampleMap up for play (max tick rate 0) at 2020.01.07-21.54.16
[2020.01.08-05.54.16:866][ 17]LogWorld: Bringing up level for play took: 0.001856
[2020.01.08-05.54.16:866][ 17]LogOnline: OSS: Creating online subsystem instance for: :Context_3
[2020.01.08-05.54.16:868][ 17]LogContentBrowser: Native class hierarchy updated for 'MovieSceneCapture' in 0.0003 seconds. Added 20 classes and 0 folders.
[2020.01.08-05.54.16:869][ 17]PIE: Play in editor start time for /Game/ThirdPersonBP/Maps/UEDPIE_0_ThirdPersonExampleMap -0.575
[2020.01.08-05.54.16:869][ 17]LogBlueprintUserMessages: Late PlayInEditor Detection: Level '/Game/ThirdPersonBP/Maps/ThirdPersonExampleMap.ThirdPersonExampleMap:PersistentLevel' has LevelScriptBlueprint '/Game/ThirdPersonBP/Maps/ThirdPersonExampleMap.ThirdPersonExampleMap:PersistentLevel.ThirdPersonExampleMap' with GeneratedClass '/Game/ThirdPersonBP/Maps/ThirdPersonExampleMap.ThirdPersonExampleMap_C' with ClassGeneratedBy '/Game/ThirdPersonBP/Maps/ThirdPersonExampleMap.ThirdPersonExampleMap:PersistentLevel.ThirdPersonExampleMap'
[2020.01.08-05.54.28:398][323]LogAudioMixer: Display: No commands were queued while flushing the source manager.
[2020.01.08-05.54.28:398][323]LogAudioMixer: Display: No commands were queued while flushing the source manager.
[2020.01.08-05.54.28:398][323]LogBlueprintUserMessages: Early EndPlayMap Detection: Level '/Game/ThirdPersonBP/Maps/ThirdPersonExampleMap.ThirdPersonExampleMap:PersistentLevel' has LevelScriptBlueprint '/Game/ThirdPersonBP/Maps/ThirdPersonExampleMap.ThirdPersonExampleMap:PersistentLevel.ThirdPersonExampleMap' with GeneratedClass '/Game/ThirdPersonBP/Maps/ThirdPersonExampleMap.ThirdPersonExampleMap_C' with ClassGeneratedBy '/Game/ThirdPersonBP/Maps/ThirdPersonExampleMap.ThirdPersonExampleMap:PersistentLevel.ThirdPersonExampleMap'
[2020.01.08-05.54.28:398][323]LogSlate: Updating window title bar state: overlay mode, drag disabled, window buttons hidden, title bar hidden
[2020.01.08-05.54.28:398][323]LogWorld: BeginTearingDown for /Game/ThirdPersonBP/Maps/UEDPIE_0_ThirdPersonExampleMap
[2020.01.08-05.54.28:398][323]LogAudioMixer: Display: No commands were queued while flushing the source manager.
[2020.01.08-05.54.28:398][323]LogWorld: UWorld::CleanupWorld for ThirdPersonExampleMap, bSessionEnded=true, bCleanupResources=true
[2020.01.08-05.54.28:399][323]LogSlate: InvalidateAllWidgets triggered.  All widgets were invalidated
[2020.01.08-05.54.28:488][323]LogPlayLevel: Display: Shutting down PIE online subsystems
[2020.01.08-05.54.28:488][323]LogBlueprintUserMessages: Late EndPlayMap Detection: Level '/Game/ThirdPersonBP/Maps/ThirdPersonExampleMap.ThirdPersonExampleMap:PersistentLevel' has LevelScriptBlueprint '/Game/ThirdPersonBP/Maps/ThirdPersonExampleMap.ThirdPersonExampleMap:PersistentLevel.ThirdPersonExampleMap' with GeneratedClass '/Game/ThirdPersonBP/Maps/ThirdPersonExampleMap.ThirdPersonExampleMap_C' with ClassGeneratedBy '/Game/ThirdPersonBP/Maps/ThirdPersonExampleMap.ThirdPersonExampleMap:PersistentLevel.ThirdPersonExampleMap'
[2020.01.08-05.54.28:491][323]LogSlate: InvalidateAllWidgets triggered.  All widgets were invalidated
[2020.01.08-05.54.28:516][323]LogAudioMixer: Display: No commands were queued while flushing the source manager.
[2020.01.08-05.54.28:519][323]LogSlate: Updating window title bar state: overlay mode, drag disabled, window buttons hidden, title bar hidden
[2020.01.08-05.54.28:522][323]LogUObjectHash: Compacting FUObjectHashTables data took   1.52ms
[2020.01.08-05.54.28:542][324]LogPlayLevel: Display: Destroying online subsystem :Context_3
[2020.01.08-05.55.14:827][488]LogActorFactory: Actor Factory created MaterialSphere
[2020.01.08-05.55.15:829][516]LogActorFactory: Actor Factory created MaterialSphere
[2020.01.08-05.55.23:916][740]Cmd: DELETE
[2020.01.08-05.55.23:916][740]Cmd: ACTOR DELETE
[2020.01.08-05.55.23:921][740]LogEditorActor: Deleted Actor: Brush
[2020.01.08-05.55.23:952][740]LogUObjectHash: Compacting FUObjectHashTables data took   1.42ms
[2020.01.08-05.55.23:969][740]LogEditorActor: Deleted 1 Actors (0.052 secs)
[2020.01.08-05.55.24:737][763]LogEditorViewport: Clicking on Actor (LMB): StaticMeshActor (MaterialSphere)
[2020.01.08-05.55.35:483][ 50]LogEditorViewport: Clicking Background
[2020.01.08-05.55.36:322][ 73]LogEditorViewport: Clicking on Actor (LMB): StaticMeshActor (HelicopterBody)
[2020.01.08-05.55.48:617][321]LogActorFactory: Actor Factory created SM_Chair
[2020.01.08-05.55.50:375][360]LogActorFactory: Actor Factory created SM_Couch
[2020.01.08-05.55.52:717][426]LogActorFactory: Actor Factory created SM_Couch
[2020.01.08-05.55.56:777][534]LogEditorViewport: Clicking on Actor (LMB): StaticMeshActor (HelicopterBody)
[2020.01.08-05.56.15:660][ 34]LogEditorViewport: Clicking on Actor (LMB): StaticMeshActor (SM_Couch)
[2020.01.08-05.56.25:527][273]LogEditorViewport: Clicking on Actor (LMB): StaticMeshActor (SM_Couch)
[2020.01.08-05.56.29:686][379]LogEditorViewport: Clicking on Actor (LMB): StaticMeshActor (HelicopterBody)
[2020.01.08-05.56.31:655][428]LogEditorViewport: Clicking on Actor (LMB): StaticMeshActor (SM_Couch)
[2020.01.08-05.56.48:646][856]LogEditorViewport: Clicking on Actor (context menu): Brush (Big_Island)
[2020.01.08-05.56.50:461][900]LogEditorViewport: Clicking on Actor (LMB): StaticMeshActor (Floor)
[2020.01.08-05.56.57:063][ 61]LogUObjectHash: Compacting FUObjectHashTables data took   1.30ms
[2020.01.08-05.56.57:193][ 61]LogSavePackage: Moving 'C:/Users/emile/Documents/Unreal Projects/islandgame/Saved/ThirdPersonExampleMapE158138942EE939D57C1AC85A06CF21F.tmp' to 'C:/Users/emile/Documents/Unreal Projects/islandgame/Content/ThirdPersonBP/Maps/ThirdPersonExampleMap.umap'
[2020.01.08-05.56.57:283][ 61]LogSavePackage: Moving 'C:/Users/emile/Documents/Unreal Projects/islandgame/Saved/ThirdPersonExampleMap_BuiltData526819174B9A80CA420D059062173980.tmp' to 'C:/Users/emile/Documents/Unreal Projects/islandgame/Content/ThirdPersonBP/Maps/ThirdPersonExampleMap_BuiltData.uasset'
[2020.01.08-05.56.57:304][ 61]AssetCheck: New page: Asset Save: multiple assets
[2020.01.08-05.56.57:304][ 61]LogContentValidation: Display: Validating World /Game/ThirdPersonBP/Maps/ThirdPersonExampleMap.ThirdPersonExampleMap
[2020.01.08-05.56.57:304][ 61]LogContentValidation: Display: Validating MapBuildDataRegistry /Game/ThirdPersonBP/Maps/ThirdPersonExampleMap_BuiltData.ThirdPersonExampleMap_BuiltData
[2020.01.08-05.57.53:843][479]LogGeomTools: Triangulation of poly failed.
[2020.01.08-05.57.57:207][560]LogEditorViewport: Clicking on Actor (LMB): StaticMeshActor (Floor)
[2020.01.08-05.58.06:354][758]LogUObjectHash: Compacting FUObjectHashTables data took   1.43ms
[2020.01.08-05.58.06:488][758]LogSavePackage: Moving 'C:/Users/emile/Documents/Unreal Projects/islandgame/Saved/ThirdPersonExampleMapE57C4FC146CF72258BE2D3A5043F6E4B.tmp' to 'C:/Users/emile/Documents/Unreal Projects/islandgame/Content/ThirdPersonBP/Maps/ThirdPersonExampleMap.umap'
[2020.01.08-05.58.06:625][758]LogSavePackage: Moving 'C:/Users/emile/Documents/Unreal Projects/islandgame/Saved/ThirdPersonExampleMap_BuiltData3B97D18F4DF4C5339439F1B7ADEDC783.tmp' to 'C:/Users/emile/Documents/Unreal Projects/islandgame/Content/ThirdPersonBP/Maps/ThirdPersonExampleMap_BuiltData.uasset'
[2020.01.08-05.58.06:638][758]AssetCheck: New page: Asset Save: multiple assets
[2020.01.08-05.58.06:638][758]LogContentValidation: Display: Validating World /Game/ThirdPersonBP/Maps/ThirdPersonExampleMap.ThirdPersonExampleMap
[2020.01.08-05.58.06:638][758]LogContentValidation: Display: Validating MapBuildDataRegistry /Game/ThirdPersonBP/Maps/ThirdPersonExampleMap_BuiltData.ThirdPersonExampleMap_BuiltData
[2020.01.08-05.58.13:462][922]Cmd: TRANSACTION UNDO
[2020.01.08-05.58.13:462][922]LogEditorTransaction: Undo Edit Tessellation
[2020.01.08-05.58.15:424][957]LogEditorViewport: Clicking on Actor (LMB): StaticMeshActor (Floor)
[2020.01.08-05.58.28:603][272]Cmd: EDIT COPY
[2020.01.08-05.58.28:976][282]Cmd: EDIT PASTE
[2020.01.08-05.58.42:301][616]LogGeometryMode: Warning: Unable to find Small_Island_moss Brush(s) in new BSP
[2020.01.08-05.58.42:301][616]LogGeometryMode: Warning: Unable to find all previously selected geometry data, resetting selection
[2020.01.08-05.58.51:291][840]LogGeomTools: Triangulation of poly failed.
[2020.01.08-05.59.09:701][300]LogGeomTools: Triangulation of poly failed.
[2020.01.08-05.59.13:662][400]LogGeometryMode: Warning: Unable to find Small_Island_moss Brush(s) in new BSP
[2020.01.08-05.59.13:662][400]LogGeometryMode: Warning: Unable to find all previously selected geometry data, resetting selection
[2020.01.08-05.59.17:316][487]LogEditorViewport: Clicking on Actor (LMB): StaticMeshActor (Floor)
[2020.01.08-05.59.20:229][552]Cmd: TRANSACTION UNDO
[2020.01.08-05.59.20:229][552]LogEditorTransaction: Undo Clicking on Actors
[2020.01.08-05.59.20:751][560]Cmd: TRANSACTION UNDO
[2020.01.08-05.59.20:751][560]LogEditorTransaction: Undo Select Brush Surface
[2020.01.08-05.59.21:202][571]Cmd: TRANSACTION UNDO
[2020.01.08-05.59.21:202][571]LogEditorTransaction: Undo Move Actors
[2020.01.08-05.59.21:294][571]LogGeometryMode: Warning: Unable to find 1 Vertex(s) in new BSP
[2020.01.08-05.59.21:294][571]LogGeometryMode: Warning: Unable to resolve rock2 Brush in new BSP, see above
[2020.01.08-05.59.21:294][571]LogGeometryMode: Warning: Unable to find all previously selected geometry data, resetting selection
[2020.01.08-05.59.21:658][581]Cmd: TRANSACTION UNDO
[2020.01.08-05.59.21:658][581]LogEditorTransaction: Undo Modifier [Edit]
[2020.01.08-05.59.22:368][599]Cmd: TRANSACTION UNDO
[2020.01.08-05.59.22:368][599]LogEditorTransaction: Undo Move Actors
[2020.01.08-05.59.22:830][609]Cmd: TRANSACTION UNDO
[2020.01.08-05.59.22:830][609]LogEditorTransaction: Undo Modifier [Edit]
[2020.01.08-05.59.23:229][619]Cmd: TRANSACTION UNDO
[2020.01.08-05.59.23:229][619]LogEditorTransaction: Undo Move Actors
[2020.01.08-05.59.23:320][619]LogGeometryMode: Warning: Unable to find 1 Vertex(s) in new BSP
[2020.01.08-05.59.23:320][619]LogGeometryMode: Warning: Unable to resolve rock2 Brush in new BSP, see above
[2020.01.08-05.59.23:320][619]LogGeometryMode: Warning: Unable to find all previously selected geometry data, resetting selection
[2020.01.08-05.59.23:635][628]Cmd: TRANSACTION UNDO
[2020.01.08-05.59.23:635][628]LogEditorTransaction: Undo Move Actors
[2020.01.08-05.59.23:730][628]LogGeometryMode: Warning: Unable to find 1 Vertex(s) in new BSP
[2020.01.08-05.59.23:730][628]LogGeometryMode: Warning: Unable to resolve rock2 Brush in new BSP, see above
[2020.01.08-05.59.23:730][628]LogGeometryMode: Warning: Unable to find all previously selected geometry data, resetting selection
[2020.01.08-05.59.23:994][636]Cmd: TRANSACTION UNDO
[2020.01.08-05.59.23:994][636]LogEditorTransaction: Undo Move Actors
[2020.01.08-05.59.24:087][636]LogGeometryMode: Warning: Unable to find 1 Vertex(s) in new BSP
[2020.01.08-05.59.24:087][636]LogGeometryMode: Warning: Unable to resolve rock2 Brush in new BSP, see above
[2020.01.08-05.59.24:087][636]LogGeometryMode: Warning: Unable to find all previously selected geometry data, resetting selection
[2020.01.08-05.59.24:238][641]Cmd: TRANSACTION UNDO
[2020.01.08-05.59.24:238][641]LogEditorTransaction: Undo Move Actors
[2020.01.08-05.59.24:328][641]LogGeometryMode: Warning: Unable to find 1 Vertex(s) in new BSP
[2020.01.08-05.59.24:328][641]LogGeometryMode: Warning: Unable to resolve rock2 Brush in new BSP, see above
[2020.01.08-05.59.24:328][641]LogGeometryMode: Warning: Unable to find all previously selected geometry data, resetting selection
[2020.01.08-05.59.24:475][646]Cmd: TRANSACTION UNDO
[2020.01.08-05.59.24:475][646]LogEditorTransaction: Undo Move Actors
[2020.01.08-05.59.24:567][646]LogGeometryMode: Warning: Unable to find 1 Vertex(s) in new BSP
[2020.01.08-05.59.24:567][646]LogGeometryMode: Warning: Unable to resolve rock2 Brush in new BSP, see above
[2020.01.08-05.59.24:567][646]LogGeometryMode: Warning: Unable to find all previously selected geometry data, resetting selection
[2020.01.08-05.59.24:755][652]Cmd: TRANSACTION UNDO
[2020.01.08-05.59.24:755][652]LogEditorTransaction: Undo Move Actors
[2020.01.08-05.59.24:846][652]LogGeometryMode: Warning: Unable to find 1 Vertex(s) in new BSP
[2020.01.08-05.59.24:846][652]LogGeometryMode: Warning: Unable to resolve rock2 Brush in new BSP, see above
[2020.01.08-05.59.24:846][652]LogGeometryMode: Warning: Unable to find all previously selected geometry data, resetting selection
[2020.01.08-05.59.26:221][685]Cmd: DELETE
[2020.01.08-05.59.26:222][685]LogGeometryMode: Warning: Unable to find 1 Poly(s) in new BSP
[2020.01.08-05.59.26:222][685]LogGeometryMode: Warning: Unable to resolve rock2 Brush in new BSP, see above
[2020.01.08-05.59.26:222][685]LogGeometryMode: Warning: Unable to find all previously selected geometry data, resetting selection
[2020.01.08-05.59.29:903][779]Cmd: DELETE
[2020.01.08-05.59.29:903][779]Cmd: ACTOR DELETE
[2020.01.08-05.59.29:911][779]LogEditorActor: Deleted Actor: Brush
[2020.01.08-05.59.29:945][779]LogUObjectHash: Compacting FUObjectHashTables data took   2.23ms
[2020.01.08-05.59.29:962][779]LogEditorActor: Deleted 1 Actors (0.059 secs)
[2020.01.08-05.59.41:898][ 91]Cmd: BRUSH ADD SELECTNEWBRUSH
[2020.01.08-06.00.03:340][626]Cmd: POLY SELECT ADJACENT ALL
[2020.01.08-06.00.23:974][123]LogEditorViewport: Clicking on Actor (LMB): BP_Sky_Sphere_C (SkySphereBlueprint)
[2020.01.08-06.00.54:929][865]LogEditorViewport: Clicking on Actor (LMB): StaticMeshActor (Floor)
[2020.01.08-06.01.30:249][705]Cmd: TRANSACTION UNDO
[2020.01.08-06.01.30:249][705]LogEditorTransaction: Undo Move Actors
[2020.01.08-06.01.30:339][705]LogGeometryMode: Warning: Unable to find 1 Edge(s) in new BSP
[2020.01.08-06.01.30:339][705]LogGeometryMode: Warning: Unable to resolve SphereBrush Brush in new BSP, see above
[2020.01.08-06.01.30:339][705]LogGeometryMode: Warning: Unable to find all previously selected geometry data, resetting selection
[2020.01.08-06.02.06:771][578]LogEditorViewport: Clicking on Actor (LMB): StaticMeshActor (Floor)
[2020.01.08-06.02.13:403][734]Cmd: TRANSACTION UNDO
[2020.01.08-06.02.13:403][734]LogEditorTransaction: Undo Move Actors
[2020.01.08-06.02.13:897][739]Cmd: TRANSACTION UNDO
[2020.01.08-06.02.13:897][739]LogEditorTransaction: Undo Modifier [Edit]
[2020.01.08-06.02.14:354][750]Cmd: TRANSACTION UNDO
[2020.01.08-06.02.14:354][750]LogEditorTransaction: Undo Modifier [Edit]
[2020.01.08-06.02.16:602][805]Cmd: TRANSACTION UNDO
[2020.01.08-06.02.16:602][805]LogEditorTransaction: Undo Select Brush Surface
[2020.01.08-06.02.24:683][  2]Cmd: TRANSACTION UNDO
[2020.01.08-06.02.24:683][  2]LogEditorTransaction: Undo Select Brush Surface
[2020.01.08-06.02.55:371][755]LogEditorViewport: Clicking on Actor (LMB): StaticMeshActor (Floor)
[2020.01.08-06.03.07:427][ 22]Cmd: BRUSH ADD SELECTNEWBRUSH
[2020.01.08-06.03.15:884][243]Cmd: DELETE
[2020.01.08-06.03.15:884][243]Cmd: ACTOR DELETE
[2020.01.08-06.03.15:895][243]LogEditorActor: Deleted Actor: Brush
[2020.01.08-06.03.15:924][243]LogUObjectHash: Compacting FUObjectHashTables data took   1.67ms
[2020.01.08-06.03.15:943][243]LogEditorActor: Deleted 1 Actors (0.058 secs)
[2020.01.08-06.03.20:320][357]Cmd: BRUSH ADD SELECTNEWBRUSH
[2020.01.08-06.03.36:000][757]Cmd: POLY SELECT ADJACENT ALL
[2020.01.08-06.04.19:648][872]LogTemp: Repeating last play command: Selected Viewport
[2020.01.08-06.04.19:666][872]LogBlueprintUserMessages: Early PlayInEditor Detection: Level '/Game/ThirdPersonBP/Maps/ThirdPersonExampleMap.ThirdPersonExampleMap:PersistentLevel' has LevelScriptBlueprint '/Game/ThirdPersonBP/Maps/ThirdPersonExampleMap.ThirdPersonExampleMap:PersistentLevel.ThirdPersonExampleMap' with GeneratedClass '/Game/ThirdPersonBP/Maps/ThirdPersonExampleMap.ThirdPersonExampleMap_C' with ClassGeneratedBy '/Game/ThirdPersonBP/Maps/ThirdPersonExampleMap.ThirdPersonExampleMap:PersistentLevel.ThirdPersonExampleMap'
[2020.01.08-06.04.19:666][872]LogPlayLevel: PlayLevel: No blueprints needed recompiling
[2020.01.08-06.04.19:667][872]PIE: New page: PIE session: ThirdPersonExampleMap (Jan 7, 2020, 2:04:19 PM)
[2020.01.08-06.04.19:668][872]LogPlayLevel: Creating play world package: /Game/ThirdPersonBP/Maps/UEDPIE_0_ThirdPersonExampleMap
[2020.01.08-06.04.19:706][872]LogPlayLevel: PIE: StaticDuplicateObject took: (0.037835s)
[2020.01.08-06.04.19:708][872]LogAIModule: Creating AISystem for world ThirdPersonExampleMap
[2020.01.08-06.04.19:708][872]LogPlayLevel: PIE: World Init took: (0.001332s)
[2020.01.08-06.04.19:708][872]LogPlayLevel: PIE: Created PIE world by copying editor world from /Game/ThirdPersonBP/Maps/ThirdPersonExampleMap.ThirdPersonExampleMap to /Game/ThirdPersonBP/Maps/UEDPIE_0_ThirdPersonExampleMap.ThirdPersonExampleMap (0.039508s)
[2020.01.08-06.04.19:735][872]LogUObjectHash: Compacting FUObjectHashTables data took   1.20ms
[2020.01.08-06.04.19:737][872]LogAudioMixer: Display: Audio Mixer Platform Settings:
[2020.01.08-06.04.19:737][872]LogAudioMixer: Display: 	Sample Rate:						  48000
[2020.01.08-06.04.19:737][872]LogAudioMixer: Display: 	Callback Buffer Frame Size Requested: 1024
[2020.01.08-06.04.19:737][872]LogAudioMixer: Display: 	Callback Buffer Frame Size To Use:	  1024
[2020.01.08-06.04.19:737][872]LogAudioMixer: Display: 	Number of buffers to queue:			  2
[2020.01.08-06.04.19:737][872]LogAudioMixer: Display: 	Max Channels (voices):				  32
[2020.01.08-06.04.19:737][872]LogAudioMixer: Display: 	Number of Async Source Workers:		  0
[2020.01.08-06.04.19:737][872]LogAudio: Display: AudioDevice MaxSources: 32
[2020.01.08-06.04.19:737][872]LogAudio: Display: Using built-in audio occlusion.
[2020.01.08-06.04.19:737][872]LogAudioMixer: Display: Initializing audio mixer.
[2020.01.08-06.04.19:746][872]LogAudioMixer: Display: Audio Device Output Speaker Info:
[2020.01.08-06.04.19:746][872]LogAudioMixer: Display: Name: Speakers/Headphones (Realtek(R) Audio)
[2020.01.08-06.04.19:746][872]LogAudioMixer: Display: Is Default: Yes
[2020.01.08-06.04.19:746][872]LogAudioMixer: Display: Sample Rate: 48000
[2020.01.08-06.04.19:746][872]LogAudioMixer: Display: Channel Count Used: 2
[2020.01.08-06.04.19:746][872]LogAudioMixer: Display: Device Channel Count: 2
[2020.01.08-06.04.19:746][872]LogAudioMixer: Display: Channel Order:
[2020.01.08-06.04.19:746][872]LogAudioMixer: Display: 0: FrontLeft
[2020.01.08-06.04.19:746][872]LogAudioMixer: Display: 1: FrontRight
[2020.01.08-06.04.19:826][872]LogAudioMixer: Display: Using Audio Device Speakers/Headphones (Realtek(R) Audio)
[2020.01.08-06.04.19:828][872]LogInit: FAudioDevice initialized.
[2020.01.08-06.04.19:834][872]LogLoad: Game class is 'ThirdPersonGameMode_C'
[2020.01.08-06.04.19:836][872]LogWorld: Bringing World /Game/ThirdPersonBP/Maps/UEDPIE_0_ThirdPersonExampleMap.ThirdPersonExampleMap up for play (max tick rate 0) at 2020.01.07-22.04.19
[2020.01.08-06.04.19:837][872]LogWorld: Bringing up level for play took: 0.001649
[2020.01.08-06.04.19:837][872]LogOnline: OSS: Creating online subsystem instance for: :Context_4
[2020.01.08-06.04.19:839][872]PIE: Play in editor start time for /Game/ThirdPersonBP/Maps/UEDPIE_0_ThirdPersonExampleMap 0.394
[2020.01.08-06.04.19:839][872]LogBlueprintUserMessages: Late PlayInEditor Detection: Level '/Game/ThirdPersonBP/Maps/ThirdPersonExampleMap.ThirdPersonExampleMap:PersistentLevel' has LevelScriptBlueprint '/Game/ThirdPersonBP/Maps/ThirdPersonExampleMap.ThirdPersonExampleMap:PersistentLevel.ThirdPersonExampleMap' with GeneratedClass '/Game/ThirdPersonBP/Maps/ThirdPersonExampleMap.ThirdPersonExampleMap_C' with ClassGeneratedBy '/Game/ThirdPersonBP/Maps/ThirdPersonExampleMap.ThirdPersonExampleMap:PersistentLevel.ThirdPersonExampleMap'
[2020.01.08-06.04.34:771][269]LogAudioMixer: Display: No commands were queued while flushing the source manager.
[2020.01.08-06.04.34:785][269]LogAudioMixer: Display: Flush succeeded in the source manager command queue (1).
[2020.01.08-06.04.34:807][269]LogAudioMixer: Display: Flush succeeded the source manager command queue (2).
[2020.01.08-06.04.34:807][269]LogBlueprintUserMessages: Early EndPlayMap Detection: Level '/Game/ThirdPersonBP/Maps/ThirdPersonExampleMap.ThirdPersonExampleMap:PersistentLevel' has LevelScriptBlueprint '/Game/ThirdPersonBP/Maps/ThirdPersonExampleMap.ThirdPersonExampleMap:PersistentLevel.ThirdPersonExampleMap' with GeneratedClass '/Game/ThirdPersonBP/Maps/ThirdPersonExampleMap.ThirdPersonExampleMap_C' with ClassGeneratedBy '/Game/ThirdPersonBP/Maps/ThirdPersonExampleMap.ThirdPersonExampleMap:PersistentLevel.ThirdPersonExampleMap'
[2020.01.08-06.04.34:807][269]LogSlate: Updating window title bar state: overlay mode, drag disabled, window buttons hidden, title bar hidden
[2020.01.08-06.04.34:807][269]LogWorld: BeginTearingDown for /Game/ThirdPersonBP/Maps/UEDPIE_0_ThirdPersonExampleMap
[2020.01.08-06.04.34:807][269]LogAudioMixer: Display: No commands were queued while flushing the source manager.
[2020.01.08-06.04.34:807][269]LogWorld: UWorld::CleanupWorld for ThirdPersonExampleMap, bSessionEnded=true, bCleanupResources=true
[2020.01.08-06.04.34:808][269]LogSlate: InvalidateAllWidgets triggered.  All widgets were invalidated
[2020.01.08-06.04.34:872][269]LogPlayLevel: Display: Shutting down PIE online subsystems
[2020.01.08-06.04.34:873][269]LogBlueprintUserMessages: Late EndPlayMap Detection: Level '/Game/ThirdPersonBP/Maps/ThirdPersonExampleMap.ThirdPersonExampleMap:PersistentLevel' has LevelScriptBlueprint '/Game/ThirdPersonBP/Maps/ThirdPersonExampleMap.ThirdPersonExampleMap:PersistentLevel.ThirdPersonExampleMap' with GeneratedClass '/Game/ThirdPersonBP/Maps/ThirdPersonExampleMap.ThirdPersonExampleMap_C' with ClassGeneratedBy '/Game/ThirdPersonBP/Maps/ThirdPersonExampleMap.ThirdPersonExampleMap:PersistentLevel.ThirdPersonExampleMap'
[2020.01.08-06.04.34:875][269]LogSlate: InvalidateAllWidgets triggered.  All widgets were invalidated
[2020.01.08-06.04.34:901][269]LogAudioMixer: Display: No commands were queued while flushing the source manager.
[2020.01.08-06.04.34:904][269]LogSlate: Updating window title bar state: overlay mode, drag disabled, window buttons hidden, title bar hidden
[2020.01.08-06.04.34:907][269]LogUObjectHash: Compacting FUObjectHashTables data took   1.30ms
[2020.01.08-06.04.34:928][270]LogPlayLevel: Display: Destroying online subsystem :Context_4
[2020.01.08-06.04.35:711][292]Cmd: SELECT NONE
[2020.01.08-06.04.59:191][873]LogEditorViewport: Clicking on Actor (LMB): BP_Sky_Sphere_C (SkySphereBlueprint)
[2020.01.08-06.05.00:075][890]LogUObjectHash: Compacting FUObjectHashTables data took   1.27ms
[2020.01.08-06.05.00:258][890]LogSavePackage: Moving 'C:/Users/emile/Documents/Unreal Projects/islandgame/Saved/ThirdPersonExampleMap005C947A47D8B242C948988EDC607FF6.tmp' to 'C:/Users/emile/Documents/Unreal Projects/islandgame/Content/ThirdPersonBP/Maps/ThirdPersonExampleMap.umap'
[2020.01.08-06.05.00:357][890]LogSavePackage: Moving 'C:/Users/emile/Documents/Unreal Projects/islandgame/Saved/ThirdPersonExampleMap_BuiltDataE643D4E04BB679226C0EB2A32EE1169C.tmp' to 'C:/Users/emile/Documents/Unreal Projects/islandgame/Content/ThirdPersonBP/Maps/ThirdPersonExampleMap_BuiltData.uasset'
[2020.01.08-06.05.00:371][890]AssetCheck: New page: Asset Save: multiple assets
[2020.01.08-06.05.00:371][890]LogContentValidation: Display: Validating World /Game/ThirdPersonBP/Maps/ThirdPersonExampleMap.ThirdPersonExampleMap
[2020.01.08-06.05.00:371][890]LogContentValidation: Display: Validating MapBuildDataRegistry /Game/ThirdPersonBP/Maps/ThirdPersonExampleMap_BuiltData.ThirdPersonExampleMap_BuiltData
[2020.01.08-06.05.02:788][947]LogTemp: Repeating last play command: Selected Viewport
[2020.01.08-06.05.02:794][947]LogBlueprintUserMessages: Early PlayInEditor Detection: Level '/Game/ThirdPersonBP/Maps/ThirdPersonExampleMap.ThirdPersonExampleMap:PersistentLevel' has LevelScriptBlueprint '/Game/ThirdPersonBP/Maps/ThirdPersonExampleMap.ThirdPersonExampleMap:PersistentLevel.ThirdPersonExampleMap' with GeneratedClass '/Game/ThirdPersonBP/Maps/ThirdPersonExampleMap.ThirdPersonExampleMap_C' with ClassGeneratedBy '/Game/ThirdPersonBP/Maps/ThirdPersonExampleMap.ThirdPersonExampleMap:PersistentLevel.ThirdPersonExampleMap'
[2020.01.08-06.05.02:794][947]LogPlayLevel: PlayLevel: No blueprints needed recompiling
[2020.01.08-06.05.02:794][947]PIE: New page: PIE session: ThirdPersonExampleMap (Jan 7, 2020, 2:05:02 PM)
[2020.01.08-06.05.02:794][947]LogPlayLevel: Creating play world package: /Game/ThirdPersonBP/Maps/UEDPIE_0_ThirdPersonExampleMap
[2020.01.08-06.05.02:820][947]LogPlayLevel: PIE: StaticDuplicateObject took: (0.026117s)
[2020.01.08-06.05.02:823][947]LogAIModule: Creating AISystem for world ThirdPersonExampleMap
[2020.01.08-06.05.02:823][947]LogPlayLevel: PIE: World Init took: (0.002173s)
[2020.01.08-06.05.02:823][947]LogPlayLevel: PIE: Created PIE world by copying editor world from /Game/ThirdPersonBP/Maps/ThirdPersonExampleMap.ThirdPersonExampleMap to /Game/ThirdPersonBP/Maps/UEDPIE_0_ThirdPersonExampleMap.ThirdPersonExampleMap (0.028773s)
[2020.01.08-06.05.02:870][947]LogUObjectHash: Compacting FUObjectHashTables data took   5.12ms
[2020.01.08-06.05.02:872][947]LogAudioMixer: Display: Audio Mixer Platform Settings:
[2020.01.08-06.05.02:872][947]LogAudioMixer: Display: 	Sample Rate:						  48000
[2020.01.08-06.05.02:872][947]LogAudioMixer: Display: 	Callback Buffer Frame Size Requested: 1024
[2020.01.08-06.05.02:872][947]LogAudioMixer: Display: 	Callback Buffer Frame Size To Use:	  1024
[2020.01.08-06.05.02:872][947]LogAudioMixer: Display: 	Number of buffers to queue:			  2
[2020.01.08-06.05.02:872][947]LogAudioMixer: Display: 	Max Channels (voices):				  32
[2020.01.08-06.05.02:872][947]LogAudioMixer: Display: 	Number of Async Source Workers:		  0
[2020.01.08-06.05.02:872][947]LogAudio: Display: AudioDevice MaxSources: 32
[2020.01.08-06.05.02:873][947]LogAudio: Display: Using built-in audio occlusion.
[2020.01.08-06.05.02:873][947]LogAudioMixer: Display: Initializing audio mixer.
[2020.01.08-06.05.02:882][947]LogAudioMixer: Display: Audio Device Output Speaker Info:
[2020.01.08-06.05.02:882][947]LogAudioMixer: Display: Name: Speakers/Headphones (Realtek(R) Audio)
[2020.01.08-06.05.02:882][947]LogAudioMixer: Display: Is Default: Yes
[2020.01.08-06.05.02:883][947]LogAudioMixer: Display: Sample Rate: 48000
[2020.01.08-06.05.02:883][947]LogAudioMixer: Display: Channel Count Used: 2
[2020.01.08-06.05.02:883][947]LogAudioMixer: Display: Device Channel Count: 2
[2020.01.08-06.05.02:883][947]LogAudioMixer: Display: Channel Order:
[2020.01.08-06.05.02:883][947]LogAudioMixer: Display: 0: FrontLeft
[2020.01.08-06.05.02:883][947]LogAudioMixer: Display: 1: FrontRight
[2020.01.08-06.05.02:958][947]LogAudioMixer: Display: Using Audio Device Speakers/Headphones (Realtek(R) Audio)
[2020.01.08-06.05.02:959][947]LogInit: FAudioDevice initialized.
[2020.01.08-06.05.02:973][947]LogLoad: Game class is 'ThirdPersonGameMode_C'
[2020.01.08-06.05.02:975][947]LogWorld: Bringing World /Game/ThirdPersonBP/Maps/UEDPIE_0_ThirdPersonExampleMap.ThirdPersonExampleMap up for play (max tick rate 0) at 2020.01.07-22.05.02
[2020.01.08-06.05.02:975][947]LogWorld: Bringing up level for play took: 0.001720
[2020.01.08-06.05.02:975][947]LogOnline: OSS: Creating online subsystem instance for: :Context_5
[2020.01.08-06.05.02:977][947]PIE: Play in editor start time for /Game/ThirdPersonBP/Maps/UEDPIE_0_ThirdPersonExampleMap -0.468
[2020.01.08-06.05.02:977][947]LogBlueprintUserMessages: Late PlayInEditor Detection: Level '/Game/ThirdPersonBP/Maps/ThirdPersonExampleMap.ThirdPersonExampleMap:PersistentLevel' has LevelScriptBlueprint '/Game/ThirdPersonBP/Maps/ThirdPersonExampleMap.ThirdPersonExampleMap:PersistentLevel.ThirdPersonExampleMap' with GeneratedClass '/Game/ThirdPersonBP/Maps/ThirdPersonExampleMap.ThirdPersonExampleMap_C' with ClassGeneratedBy '/Game/ThirdPersonBP/Maps/ThirdPersonExampleMap.ThirdPersonExampleMap:PersistentLevel.ThirdPersonExampleMap'
[2020.01.08-06.05.46:800][113]LogAudioMixer: Display: No commands were queued while flushing the source manager.
[2020.01.08-06.05.46:825][113]LogAudioMixer: Display: Flush succeeded in the source manager command queue (1).
[2020.01.08-06.05.46:848][113]LogAudioMixer: Display: Flush succeeded the source manager command queue (2).
[2020.01.08-06.05.46:848][113]LogBlueprintUserMessages: Early EndPlayMap Detection: Level '/Game/ThirdPersonBP/Maps/ThirdPersonExampleMap.ThirdPersonExampleMap:PersistentLevel' has LevelScriptBlueprint '/Game/ThirdPersonBP/Maps/ThirdPersonExampleMap.ThirdPersonExampleMap:PersistentLevel.ThirdPersonExampleMap' with GeneratedClass '/Game/ThirdPersonBP/Maps/ThirdPersonExampleMap.ThirdPersonExampleMap_C' with ClassGeneratedBy '/Game/ThirdPersonBP/Maps/ThirdPersonExampleMap.ThirdPersonExampleMap:PersistentLevel.ThirdPersonExampleMap'
[2020.01.08-06.05.46:848][113]LogSlate: Updating window title bar state: overlay mode, drag disabled, window buttons hidden, title bar hidden
[2020.01.08-06.05.46:848][113]LogWorld: BeginTearingDown for /Game/ThirdPersonBP/Maps/UEDPIE_0_ThirdPersonExampleMap
[2020.01.08-06.05.46:849][113]LogAudioMixer: Display: No commands were queued while flushing the source manager.
[2020.01.08-06.05.46:849][113]LogWorld: UWorld::CleanupWorld for ThirdPersonExampleMap, bSessionEnded=true, bCleanupResources=true
[2020.01.08-06.05.46:850][113]LogSlate: InvalidateAllWidgets triggered.  All widgets were invalidated
[2020.01.08-06.05.46:895][113]LogPlayLevel: Display: Shutting down PIE online subsystems
[2020.01.08-06.05.46:895][113]LogBlueprintUserMessages: Late EndPlayMap Detection: Level '/Game/ThirdPersonBP/Maps/ThirdPersonExampleMap.ThirdPersonExampleMap:PersistentLevel' has LevelScriptBlueprint '/Game/ThirdPersonBP/Maps/ThirdPersonExampleMap.ThirdPersonExampleMap:PersistentLevel.ThirdPersonExampleMap' with GeneratedClass '/Game/ThirdPersonBP/Maps/ThirdPersonExampleMap.ThirdPersonExampleMap_C' with ClassGeneratedBy '/Game/ThirdPersonBP/Maps/ThirdPersonExampleMap.ThirdPersonExampleMap:PersistentLevel.ThirdPersonExampleMap'
[2020.01.08-06.05.46:898][113]LogSlate: InvalidateAllWidgets triggered.  All widgets were invalidated
[2020.01.08-06.05.46:921][113]LogAudioMixer: Display: No commands were queued while flushing the source manager.
[2020.01.08-06.05.46:925][113]LogSlate: Updating window title bar state: overlay mode, drag disabled, window buttons hidden, title bar hidden
[2020.01.08-06.05.46:927][113]LogUObjectHash: Compacting FUObjectHashTables data took   1.37ms
[2020.01.08-06.05.46:955][114]LogPlayLevel: Display: Destroying online subsystem :Context_5
[2020.01.08-06.06.12:712][772]LogEditorViewport: Clicking on Actor (LMB): StaticMeshActor (Floor)
[2020.01.08-06.06.14:583][816]Cmd: EDIT COPY
[2020.01.08-06.06.15:083][828]Cmd: EDIT PASTE
[2020.01.08-06.06.25:415][ 70]LogEditorViewport: Clicking on Actor (LMB): StaticMeshActor (Floor2)
[2020.01.08-06.07.06:039][995]LogUObjectHash: Compacting FUObjectHashTables data took   1.08ms
[2020.01.08-06.07.06:171][995]LogSavePackage: Moving 'C:/Users/emile/Documents/Unreal Projects/islandgame/Saved/ThirdPersonExampleMap44B307FE41F800928BD9E2A9E8DE1239.tmp' to 'C:/Users/emile/Documents/Unreal Projects/islandgame/Content/ThirdPersonBP/Maps/ThirdPersonExampleMap.umap'
[2020.01.08-06.07.06:254][995]LogSavePackage: Moving 'C:/Users/emile/Documents/Unreal Projects/islandgame/Saved/ThirdPersonExampleMap_BuiltData7127D74A4C1D93C366ECD88AF0C02C6A.tmp' to 'C:/Users/emile/Documents/Unreal Projects/islandgame/Content/ThirdPersonBP/Maps/ThirdPersonExampleMap_BuiltData.uasset'
[2020.01.08-06.07.06:346][995]AssetCheck: New page: Asset Save: multiple assets
[2020.01.08-06.07.06:346][995]LogContentValidation: Display: Validating World /Game/ThirdPersonBP/Maps/ThirdPersonExampleMap.ThirdPersonExampleMap
[2020.01.08-06.07.06:346][995]LogContentValidation: Display: Validating MapBuildDataRegistry /Game/ThirdPersonBP/Maps/ThirdPersonExampleMap_BuiltData.ThirdPersonExampleMap_BuiltData
[2020.01.08-06.07.22:865][366]LogD3D11RHI: Timed out while waiting for GPU to catch up. (0.5 s) (ErrorCode 00000001)
