Log file open, 01/09/20 10:54:21
LogWindows: Failed to load 'aqProf.dll' (GetLastError=126)
LogWindows: File 'aqProf.dll' does not exist
LogWindows: Failed to load 'VtuneApi.dll' (GetLastError=126)
LogWindows: File 'VtuneApi.dll' does not exist
LogWindows: Failed to load 'VtuneApi32e.dll' (GetLastError=126)
LogWindows: File 'VtuneApi32e.dll' does not exist
LogConsoleResponse: Display: Failed to find resolution value strings in scalability ini. Falling back to default.
LogInit: Display: Running engine for game: islandgame
LogPlatformFile: Not using cached read wrapper
LogTaskGraph: Started task graph with 5 named threads and 35 total threads with 3 sets of task threads.
LogStats: Stats thread started at 0.074668
LogD3D11RHI: Loaded GFSDK_Aftermath_Lib.x64.dll
LogICUInternationalization: ICU TimeZone Detection - Raw Offset: -8:00, Platform Override: ''
LogPluginManager: Mounting plugin Paper2D
LogPluginManager: Mounting plugin AISupport
LogPluginManager: Mounting plugin LightPropagationVolume
LogPluginManager: Mounting plugin ActorLayerUtilities
LogPluginManager: Mounting plugin AnimationSharing
LogPluginManager: Mounting plugin CLionSourceCodeAccess
LogPluginManager: Mounting plugin CodeLiteSourceCodeAccess
LogPluginManager: Mounting plugin GitSourceControl
LogPluginManager: Mounting plugin KDevelopSourceCodeAccess
LogPluginManager: Mounting plugin NullSourceCodeAccess
LogPluginManager: Mounting plugin PerforceSourceControl
LogPluginManager: Mounting plugin PlasticSourceControl
LogPluginManager: Mounting plugin SubversionSourceControl
LogPluginManager: Mounting plugin UObjectPlugin
LogPluginManager: Mounting plugin VisualStudioCodeSourceCodeAccess
LogPluginManager: Mounting plugin VisualStudioSourceCodeAccess
LogPluginManager: Mounting plugin XCodeSourceCodeAccess
LogPluginManager: Mounting plugin AssetManagerEditor
LogPluginManager: Mounting plugin CryptoKeys
LogPluginManager: Mounting plugin CurveEditorTools
LogPluginManager: Mounting plugin DataValidation
LogPluginManager: Mounting plugin FacialAnimation
LogPluginManager: Mounting plugin GameplayTagsEditor
LogPluginManager: Mounting plugin MacGraphicsSwitching
LogPluginManager: Mounting plugin MaterialAnalyzer
LogPluginManager: Mounting plugin MobileLauncherProfileWizard
LogPluginManager: Mounting plugin PluginBrowser
LogPluginManager: Mounting plugin SpeedTreeImporter
LogPluginManager: Mounting plugin DatasmithContent
LogPluginManager: Mounting plugin VariantManagerContent
LogPluginManager: Mounting plugin AlembicImporter
LogPluginManager: Mounting plugin AutomationUtils
LogPluginManager: Mounting plugin BackChannel
LogPluginManager: Mounting plugin CharacterAI
LogPluginManager: Mounting plugin GeometryCache
LogPluginManager: Mounting plugin PlatformCrypto
LogPluginManager: Mounting plugin ProxyLODPlugin
LogPluginManager: Mounting plugin SkeletalReduction
LogPluginManager: Mounting plugin MagicLeap
LogPluginManager: Mounting plugin MagicLeapMedia
LogPluginManager: Mounting plugin MLSDK
LogPluginManager: Mounting plugin AndroidMedia
LogPluginManager: Mounting plugin AvfMedia
LogPluginManager: Mounting plugin ImgMedia
LogPluginManager: Mounting plugin MediaCompositing
LogPluginManager: Mounting plugin MediaPlayerEditor
LogPluginManager: Mounting plugin WebMMedia
LogPluginManager: Mounting plugin WmfMedia
LogPluginManager: Mounting plugin TcpMessaging
LogPluginManager: Mounting plugin UdpMessaging
LogPluginManager: Mounting plugin ActorSequence
LogPluginManager: Mounting plugin LevelSequenceEditor
LogPluginManager: Mounting plugin MatineeToLevelSequence
LogPluginManager: Mounting plugin NetcodeUnitTest
LogPluginManager: Mounting plugin NUTUnrealEngine4
LogPluginManager: Mounting plugin OnlineSubsystemGooglePlay
LogPluginManager: Mounting plugin OnlineSubsystemIOS
LogPluginManager: Mounting plugin OnlineSubsystem
LogPluginManager: Mounting plugin OnlineSubsystemNull
LogPluginManager: Mounting plugin OnlineSubsystemUtils
LogPluginManager: Mounting plugin LauncherChunkInstaller
LogPluginManager: Mounting plugin AndroidDeviceProfileSelector
LogPluginManager: Mounting plugin AndroidMoviePlayer
LogPluginManager: Mounting plugin AndroidPermission
LogPluginManager: Mounting plugin AppleImageUtils
LogPluginManager: Mounting plugin AppleMoviePlayer
LogPluginManager: Mounting plugin ArchVisCharacter
LogPluginManager: Mounting plugin AssetTags
LogPluginManager: Mounting plugin AudioCapture
LogPluginManager: Mounting plugin CableComponent
LogPluginManager: Mounting plugin CustomMeshComponent
LogPluginManager: Mounting plugin EditableMesh
LogPluginManager: Mounting plugin ExampleDeviceProfileSelector
LogPluginManager: Mounting plugin GoogleCloudMessaging
LogPluginManager: Mounting plugin IOSDeviceProfileSelector
LogPluginManager: Mounting plugin LinuxDeviceProfileSelector
LogPluginManager: Mounting plugin LocationServicesBPLibrary
LogPluginManager: Mounting plugin MobilePatchingUtils
LogPluginManager: Mounting plugin OculusVR
LogPluginManager: Mounting plugin PhysXVehicles
LogPluginManager: Mounting plugin PostSplashScreen
LogPluginManager: Mounting plugin ProceduralMeshComponent
LogPluginManager: Mounting plugin RuntimePhysXCooking
LogPluginManager: Mounting plugin SignificanceManager
LogPluginManager: Mounting plugin SteamVR
LogPluginManager: Mounting plugin WebMMoviePlayer
LogPluginManager: Mounting plugin WindowsMoviePlayer
LogPluginManager: Mounting plugin ScreenshotTools
LogInit: Using libcurl 7.55.1-DEV
LogInit:  - built for x86_64-pc-win32
LogInit:  - supports SSL with OpenSSL/1.1.1
LogInit:  - supports HTTP deflate (compression) using libz 1.2.8
LogInit:  - other features:
LogInit:      CURL_VERSION_SSL
LogInit:      CURL_VERSION_LIBZ
LogInit:      CURL_VERSION_IPV6
LogInit:      CURL_VERSION_ASYNCHDNS
LogInit:      CURL_VERSION_LARGEFILE
LogInit:      CURL_VERSION_IDN
LogInit:  CurlRequestOptions (configurable via config and command line):
LogInit:  - bVerifyPeer = true  - Libcurl will verify peer certificate
LogInit:  - bUseHttpProxy = false  - Libcurl will NOT use HTTP proxy
LogInit:  - bDontReuseConnections = false  - Libcurl will reuse connections
LogInit:  - MaxHostConnections = 16  - Libcurl will limit the number of connections to a host
LogInit:  - LocalHostAddr = Default
LogInit:  - BufferSize = 65536
LogOnline: OSS: Creating online subsystem instance for: NULL
LogInit: WinSock: version 1.1 (2.2), MaxSocks=32767, MaxUdp=65467
LogOnline: OSS: TryLoadSubsystemAndSetDefault: Loaded subsystem for module [NULL]
LogInit: Build: ++UE4+Release-4.24-CL-10757647
LogInit: Engine Version: 4.24.1-10757647+++UE4+Release-4.24
LogInit: Compatible Engine Version: 4.24.0-10570792+++UE4+Release-4.24
LogInit: Net CL: 10570792
LogInit: OS: Windows 10 (Release 1903) (), CPU: Intel(R) Core(TM) i7-10710U CPU @ 1.10GHz, GPU: Intel(R) UHD Graphics
LogInit: Compiled (64-bit): Dec 17 2019 02:08:03
LogInit: Compiled with Visual C++: 19.16.27032.01
LogInit: Build Configuration: Development
LogInit: Branch Name: ++UE4+Release-4.24
LogInit: Command Line: 
LogInit: Base Directory: C:/Program Files/Epic Games/UE_4.24/Engine/Binaries/Win64/
LogInit: Installed Engine Build: 1
LogDevObjectVersion: Number of dev versions registered: 25
LogDevObjectVersion:   Dev-Blueprints (B0D832E4-1F89-4F0D-ACCF-7EB736FD4AA2): 10
LogDevObjectVersion:   Dev-Build (E1C64328-A22C-4D53-A36C-8E866417BD8C): 0
LogDevObjectVersion:   Dev-Core (375EC13C-06E4-48FB-B500-84F0262A717E): 3
LogDevObjectVersion:   Dev-Editor (E4B068ED-F494-42E9-A231-DA0B2E46BB41): 37
LogDevObjectVersion:   Dev-Framework (CFFC743F-43B0-4480-9391-14DF171D2073): 36
LogDevObjectVersion:   Dev-Mobile (B02B49B5-BB20-44E9-A304-32B752E40360): 2
LogDevObjectVersion:   Dev-Networking (A4E4105C-59A1-49B5-A7C5-40C4547EDFEE): 0
LogDevObjectVersion:   Dev-Online (39C831C9-5AE6-47DC-9A44-9C173E1C8E7C): 0
LogDevObjectVersion:   Dev-Physics (78F01B33-EBEA-4F98-B9B4-84EACCB95AA2): 2
LogDevObjectVersion:   Dev-Platform (6631380F-2D4D-43E0-8009-CF276956A95A): 0
LogDevObjectVersion:   Dev-Rendering (12F88B9F-8875-4AFC-A67C-D90C383ABD29): 36
LogDevObjectVersion:   Dev-Sequencer (7B5AE74C-D270-4C10-A958-57980B212A5A): 11
LogDevObjectVersion:   Dev-VR (D7296918-1DD6-4BDD-9DE2-64A83CC13884): 2
LogDevObjectVersion:   Dev-LoadTimes (C2A15278-BFE7-4AFE-6C17-90FF531DF755): 1
LogDevObjectVersion:   Private-Geometry (6EACA3D4-40EC-4CC1-B786-8BED09428FC5): 3
LogDevObjectVersion:   Dev-AnimPhys (29E575DD-E0A3-4627-9D10-D276232CDCEA): 17
LogDevObjectVersion:   Dev-Anim (AF43A65D-7FD3-4947-9873-3E8ED9C1BB05): 2
LogDevObjectVersion:   Dev-ReflectionCapture (6B266CEC-1EC7-4B8F-A30B-E4D90942FC07): 1
LogDevObjectVersion:   Dev-Automation (0DF73D61-A23F-47EA-B727-89E90C41499A): 1
LogDevObjectVersion:   FortniteMain (601D1886-AC64-4F84-AA16-D3DE0DEAC7D6): 31
LogDevObjectVersion:   Dev-Enterprise (9DFFBCD6-494F-0158-E221-12823C92A888): 8
LogDevObjectVersion:   Dev-Niagara (F2AED0AC-9AFE-416F-8664-AA7FFA26D6FC): 1
LogDevObjectVersion:   Dev-Destruction (174F1F0B-B4C6-45A5-B13F-2EE8D0FB917D): 9
LogDevObjectVersion:   Dev-Physics-Ext (35F94A83-E258-406C-A318-09F59610247C): 8
LogDevObjectVersion:   Dev-CineCamera (B2E18506-4273-CFC2-A54E-F4BB758BBA07): 1
LogInit: Presizing for max 25165824 objects, including 0 objects not considered by GC, pre-allocating 0 bytes for permanent pool.
LogInit: Object subsystem initialized
LogConfig: Setting CVar [[con.DebugEarlyDefault:1]]
LogConfig: Setting CVar [[r.setres:1280x720]]
[2020.01.09-18.54.22:079][  0]LogConfig: Setting CVar [[r.VSync:0]]
[2020.01.09-18.54.22:079][  0]LogConfig: Setting CVar [[r.RHICmdBypass:0]]
[2020.01.09-18.54.22:079][  0]LogConfig: Applying CVar settings from Section [/Script/Engine.RendererSettings] File [C:/Users/emile/Documents/Unreal Projects/islandgame/Saved/Config/Windows/Engine.ini]
[2020.01.09-18.54.22:079][  0]LogConfig: Setting CVar [[r.GPUCrashDebugging:0]]
[2020.01.09-18.54.22:079][  0]LogConfig: Applying CVar settings from Section [/Script/Engine.RendererOverrideSettings] File [C:/Users/emile/Documents/Unreal Projects/islandgame/Saved/Config/Windows/Engine.ini]
[2020.01.09-18.54.22:079][  0]LogConfig: Applying CVar settings from Section [/Script/Engine.StreamingSettings] File [C:/Users/emile/Documents/Unreal Projects/islandgame/Saved/Config/Windows/Engine.ini]
[2020.01.09-18.54.22:079][  0]LogConfig: Setting CVar [[s.MinBulkDataSizeForAsyncLoading:131072]]
[2020.01.09-18.54.22:079][  0]LogConfig: Setting CVar [[s.AsyncLoadingThreadEnabled:0]]
[2020.01.09-18.54.22:079][  0]LogConfig: Setting CVar [[s.EventDrivenLoaderEnabled:1]]
[2020.01.09-18.54.22:079][  0]LogConfig: Setting CVar [[s.WarnIfTimeLimitExceeded:0]]
[2020.01.09-18.54.22:079][  0]LogConfig: Setting CVar [[s.TimeLimitExceededMultiplier:1.5]]
[2020.01.09-18.54.22:079][  0]LogConfig: Setting CVar [[s.TimeLimitExceededMinTime:0.005]]
[2020.01.09-18.54.22:079][  0]LogConfig: Setting CVar [[s.UseBackgroundLevelStreaming:1]]
[2020.01.09-18.54.22:079][  0]LogConfig: Setting CVar [[s.PriorityAsyncLoadingExtraTime:15.0]]
[2020.01.09-18.54.22:079][  0]LogConfig: Setting CVar [[s.LevelStreamingActorsUpdateTimeLimit:5.0]]
[2020.01.09-18.54.22:079][  0]LogConfig: Setting CVar [[s.PriorityLevelStreamingActorsUpdateExtraTime:5.0]]
[2020.01.09-18.54.22:079][  0]LogConfig: Setting CVar [[s.LevelStreamingComponentsRegistrationGranularity:10]]
[2020.01.09-18.54.22:079][  0]LogConfig: Setting CVar [[s.UnregisterComponentsTimeLimit:1.0]]
[2020.01.09-18.54.22:079][  0]LogConfig: Setting CVar [[s.LevelStreamingComponentsUnregistrationGranularity:5]]
[2020.01.09-18.54.22:079][  0]LogConfig: Setting CVar [[s.FlushStreamingOnExit:1]]
[2020.01.09-18.54.22:079][  0]LogConfig: Applying CVar settings from Section [/Script/Engine.GarbageCollectionSettings] File [C:/Users/emile/Documents/Unreal Projects/islandgame/Saved/Config/Windows/Engine.ini]
[2020.01.09-18.54.22:080][  0]LogConfig: Setting CVar [[gc.MaxObjectsNotConsideredByGC:1]]
[2020.01.09-18.54.22:080][  0]LogConfig: Setting CVar [[gc.SizeOfPermanentObjectPool:0]]
[2020.01.09-18.54.22:080][  0]LogConfig: Setting CVar [[gc.FlushStreamingOnGC:0]]
[2020.01.09-18.54.22:080][  0]LogConfig: Setting CVar [[gc.NumRetriesBeforeForcingGC:10]]
[2020.01.09-18.54.22:080][  0]LogConfig: Setting CVar [[gc.AllowParallelGC:1]]
[2020.01.09-18.54.22:080][  0]LogConfig: Setting CVar [[gc.TimeBetweenPurgingPendingKillObjects:61.1]]
[2020.01.09-18.54.22:080][  0]LogConfig: Setting CVar [[gc.MaxObjectsInEditor:25165824]]
[2020.01.09-18.54.22:080][  0]LogConfig: Setting CVar [[gc.IncrementalBeginDestroyEnabled:1]]
[2020.01.09-18.54.22:080][  0]LogConfig: Setting CVar [[gc.CreateGCClusters:1]]
[2020.01.09-18.54.22:080][  0]LogConfig: Setting CVar [[gc.MinGCClusterSize:5]]
[2020.01.09-18.54.22:080][  0]LogConfig: Setting CVar [[gc.ActorClusteringEnabled:0]]
[2020.01.09-18.54.22:080][  0]LogConfig: Setting CVar [[gc.BlueprintClusteringEnabled:0]]
[2020.01.09-18.54.22:080][  0]LogConfig: Setting CVar [[gc.UseDisregardForGCOnDedicatedServers:0]]
[2020.01.09-18.54.22:080][  0]LogConfig: Applying CVar settings from Section [/Script/Engine.NetworkSettings] File [C:/Users/emile/Documents/Unreal Projects/islandgame/Saved/Config/Windows/Engine.ini]
[2020.01.09-18.54.22:080][  0]LogConfig: Applying CVar settings from Section [/Script/UnrealEd.CookerSettings] File [C:/Users/emile/Documents/Unreal Projects/islandgame/Saved/Config/Windows/Engine.ini]
[2020.01.09-18.54.22:082][  0]LogConfig: Applying CVar settings from Section [ViewDistanceQuality@3] File [C:/Users/emile/Documents/Unreal Projects/islandgame/Saved/Config/Windows/Scalability.ini]
[2020.01.09-18.54.22:082][  0]LogConfig: Setting CVar [[r.SkeletalMeshLODBias:0]]
[2020.01.09-18.54.22:082][  0]LogConfig: Setting CVar [[r.ViewDistanceScale:1.0]]
[2020.01.09-18.54.22:082][  0]LogConfig: Applying CVar settings from Section [AntiAliasingQuality@3] File [C:/Users/emile/Documents/Unreal Projects/islandgame/Saved/Config/Windows/Scalability.ini]
[2020.01.09-18.54.22:082][  0]LogConfig: Setting CVar [[r.PostProcessAAQuality:4]]
[2020.01.09-18.54.22:082][  0]LogConfig: Applying CVar settings from Section [ShadowQuality@3] File [C:/Users/emile/Documents/Unreal Projects/islandgame/Saved/Config/Windows/Scalability.ini]
[2020.01.09-18.54.22:082][  0]LogConfig: Setting CVar [[r.LightFunctionQuality:1]]
[2020.01.09-18.54.22:082][  0]LogConfig: Setting CVar [[r.ShadowQuality:5]]
[2020.01.09-18.54.22:082][  0]LogConfig: Setting CVar [[r.Shadow.CSM.MaxCascades:10]]
[2020.01.09-18.54.22:082][  0]LogConfig: Setting CVar [[r.Shadow.MaxResolution:2048]]
[2020.01.09-18.54.22:082][  0]LogConfig: Setting CVar [[r.Shadow.MaxCSMResolution:2048]]
[2020.01.09-18.54.22:082][  0]LogConfig: Setting CVar [[r.Shadow.RadiusThreshold:0.01]]
[2020.01.09-18.54.22:082][  0]LogConfig: Setting CVar [[r.Shadow.DistanceScale:1.0]]
[2020.01.09-18.54.22:082][  0]LogConfig: Setting CVar [[r.Shadow.CSM.TransitionScale:1.0]]
[2020.01.09-18.54.22:082][  0]LogConfig: Setting CVar [[r.Shadow.PreShadowResolutionFactor:1.0]]
[2020.01.09-18.54.22:082][  0]LogConfig: Setting CVar [[r.DistanceFieldShadowing:1]]
[2020.01.09-18.54.22:082][  0]LogConfig: Setting CVar [[r.DistanceFieldAO:1]]
[2020.01.09-18.54.22:082][  0]LogConfig: Setting CVar [[r.AOQuality:2]]
[2020.01.09-18.54.22:082][  0]LogConfig: Setting CVar [[r.VolumetricFog:1]]
[2020.01.09-18.54.22:082][  0]LogConfig: Setting CVar [[r.VolumetricFog.GridPixelSize:8]]
[2020.01.09-18.54.22:082][  0]LogConfig: Setting CVar [[r.VolumetricFog.GridSizeZ:128]]
[2020.01.09-18.54.22:082][  0]LogConfig: Setting CVar [[r.VolumetricFog.HistoryMissSupersampleCount:4]]
[2020.01.09-18.54.22:082][  0]LogConfig: Setting CVar [[r.LightMaxDrawDistanceScale:1]]
[2020.01.09-18.54.22:082][  0]LogConfig: Setting CVar [[r.CapsuleShadows:1]]
[2020.01.09-18.54.22:082][  0]LogConfig: Applying CVar settings from Section [PostProcessQuality@3] File [C:/Users/emile/Documents/Unreal Projects/islandgame/Saved/Config/Windows/Scalability.ini]
[2020.01.09-18.54.22:082][  0]LogConfig: Setting CVar [[r.MotionBlurQuality:4]]
[2020.01.09-18.54.22:082][  0]LogConfig: Setting CVar [[r.AmbientOcclusionMipLevelFactor:0.4]]
[2020.01.09-18.54.22:082][  0]LogConfig: Setting CVar [[r.AmbientOcclusionMaxQuality:100]]
[2020.01.09-18.54.22:082][  0]LogConfig: Setting CVar [[r.AmbientOcclusionLevels:-1]]
[2020.01.09-18.54.22:082][  0]LogConfig: Setting CVar [[r.AmbientOcclusionRadiusScale:1.0]]
[2020.01.09-18.54.22:082][  0]LogConfig: Setting CVar [[r.DepthOfFieldQuality:2]]
[2020.01.09-18.54.22:082][  0]LogConfig: Setting CVar [[r.RenderTargetPoolMin:400]]
[2020.01.09-18.54.22:082][  0]LogConfig: Setting CVar [[r.LensFlareQuality:2]]
[2020.01.09-18.54.22:082][  0]LogConfig: Setting CVar [[r.SceneColorFringeQuality:1]]
[2020.01.09-18.54.22:082][  0]LogConfig: Setting CVar [[r.EyeAdaptationQuality:2]]
[2020.01.09-18.54.22:082][  0]LogConfig: Setting CVar [[r.BloomQuality:5]]
[2020.01.09-18.54.22:082][  0]LogConfig: Setting CVar [[r.FastBlurThreshold:100]]
[2020.01.09-18.54.22:082][  0]LogConfig: Setting CVar [[r.Upscale.Quality:3]]
[2020.01.09-18.54.22:082][  0]LogConfig: Setting CVar [[r.Tonemapper.GrainQuantization:1]]
[2020.01.09-18.54.22:082][  0]LogConfig: Setting CVar [[r.LightShaftQuality:1]]
[2020.01.09-18.54.22:082][  0]LogConfig: Setting CVar [[r.Filter.SizeScale:1]]
[2020.01.09-18.54.22:082][  0]LogConfig: Setting CVar [[r.Tonemapper.Quality:5]]
[2020.01.09-18.54.22:082][  0]LogConfig: Setting CVar [[r.DOF.Gather.AccumulatorQuality:1        ; higher gathering accumulator quality]]
[2020.01.09-18.54.22:083][  0]LogConfig: Setting CVar [[r.DOF.Gather.PostfilterMethod:1          ; Median3x3 postfilering method]]
[2020.01.09-18.54.22:083][  0]LogConfig: Setting CVar [[r.DOF.Gather.EnableBokehSettings:0       ; no bokeh simulation when gathering]]
[2020.01.09-18.54.22:083][  0]LogConfig: Setting CVar [[r.DOF.Gather.RingCount:4                 ; medium number of samples when gathering]]
[2020.01.09-18.54.22:083][  0]LogConfig: Setting CVar [[r.DOF.Scatter.ForegroundCompositing:1    ; additive foreground scattering]]
[2020.01.09-18.54.22:083][  0]LogConfig: Setting CVar [[r.DOF.Scatter.BackgroundCompositing:2    ; additive background scattering]]
[2020.01.09-18.54.22:083][  0]LogConfig: Setting CVar [[r.DOF.Scatter.EnableBokehSettings:1      ; bokeh simulation when scattering]]
[2020.01.09-18.54.22:083][  0]LogConfig: Setting CVar [[r.DOF.Scatter.MaxSpriteRatio:0.1         ; only a maximum of 10% of scattered bokeh]]
[2020.01.09-18.54.22:083][  0]LogConfig: Setting CVar [[r.DOF.Recombine.Quality:1                ; cheap slight out of focus]]
[2020.01.09-18.54.22:083][  0]LogConfig: Setting CVar [[r.DOF.Recombine.EnableBokehSettings:0    ; no bokeh simulation on slight out of focus]]
[2020.01.09-18.54.22:083][  0]LogConfig: Setting CVar [[r.DOF.TemporalAAQuality:1                ; more stable temporal accumulation]]
[2020.01.09-18.54.22:083][  0]LogConfig: Setting CVar [[r.DOF.Kernel.MaxForegroundRadius:0.025]]
[2020.01.09-18.54.22:083][  0]LogConfig: Setting CVar [[r.DOF.Kernel.MaxBackgroundRadius:0.025]]
[2020.01.09-18.54.22:083][  0]LogConfig: Applying CVar settings from Section [TextureQuality@3] File [C:/Users/emile/Documents/Unreal Projects/islandgame/Saved/Config/Windows/Scalability.ini]
[2020.01.09-18.54.22:083][  0]LogConfig: Setting CVar [[r.Streaming.MipBias:0]]
[2020.01.09-18.54.22:083][  0]LogConfig: Setting CVar [[r.Streaming.AmortizeCPUToGPUCopy:0]]
[2020.01.09-18.54.22:083][  0]LogConfig: Setting CVar [[r.Streaming.MaxNumTexturesToStreamPerFrame:0]]
[2020.01.09-18.54.22:083][  0]LogConfig: Setting CVar [[r.Streaming.Boost:1]]
[2020.01.09-18.54.22:083][  0]LogConfig: Setting CVar [[r.MaxAnisotropy:8]]
[2020.01.09-18.54.22:083][  0]LogConfig: Setting CVar [[r.VT.MaxAnisotropy:8]]
[2020.01.09-18.54.22:083][  0]LogConfig: Setting CVar [[r.Streaming.LimitPoolSizeToVRAM:0]]
[2020.01.09-18.54.22:083][  0]LogConfig: Setting CVar [[r.Streaming.PoolSize:1000]]
[2020.01.09-18.54.22:083][  0]LogConfig: Setting CVar [[r.Streaming.MaxEffectiveScreenSize:0]]
[2020.01.09-18.54.22:083][  0]LogConfig: Applying CVar settings from Section [EffectsQuality@3] File [C:/Users/emile/Documents/Unreal Projects/islandgame/Saved/Config/Windows/Scalability.ini]
[2020.01.09-18.54.22:083][  0]LogConfig: Setting CVar [[r.TranslucencyLightingVolumeDim:64]]
[2020.01.09-18.54.22:083][  0]LogConfig: Setting CVar [[r.RefractionQuality:2]]
[2020.01.09-18.54.22:083][  0]LogConfig: Setting CVar [[r.SSR.Quality:3]]
[2020.01.09-18.54.22:083][  0]LogConfig: Setting CVar [[r.SSR.HalfResSceneColor:0]]
[2020.01.09-18.54.22:083][  0]LogConfig: Setting CVar [[r.SceneColorFormat:4]]
[2020.01.09-18.54.22:083][  0]LogConfig: Setting CVar [[r.DetailMode:2]]
[2020.01.09-18.54.22:083][  0]LogConfig: Setting CVar [[r.TranslucencyVolumeBlur:1]]
[2020.01.09-18.54.22:083][  0]LogConfig: Setting CVar [[r.MaterialQualityLevel:1 ; High quality]]
[2020.01.09-18.54.22:083][  0]LogConfig: Setting CVar [[r.SSS.Scale:1]]
[2020.01.09-18.54.22:083][  0]LogConfig: Setting CVar [[r.SSS.SampleSet:2]]
[2020.01.09-18.54.22:083][  0]LogConfig: Setting CVar [[r.SSS.Quality:1]]
[2020.01.09-18.54.22:083][  0]LogConfig: Setting CVar [[r.SSS.HalfRes:1]]
[2020.01.09-18.54.22:083][  0]LogConfig: Setting CVar [[r.SSGI.Quality:3]]
[2020.01.09-18.54.22:083][  0]LogConfig: Setting CVar [[r.EmitterSpawnRateScale:1.0]]
[2020.01.09-18.54.22:083][  0]LogConfig: Setting CVar [[r.ParticleLightQuality:2]]
[2020.01.09-18.54.22:083][  0]LogConfig: Setting CVar [[r.SkyAtmosphere.AerialPerspectiveLUT.FastApplyOnOpaque:1 ; Always have FastSkyLUT 1 in this case to avoid wrong sky]]
[2020.01.09-18.54.22:083][  0]LogConfig: Setting CVar [[r.SkyAtmosphere.AerialPerspectiveLUT.SampleCountPerSlice:1]]
[2020.01.09-18.54.22:083][  0]LogConfig: Setting CVar [[r.SkyAtmosphere.AerialPerspectiveLUT.DepthResolution:16.0]]
[2020.01.09-18.54.22:083][  0]LogConfig: Setting CVar [[r.SkyAtmosphere.FastSkyLUT:1]]
[2020.01.09-18.54.22:083][  0]LogConfig: Setting CVar [[r.SkyAtmosphere.FastSkyLUT.SampleCountMin:4.0]]
[2020.01.09-18.54.22:083][  0]LogConfig: Setting CVar [[r.SkyAtmosphere.FastSkyLUT.SampleCountMax:32.0]]
[2020.01.09-18.54.22:083][  0]LogConfig: Setting CVar [[r.SkyAtmosphere.SampleCountMin:4.0]]
[2020.01.09-18.54.22:083][  0]LogConfig: Setting CVar [[r.SkyAtmosphere.SampleCountMax:32.0]]
[2020.01.09-18.54.22:083][  0]LogConfig: Setting CVar [[r.SkyAtmosphere.TransmittanceLUT.UseSmallFormat:0]]
[2020.01.09-18.54.22:083][  0]LogConfig: Setting CVar [[r.SkyAtmosphere.TransmittanceLUT.SampleCount:10.0]]
[2020.01.09-18.54.22:083][  0]LogConfig: Setting CVar [[r.SkyAtmosphere.MultiScatteringLUT.SampleCount:15.0]]
[2020.01.09-18.54.22:083][  0]LogConfig: Applying CVar settings from Section [FoliageQuality@3] File [C:/Users/emile/Documents/Unreal Projects/islandgame/Saved/Config/Windows/Scalability.ini]
[2020.01.09-18.54.22:083][  0]LogConfig: Setting CVar [[foliage.DensityScale:1.0]]
[2020.01.09-18.54.22:083][  0]LogConfig: Setting CVar [[grass.DensityScale:1.0]]
[2020.01.09-18.54.22:083][  0]LogConfig: Applying CVar settings from Section [ShadingQuality@3] File [C:/Users/emile/Documents/Unreal Projects/islandgame/Saved/Config/Windows/Scalability.ini]
[2020.01.09-18.54.22:083][  0]LogConfig: Setting CVar [[r.HairStrands.SkyLighting.SampleCount:16]]
[2020.01.09-18.54.22:083][  0]LogConfig: Setting CVar [[r.HairStrands.SkyLighting.JitterIntegration:0]]
[2020.01.09-18.54.22:083][  0]LogConfig: Setting CVar [[r.HairStrands.SkyAO.SampleCount:16]]
[2020.01.09-18.54.22:083][  0]LogInit: Selected Device Profile: [Windows]
[2020.01.09-18.54.22:083][  0]LogInit: Applying CVar settings loaded from the selected device profile: [Windows]
[2020.01.09-18.54.22:087][  0]LogHAL: Display: Platform has ~ 8 GB [8362487808 / 8589934592 / 8], which maps to Default [LargestMinGB=32, LargerMinGB=12, DefaultMinGB=8, SmallerMinGB=6, SmallestMinGB=0)
[2020.01.09-18.54.22:087][  0]LogInit: Going up to parent DeviceProfile []
[2020.01.09-18.54.22:087][  0]LogConfig: Applying CVar settings from Section [ViewDistanceQuality@3] File [C:/Users/emile/Documents/Unreal Projects/islandgame/Saved/Config/Windows/Scalability.ini]
[2020.01.09-18.54.22:087][  0]LogConfig: Setting CVar [[r.SkeletalMeshLODBias:0]]
[2020.01.09-18.54.22:087][  0]LogConfig: Setting CVar [[r.ViewDistanceScale:1.0]]
[2020.01.09-18.54.22:087][  0]LogConfig: Applying CVar settings from Section [AntiAliasingQuality@3] File [C:/Users/emile/Documents/Unreal Projects/islandgame/Saved/Config/Windows/Scalability.ini]
[2020.01.09-18.54.22:087][  0]LogConfig: Setting CVar [[r.PostProcessAAQuality:4]]
[2020.01.09-18.54.22:087][  0]LogConfig: Applying CVar settings from Section [ShadowQuality@3] File [C:/Users/emile/Documents/Unreal Projects/islandgame/Saved/Config/Windows/Scalability.ini]
[2020.01.09-18.54.22:087][  0]LogConfig: Setting CVar [[r.LightFunctionQuality:1]]
[2020.01.09-18.54.22:087][  0]LogConfig: Setting CVar [[r.ShadowQuality:5]]
[2020.01.09-18.54.22:087][  0]LogConfig: Setting CVar [[r.Shadow.CSM.MaxCascades:10]]
[2020.01.09-18.54.22:087][  0]LogConfig: Setting CVar [[r.Shadow.MaxResolution:2048]]
[2020.01.09-18.54.22:088][  0]LogConfig: Setting CVar [[r.Shadow.MaxCSMResolution:2048]]
[2020.01.09-18.54.22:088][  0]LogConfig: Setting CVar [[r.Shadow.RadiusThreshold:0.01]]
[2020.01.09-18.54.22:088][  0]LogConfig: Setting CVar [[r.Shadow.DistanceScale:1.0]]
[2020.01.09-18.54.22:088][  0]LogConfig: Setting CVar [[r.Shadow.CSM.TransitionScale:1.0]]
[2020.01.09-18.54.22:088][  0]LogConfig: Setting CVar [[r.Shadow.PreShadowResolutionFactor:1.0]]
[2020.01.09-18.54.22:088][  0]LogConfig: Setting CVar [[r.DistanceFieldShadowing:1]]
[2020.01.09-18.54.22:088][  0]LogConfig: Setting CVar [[r.DistanceFieldAO:1]]
[2020.01.09-18.54.22:088][  0]LogConfig: Setting CVar [[r.AOQuality:2]]
[2020.01.09-18.54.22:088][  0]LogConfig: Setting CVar [[r.VolumetricFog:1]]
[2020.01.09-18.54.22:088][  0]LogConfig: Setting CVar [[r.VolumetricFog.GridPixelSize:8]]
[2020.01.09-18.54.22:088][  0]LogConfig: Setting CVar [[r.VolumetricFog.GridSizeZ:128]]
[2020.01.09-18.54.22:088][  0]LogConfig: Setting CVar [[r.VolumetricFog.HistoryMissSupersampleCount:4]]
[2020.01.09-18.54.22:088][  0]LogConfig: Setting CVar [[r.LightMaxDrawDistanceScale:1]]
[2020.01.09-18.54.22:088][  0]LogConfig: Setting CVar [[r.CapsuleShadows:1]]
[2020.01.09-18.54.22:088][  0]LogConfig: Applying CVar settings from Section [PostProcessQuality@3] File [C:/Users/emile/Documents/Unreal Projects/islandgame/Saved/Config/Windows/Scalability.ini]
[2020.01.09-18.54.22:088][  0]LogConfig: Setting CVar [[r.MotionBlurQuality:4]]
[2020.01.09-18.54.22:088][  0]LogConfig: Setting CVar [[r.AmbientOcclusionMipLevelFactor:0.4]]
[2020.01.09-18.54.22:088][  0]LogConfig: Setting CVar [[r.AmbientOcclusionMaxQuality:100]]
[2020.01.09-18.54.22:088][  0]LogConfig: Setting CVar [[r.AmbientOcclusionLevels:-1]]
[2020.01.09-18.54.22:088][  0]LogConfig: Setting CVar [[r.AmbientOcclusionRadiusScale:1.0]]
[2020.01.09-18.54.22:088][  0]LogConfig: Setting CVar [[r.DepthOfFieldQuality:2]]
[2020.01.09-18.54.22:088][  0]LogConfig: Setting CVar [[r.RenderTargetPoolMin:400]]
[2020.01.09-18.54.22:088][  0]LogConfig: Setting CVar [[r.LensFlareQuality:2]]
[2020.01.09-18.54.22:088][  0]LogConfig: Setting CVar [[r.SceneColorFringeQuality:1]]
[2020.01.09-18.54.22:088][  0]LogConfig: Setting CVar [[r.EyeAdaptationQuality:2]]
[2020.01.09-18.54.22:088][  0]LogConfig: Setting CVar [[r.BloomQuality:5]]
[2020.01.09-18.54.22:088][  0]LogConfig: Setting CVar [[r.FastBlurThreshold:100]]
[2020.01.09-18.54.22:088][  0]LogConfig: Setting CVar [[r.Upscale.Quality:3]]
[2020.01.09-18.54.22:088][  0]LogConfig: Setting CVar [[r.Tonemapper.GrainQuantization:1]]
[2020.01.09-18.54.22:088][  0]LogConfig: Setting CVar [[r.LightShaftQuality:1]]
[2020.01.09-18.54.22:088][  0]LogConfig: Setting CVar [[r.Filter.SizeScale:1]]
[2020.01.09-18.54.22:088][  0]LogConfig: Setting CVar [[r.Tonemapper.Quality:5]]
[2020.01.09-18.54.22:088][  0]LogConfig: Setting CVar [[r.DOF.Gather.AccumulatorQuality:1        ; higher gathering accumulator quality]]
[2020.01.09-18.54.22:088][  0]LogConfig: Setting CVar [[r.DOF.Gather.PostfilterMethod:1          ; Median3x3 postfilering method]]
[2020.01.09-18.54.22:088][  0]LogConfig: Setting CVar [[r.DOF.Gather.EnableBokehSettings:0       ; no bokeh simulation when gathering]]
[2020.01.09-18.54.22:088][  0]LogConfig: Setting CVar [[r.DOF.Gather.RingCount:4                 ; medium number of samples when gathering]]
[2020.01.09-18.54.22:088][  0]LogConfig: Setting CVar [[r.DOF.Scatter.ForegroundCompositing:1    ; additive foreground scattering]]
[2020.01.09-18.54.22:088][  0]LogConfig: Setting CVar [[r.DOF.Scatter.BackgroundCompositing:2    ; additive background scattering]]
[2020.01.09-18.54.22:088][  0]LogConfig: Setting CVar [[r.DOF.Scatter.EnableBokehSettings:1      ; bokeh simulation when scattering]]
[2020.01.09-18.54.22:088][  0]LogConfig: Setting CVar [[r.DOF.Scatter.MaxSpriteRatio:0.1         ; only a maximum of 10% of scattered bokeh]]
[2020.01.09-18.54.22:088][  0]LogConfig: Setting CVar [[r.DOF.Recombine.Quality:1                ; cheap slight out of focus]]
[2020.01.09-18.54.22:088][  0]LogConfig: Setting CVar [[r.DOF.Recombine.EnableBokehSettings:0    ; no bokeh simulation on slight out of focus]]
[2020.01.09-18.54.22:088][  0]LogConfig: Setting CVar [[r.DOF.TemporalAAQuality:1                ; more stable temporal accumulation]]
[2020.01.09-18.54.22:088][  0]LogConfig: Setting CVar [[r.DOF.Kernel.MaxForegroundRadius:0.025]]
[2020.01.09-18.54.22:088][  0]LogConfig: Setting CVar [[r.DOF.Kernel.MaxBackgroundRadius:0.025]]
[2020.01.09-18.54.22:088][  0]LogConfig: Applying CVar settings from Section [TextureQuality@3] File [C:/Users/emile/Documents/Unreal Projects/islandgame/Saved/Config/Windows/Scalability.ini]
[2020.01.09-18.54.22:088][  0]LogConfig: Setting CVar [[r.Streaming.MipBias:0]]
[2020.01.09-18.54.22:088][  0]LogConfig: Setting CVar [[r.Streaming.AmortizeCPUToGPUCopy:0]]
[2020.01.09-18.54.22:088][  0]LogConfig: Setting CVar [[r.Streaming.MaxNumTexturesToStreamPerFrame:0]]
[2020.01.09-18.54.22:088][  0]LogConfig: Setting CVar [[r.Streaming.Boost:1]]
[2020.01.09-18.54.22:088][  0]LogConfig: Setting CVar [[r.MaxAnisotropy:8]]
[2020.01.09-18.54.22:088][  0]LogConfig: Setting CVar [[r.VT.MaxAnisotropy:8]]
[2020.01.09-18.54.22:088][  0]LogConfig: Setting CVar [[r.Streaming.LimitPoolSizeToVRAM:0]]
[2020.01.09-18.54.22:088][  0]LogConfig: Setting CVar [[r.Streaming.PoolSize:1000]]
[2020.01.09-18.54.22:088][  0]LogConfig: Setting CVar [[r.Streaming.MaxEffectiveScreenSize:0]]
[2020.01.09-18.54.22:088][  0]LogConfig: Applying CVar settings from Section [EffectsQuality@3] File [C:/Users/emile/Documents/Unreal Projects/islandgame/Saved/Config/Windows/Scalability.ini]
[2020.01.09-18.54.22:088][  0]LogConfig: Setting CVar [[r.TranslucencyLightingVolumeDim:64]]
[2020.01.09-18.54.22:088][  0]LogConfig: Setting CVar [[r.RefractionQuality:2]]
[2020.01.09-18.54.22:088][  0]LogConfig: Setting CVar [[r.SSR.Quality:3]]
[2020.01.09-18.54.22:088][  0]LogConfig: Setting CVar [[r.SSR.HalfResSceneColor:0]]
[2020.01.09-18.54.22:088][  0]LogConfig: Setting CVar [[r.SceneColorFormat:4]]
[2020.01.09-18.54.22:088][  0]LogConfig: Setting CVar [[r.DetailMode:2]]
[2020.01.09-18.54.22:088][  0]LogConfig: Setting CVar [[r.TranslucencyVolumeBlur:1]]
[2020.01.09-18.54.22:088][  0]LogConfig: Setting CVar [[r.MaterialQualityLevel:1 ; High quality]]
[2020.01.09-18.54.22:088][  0]LogConfig: Setting CVar [[r.SSS.Scale:1]]
[2020.01.09-18.54.22:088][  0]LogConfig: Setting CVar [[r.SSS.SampleSet:2]]
[2020.01.09-18.54.22:088][  0]LogConfig: Setting CVar [[r.SSS.Quality:1]]
[2020.01.09-18.54.22:089][  0]LogConfig: Setting CVar [[r.SSS.HalfRes:1]]
[2020.01.09-18.54.22:089][  0]LogConfig: Setting CVar [[r.SSGI.Quality:3]]
[2020.01.09-18.54.22:089][  0]LogConfig: Setting CVar [[r.EmitterSpawnRateScale:1.0]]
[2020.01.09-18.54.22:089][  0]LogConfig: Setting CVar [[r.ParticleLightQuality:2]]
[2020.01.09-18.54.22:089][  0]LogConfig: Setting CVar [[r.SkyAtmosphere.AerialPerspectiveLUT.FastApplyOnOpaque:1 ; Always have FastSkyLUT 1 in this case to avoid wrong sky]]
[2020.01.09-18.54.22:089][  0]LogConfig: Setting CVar [[r.SkyAtmosphere.AerialPerspectiveLUT.SampleCountPerSlice:1]]
[2020.01.09-18.54.22:089][  0]LogConfig: Setting CVar [[r.SkyAtmosphere.AerialPerspectiveLUT.DepthResolution:16.0]]
[2020.01.09-18.54.22:089][  0]LogConfig: Setting CVar [[r.SkyAtmosphere.FastSkyLUT:1]]
[2020.01.09-18.54.22:089][  0]LogConfig: Setting CVar [[r.SkyAtmosphere.FastSkyLUT.SampleCountMin:4.0]]
[2020.01.09-18.54.22:089][  0]LogConfig: Setting CVar [[r.SkyAtmosphere.FastSkyLUT.SampleCountMax:32.0]]
[2020.01.09-18.54.22:089][  0]LogConfig: Setting CVar [[r.SkyAtmosphere.SampleCountMin:4.0]]
[2020.01.09-18.54.22:089][  0]LogConfig: Setting CVar [[r.SkyAtmosphere.SampleCountMax:32.0]]
[2020.01.09-18.54.22:089][  0]LogConfig: Setting CVar [[r.SkyAtmosphere.TransmittanceLUT.UseSmallFormat:0]]
[2020.01.09-18.54.22:089][  0]LogConfig: Setting CVar [[r.SkyAtmosphere.TransmittanceLUT.SampleCount:10.0]]
[2020.01.09-18.54.22:089][  0]LogConfig: Setting CVar [[r.SkyAtmosphere.MultiScatteringLUT.SampleCount:15.0]]
[2020.01.09-18.54.22:089][  0]LogConfig: Applying CVar settings from Section [FoliageQuality@3] File [C:/Users/emile/Documents/Unreal Projects/islandgame/Saved/Config/Windows/Scalability.ini]
[2020.01.09-18.54.22:089][  0]LogConfig: Setting CVar [[foliage.DensityScale:1.0]]
[2020.01.09-18.54.22:089][  0]LogConfig: Setting CVar [[grass.DensityScale:1.0]]
[2020.01.09-18.54.22:089][  0]LogConfig: Applying CVar settings from Section [ShadingQuality@3] File [C:/Users/emile/Documents/Unreal Projects/islandgame/Saved/Config/Windows/Scalability.ini]
[2020.01.09-18.54.22:089][  0]LogConfig: Setting CVar [[r.HairStrands.SkyLighting.SampleCount:16]]
[2020.01.09-18.54.22:089][  0]LogConfig: Setting CVar [[r.HairStrands.SkyLighting.JitterIntegration:0]]
[2020.01.09-18.54.22:089][  0]LogConfig: Setting CVar [[r.HairStrands.SkyAO.SampleCount:16]]
[2020.01.09-18.54.22:089][  0]LogConfig: Applying CVar settings from Section [Startup] File [../../../Engine/Config/ConsoleVariables.ini]
[2020.01.09-18.54.22:089][  0]LogConfig: Setting CVar [[net.UseAdaptiveNetUpdateFrequency:0]]
[2020.01.09-18.54.22:089][  0]LogConfig: Setting CVar [[p.chaos.AllowCreatePhysxBodies:1]]
[2020.01.09-18.54.22:089][  0]LogConfig: Applying CVar settings from Section [ConsoleVariables] File [C:/Users/emile/Documents/Unreal Projects/islandgame/Saved/Config/Windows/Engine.ini]
[2020.01.09-18.54.22:089][  0]LogInit: Computer: DESKTOP-FOLOA28
[2020.01.09-18.54.22:089][  0]LogInit: User: emile
[2020.01.09-18.54.22:089][  0]LogInit: CPU Page size=4096, Cores=6
[2020.01.09-18.54.22:089][  0]LogInit: High frequency timer resolution =10.000000 MHz
[2020.01.09-18.54.22:090][  0]LogMemory: Memory total: Physical=7.8GB (8GB approx)
[2020.01.09-18.54.22:090][  0]LogMemory: Platform Memory Stats for Windows
[2020.01.09-18.54.22:090][  0]LogMemory: Process Physical Memory: 105.56 MB used, 105.56 MB peak
[2020.01.09-18.54.22:090][  0]LogMemory: Process Virtual Memory: 101.52 MB used, 101.52 MB peak
[2020.01.09-18.54.22:090][  0]LogMemory: Physical Memory: 4823.52 MB used,  3151.57 MB free, 7975.09 MB total
[2020.01.09-18.54.22:090][  0]LogMemory: Virtual Memory: 5159.21 MB used,  134212568.00 MB free, 134217728.00 MB total
[2020.01.09-18.54.22:092][  0]LogWindows: WindowsPlatformFeatures enabled
[2020.01.09-18.54.22:128][  0]LogInit: Using OS detected language (en-US).
[2020.01.09-18.54.22:128][  0]LogInit: Using OS detected locale (en-US).
[2020.01.09-18.54.22:129][  0]LogTextLocalizationManager: No specific localization for 'en-US' exists, so the 'en' localization will be used.
[2020.01.09-18.54.22:431][  0]LogInit: Setting process to per monitor DPI aware
[2020.01.09-18.54.22:466][  0]LogSlate: New Slate User Created.  User Index 0, Is Virtual User: 0
[2020.01.09-18.54.22:466][  0]LogSlate: Slate User Registered.  User Index 0, Is Virtual User: 0
[2020.01.09-18.54.22:680][  0]LogHMD: Failed to initialize OpenVR with code 110
[2020.01.09-18.54.22:680][  0]LogD3D11RHI: D3D11 min allowed feature level: 11_0
[2020.01.09-18.54.22:680][  0]LogD3D11RHI: D3D11 max allowed feature level: 11_0
[2020.01.09-18.54.22:680][  0]LogD3D11RHI: D3D11 adapters:
[2020.01.09-18.54.22:770][  0]LogD3D11RHI:    0. 'Intel(R) UHD Graphics' (Feature Level 11_0)
[2020.01.09-18.54.22:770][  0]LogD3D11RHI:       128/0/3987 MB DedicatedVideo/DedicatedSystem/SharedSystem, Outputs:1, VendorId:0x8086
[2020.01.09-18.54.22:774][  0]LogD3D11RHI:    1. 'Microsoft Basic Render Driver' (Feature Level 11_0)
[2020.01.09-18.54.22:774][  0]LogD3D11RHI:       0/0/3987 MB DedicatedVideo/DedicatedSystem/SharedSystem, Outputs:0, VendorId:0x1414
[2020.01.09-18.54.22:774][  0]LogD3D11RHI: Chosen D3D11 Adapter: 0
[2020.01.09-18.54.22:781][  0]LogD3D11RHI: Creating new Direct3DDevice
[2020.01.09-18.54.22:781][  0]LogD3D11RHI:     GPU DeviceId: 0x9bca (for the marketing name, search the web for "GPU Device Id")
[2020.01.09-18.54.22:781][  0]LogWindows: EnumDisplayDevices:
[2020.01.09-18.54.22:781][  0]LogWindows:    0. 'Intel(R) UHD Graphics' (P:1 D:1)
[2020.01.09-18.54.22:781][  0]LogWindows:    1. 'Intel(R) UHD Graphics' (P:0 D:0)
[2020.01.09-18.54.22:782][  0]LogWindows:    2. 'Intel(R) UHD Graphics' (P:0 D:0)
[2020.01.09-18.54.22:782][  0]LogWindows: DebugString: FoundDriverCount:3 
[2020.01.09-18.54.22:782][  0]LogD3D11RHI:     Adapter Name: Intel(R) UHD Graphics
[2020.01.09-18.54.22:782][  0]LogD3D11RHI:   Driver Version: 26.20.100.6952 (internal:26.20.100.6952, unified:26.20.100.6952)
[2020.01.09-18.54.22:782][  0]LogD3D11RHI:      Driver Date: 6-12-2019
[2020.01.09-18.54.22:782][  0]LogRHI: Texture pool is 1485 MB (70% of 2121 MB)
[2020.01.09-18.54.22:886][  0]LogD3D11RHI: RHI does not have support for 64 bit atomics
[2020.01.09-18.54.22:886][  0]LogD3D11RHI: [IntelMetricsDiscovery] Started
[2020.01.09-18.54.22:886][  0]LogD3D11RHI: Async texture creation enabled
[2020.01.09-18.54.22:892][  0]LogD3D11RHI: GPU Timing Frequency: 12.000048 (Debug: 2 0)
[2020.01.09-18.54.23:180][  0]LogTargetPlatformManager: Display: Loaded TargetPlatform 'AllDesktop'
[2020.01.09-18.54.23:220][  0]LogTargetPlatformManager: Display: Loaded TargetPlatform 'Android'
[2020.01.09-18.54.23:220][  0]LogTargetPlatformManager: Display: Loaded TargetPlatform 'Android_ASTC'
[2020.01.09-18.54.23:220][  0]LogTargetPlatformManager: Display: Loaded TargetPlatform 'Android_ATC'
[2020.01.09-18.54.23:220][  0]LogTargetPlatformManager: Display: Loaded TargetPlatform 'Android_DXT'
[2020.01.09-18.54.23:220][  0]LogTargetPlatformManager: Display: Loaded TargetPlatform 'Android_ETC1'
[2020.01.09-18.54.23:220][  0]LogTargetPlatformManager: Display: Loaded TargetPlatform 'Android_ETC1a'
[2020.01.09-18.54.23:220][  0]LogTargetPlatformManager: Display: Loaded TargetPlatform 'Android_ETC2'
[2020.01.09-18.54.23:220][  0]LogTargetPlatformManager: Display: Loaded TargetPlatform 'Android_PVRTC'
[2020.01.09-18.54.23:220][  0]LogTargetPlatformManager: Display: Loaded TargetPlatform 'AndroidClient'
[2020.01.09-18.54.23:220][  0]LogTargetPlatformManager: Display: Loaded TargetPlatform 'Android_ASTCClient'
[2020.01.09-18.54.23:220][  0]LogTargetPlatformManager: Display: Loaded TargetPlatform 'Android_ATCClient'
[2020.01.09-18.54.23:220][  0]LogTargetPlatformManager: Display: Loaded TargetPlatform 'Android_DXTClient'
[2020.01.09-18.54.23:220][  0]LogTargetPlatformManager: Display: Loaded TargetPlatform 'Android_ETC1Client'
[2020.01.09-18.54.23:220][  0]LogTargetPlatformManager: Display: Loaded TargetPlatform 'Android_ETC1aClient'
[2020.01.09-18.54.23:220][  0]LogTargetPlatformManager: Display: Loaded TargetPlatform 'Android_ETC2Client'
[2020.01.09-18.54.23:220][  0]LogTargetPlatformManager: Display: Loaded TargetPlatform 'Android_PVRTCClient'
[2020.01.09-18.54.23:220][  0]LogTargetPlatformManager: Display: Loaded TargetPlatform 'Android_Multi'
[2020.01.09-18.54.23:220][  0]LogTargetPlatformManager: Display: Loaded TargetPlatform 'Android_MultiClient'
[2020.01.09-18.54.23:249][  0]LogTargetPlatformManager: Display: Loaded TargetPlatform 'IOSClient'
[2020.01.09-18.54.23:249][  0]LogTargetPlatformManager: Display: Loaded TargetPlatform 'IOS'
[2020.01.09-18.54.23:258][  0]LogTargetPlatformManager: Display: Loaded TargetPlatform 'LinuxNoEditor'
[2020.01.09-18.54.23:266][  0]LogTargetPlatformManager: Display: Loaded TargetPlatform 'LinuxClient'
[2020.01.09-18.54.23:274][  0]LogTargetPlatformManager: Display: Loaded TargetPlatform 'LinuxServer'
[2020.01.09-18.54.23:281][  0]LogTargetPlatformManager: Display: Loaded TargetPlatform 'LinuxAArch64NoEditor'
[2020.01.09-18.54.23:289][  0]LogTargetPlatformManager: Display: Loaded TargetPlatform 'LinuxAArch64Client'
[2020.01.09-18.54.23:296][  0]LogTargetPlatformManager: Display: Loaded TargetPlatform 'LinuxAArch64Server'
[2020.01.09-18.54.23:321][  0]LogTargetPlatformManager: Display: Loaded TargetPlatform 'Lumin'
[2020.01.09-18.54.23:321][  0]LogTargetPlatformManager: Display: Loaded TargetPlatform 'LuminClient'
[2020.01.09-18.54.23:335][  0]LogTargetPlatformManager: Display: Loaded TargetPlatform 'TVOSClient'
[2020.01.09-18.54.23:335][  0]LogTargetPlatformManager: Display: Loaded TargetPlatform 'TVOS'
[2020.01.09-18.54.23:343][  0]LogTargetPlatformManager: Display: Loaded TargetPlatform 'WindowsNoEditor'
[2020.01.09-18.54.23:351][  0]LogTargetPlatformManager: Display: Loaded TargetPlatform 'Windows'
[2020.01.09-18.54.23:358][  0]LogTargetPlatformManager: Display: Loaded TargetPlatform 'WindowsClient'
[2020.01.09-18.54.23:365][  0]LogTargetPlatformManager: Display: Loaded TargetPlatform 'WindowsServer'
[2020.01.09-18.54.23:365][  0]LogTargetPlatformManager: Display: Building Assets For Windows
[2020.01.09-18.54.23:368][  0]LogAudioDebug: Display: Lib vorbis DLL was dynamically loaded.
[2020.01.09-18.54.23:396][  0]LogShaderCompilers: Guid format shader working directory is -21 characters bigger than the processId version (../../../../../../Users/emile/Documents/Unreal Projects/islandgame/Intermediate/Shaders/WorkingDirectory/17724/).
[2020.01.09-18.54.23:396][  0]LogShaderCompilers: Cleaned the shader compiler working directory 'C:/Users/emile/AppData/Local/Temp/UnrealShaderWorkingDir/27149A034946A3B73A0967BD185557A0/'.
[2020.01.09-18.54.23:397][  0]LogXGEController: Cannot use XGE Controller as Incredibuild is not installed on this machine.
[2020.01.09-18.54.23:397][  0]LogShaderCompilers: Cannot use XGE Shader Compiler as Incredibuild is not installed on this machine.
[2020.01.09-18.54.23:397][  0]LogShaderCompilers: Display: Using Local Shader Compiler.
[2020.01.09-18.54.24:123][  0]LogDerivedDataCache: Display: Max Cache Size: 512 MB
[2020.01.09-18.54.24:175][  0]LogDerivedDataCache: Loaded boot cache 0.05s 78MB C:/Users/emile/AppData/Local/UnrealEngine/4.24/DerivedDataCache/Boot.ddc.
[2020.01.09-18.54.24:175][  0]LogDerivedDataCache: Display: Loaded Boot cache: C:/Users/emile/AppData/Local/UnrealEngine/4.24/DerivedDataCache/Boot.ddc
[2020.01.09-18.54.24:176][  0]LogDerivedDataCache: FDerivedDataBackendGraph:  Pak pak cache file ../../../../../../Users/emile/Documents/Unreal Projects/islandgame/DerivedDataCache/DDC.ddp not found, will not use a pak cache.
[2020.01.09-18.54.24:176][  0]LogDerivedDataCache: Unable to find inner node Pak for hierarchical cache Hierarchy.
[2020.01.09-18.54.24:176][  0]LogDerivedDataCache: FDerivedDataBackendGraph:  CompressedPak pak cache file ../../../../../../Users/emile/Documents/Unreal Projects/islandgame/DerivedDataCache/Compressed.ddp not found, will not use a pak cache.
[2020.01.09-18.54.24:176][  0]LogDerivedDataCache: Unable to find inner node CompressedPak for hierarchical cache Hierarchy.
[2020.01.09-18.54.24:188][  0]LogDerivedDataCache: Display: Pak cache opened for reading ../../../Engine/DerivedDataCache/Compressed.ddp.
[2020.01.09-18.54.24:188][  0]LogDerivedDataCache: FDerivedDataBackendGraph:  EnterprisePak pak cache file ../../../Enterprise/DerivedDataCache/Compressed.ddp not found, will not use a pak cache.
[2020.01.09-18.54.24:188][  0]LogDerivedDataCache: Unable to find inner node EnterprisePak for hierarchical cache Hierarchy.
[2020.01.09-18.54.24:189][  0]LogDerivedDataCache: Using Local data cache path C:/Users/emile/AppData/Local/UnrealEngine/Common/DerivedDataCache: Writable
[2020.01.09-18.54.24:189][  0]LogDerivedDataCache: Shared data cache path not found in *engine.ini, will not use an Shared cache.
[2020.01.09-18.54.24:189][  0]LogDerivedDataCache: Unable to find inner node Shared for hierarchical cache Hierarchy.
[2020.01.09-18.54.24:216][  0]LogMaterial: Verifying Global Shaders for PCD3D_SM5
[2020.01.09-18.54.24:219][  0]LogSlate: Using FreeType 2.10.0
[2020.01.09-18.54.24:219][  0]LogSlate: SlateFontServices - WITH_FREETYPE: 1, WITH_HARFBUZZ: 1
[2020.01.09-18.54.24:271][  0]LogAssetRegistry: FAssetRegistry took 0.0024 seconds to start up
[2020.01.09-18.54.24:559][  0]LogInit: Selected Device Profile: [Windows]
[2020.01.09-18.54.24:713][  0]LogMeshReduction: Using QuadricMeshReduction for automatic static mesh reduction
[2020.01.09-18.54.24:713][  0]LogMeshReduction: Using SimplygonMeshReduction for automatic skeletal mesh reduction
[2020.01.09-18.54.24:713][  0]LogMeshReduction: Using ProxyLODMeshReduction for automatic mesh merging
[2020.01.09-18.54.24:713][  0]LogMeshReduction: No distributed automatic mesh merging module available
[2020.01.09-18.54.24:713][  0]LogMeshMerging: No distributed automatic mesh merging module available
[2020.01.09-18.54.24:724][  0]LogNetVersion: islandgame 1.0.0, NetCL: 10570792, EngineNetVer: 13, GameNetVer: 0 (Checksum: 4033243900)
[2020.01.09-18.54.25:691][  0]LogPackageLocalizationCache: Processed 10 localized package path(s) for 1 prioritized culture(s) in 0.033171 seconds
[2020.01.09-18.54.25:697][  0]LogUObjectArray: 46750 objects as part of root set at end of initial load.
[2020.01.09-18.54.25:697][  0]LogUObjectAllocator: 8137160 out of 0 bytes used by permanent object pool.
[2020.01.09-18.54.25:697][  0]LogUObjectArray: CloseDisregardForGC: 0/0 objects in disregard for GC pool
[2020.01.09-18.54.26:093][  0]LogTcpMessaging: Initializing TcpMessaging bridge
[2020.01.09-18.54.26:096][  0]LogUdpMessaging: Initializing bridge on interface 0.0.0.0:0 to multicast group 230.0.0.1:6666.
[2020.01.09-18.54.26:147][  0]SourceControl: Source control is disabled
[2020.01.09-18.54.26:147][  0]SourceControl: Source control is disabled
[2020.01.09-18.54.26:148][  0]SourceControl: Source control is disabled
[2020.01.09-18.54.26:149][  0]SourceControl: Source control is disabled
[2020.01.09-18.54.26:150][  0]SourceControl: Source control is disabled
[2020.01.09-18.54.26:157][  0]LogVSAccessor: Display: Unable to create Visual Studio setup instance: 80040154
[2020.01.09-18.54.26:158][  0]LogVSAccessor: Display: Unable to create Visual Studio setup instance: 80040154
[2020.01.09-18.54.26:236][  0]LogAndroidPermission: UAndroidPermissionCallbackProxy::GetInstance
[2020.01.09-18.54.26:245][  0]LogAudioCaptureCore: Display: No Audio Capture implementations found. Audio input will be silent.
[2020.01.09-18.54.26:245][  0]LogAudioCaptureCore: Display: No Audio Capture implementations found. Audio input will be silent.
[2020.01.09-18.54.26:331][  0]LogOcInput: OculusInput pre-init called
[2020.01.09-18.54.26:339][  0]LogWindows: Failed to load 'OVRPlugin.dll' (GetLastError=126)
[2020.01.09-18.54.26:339][  0]LogWindows: File 'OVRPlugin.dll' does not exist
[2020.01.09-18.54.26:409][  0]LogEngine: Initializing Engine...
[2020.01.09-18.54.26:410][  0]LogHMD: Failed to initialize OpenVR with code 110
[2020.01.09-18.54.26:411][  0]LogStats: UGameplayTagsManager::InitializeManager -  0.000 s
[2020.01.09-18.54.26:742][  0]LogInit: Initializing FReadOnlyCVARCache
[2020.01.09-18.54.26:749][  0]LogAIModule: Creating AISystem for world Untitled
[2020.01.09-18.54.26:983][  0]LogAudioMixer: Display: Audio Mixer Platform Settings:
[2020.01.09-18.54.26:983][  0]LogAudioMixer: Display: 	Sample Rate:						  48000
[2020.01.09-18.54.26:983][  0]LogAudioMixer: Display: 	Callback Buffer Frame Size Requested: 1024
[2020.01.09-18.54.26:983][  0]LogAudioMixer: Display: 	Callback Buffer Frame Size To Use:	  1024
[2020.01.09-18.54.26:983][  0]LogAudioMixer: Display: 	Number of buffers to queue:			  2
[2020.01.09-18.54.26:983][  0]LogAudioMixer: Display: 	Max Channels (voices):				  32
[2020.01.09-18.54.26:983][  0]LogAudioMixer: Display: 	Number of Async Source Workers:		  0
[2020.01.09-18.54.26:983][  0]LogAudio: Display: AudioDevice MaxSources: 32
[2020.01.09-18.54.26:983][  0]LogAudio: Display: Using built-in audio occlusion.
[2020.01.09-18.54.26:983][  0]LogAudioMixer: Display: Initializing audio mixer.
[2020.01.09-18.54.26:993][  0]LogAudioMixer: Display: Audio Device Output Speaker Info:
[2020.01.09-18.54.26:993][  0]LogAudioMixer: Display: Name: Speakers (Realtek(R) Audio)
[2020.01.09-18.54.26:993][  0]LogAudioMixer: Display: Is Default: Yes
[2020.01.09-18.54.26:993][  0]LogAudioMixer: Display: Sample Rate: 48000
[2020.01.09-18.54.26:993][  0]LogAudioMixer: Display: Channel Count Used: 2
[2020.01.09-18.54.26:993][  0]LogAudioMixer: Display: Device Channel Count: 2
[2020.01.09-18.54.26:993][  0]LogAudioMixer: Display: Channel Order:
[2020.01.09-18.54.26:993][  0]LogAudioMixer: Display: 0: FrontLeft
[2020.01.09-18.54.26:993][  0]LogAudioMixer: Display: 1: FrontRight
[2020.01.09-18.54.27:190][  0]LogAudioMixer: Display: Using Audio Device Speakers (Realtek(R) Audio)
[2020.01.09-18.54.27:198][  0]LogInit: FAudioDevice initialized.
[2020.01.09-18.54.27:199][  0]LogNetVersion: Set ProjectVersion to 1.0.0.0. Version Checksum will be recalculated on next use.
[2020.01.09-18.54.27:262][  0]LogDerivedDataCache: Saved boot cache 0.06s 78MB C:/Users/emile/AppData/Local/UnrealEngine/4.24/DerivedDataCache/Boot.ddc.
[2020.01.09-18.54.27:263][  0]LogInit: Texture streaming: Enabled
[2020.01.09-18.54.27:274][  0]LogEngineSessionManager: EngineSessionManager initialized
[2020.01.09-18.54.27:274][  0]LogEditorSessionSummary: Verbose: Initializing EditorSessionSummaryWriter for editor session tracking
[2020.01.09-18.54.27:278][  0]LogEditorSessionSummary: EditorSessionSummaryWriter initialized
[2020.01.09-18.54.27:344][  0]LogInit: Transaction tracking system initialized
[2020.01.09-18.54.27:365][  0]BlueprintLog: New page: Editor Load
[2020.01.09-18.54.27:412][  0]LocalizationService: Localization service is disabled
[2020.01.09-18.54.27:465][  0]LogVSAccessor: Display: Unable to create Visual Studio setup instance: 80040154
[2020.01.09-18.54.27:466][  0]LogVSAccessor: Display: Unable to create Visual Studio setup instance: 80040154
[2020.01.09-18.54.27:694][  0]LogFileCache: Scanning file cache for directory 'C:/Users/emile/Documents/Unreal Projects/islandgame/Content/' took 0.01s
[2020.01.09-18.54.27:695][  0]LogCook: Display: Max memory allowance for cook 16384mb min free memory 0mb
[2020.01.09-18.54.27:695][  0]LogCook: Display: Mobile HDR setting 1
[2020.01.09-18.54.28:448][  0]SourceControl: Source control is disabled
[2020.01.09-18.54.28:448][  0]Cmd: MAP LOAD FILE="../../../../../../Users/emile/Documents/Unreal Projects/islandgame/Content/ThirdPersonBP/Maps/ThirdPersonExampleMap.umap" TEMPLATE=0 SHOWPROGRESS=1 FEATURELEVEL=3
[2020.01.09-18.54.28:450][  0]LightingResults: New page: Lighting Build
[2020.01.09-18.54.28:450][  0]LogWorld: UWorld::CleanupWorld for Untitled, bSessionEnded=true, bCleanupResources=true
[2020.01.09-18.54.28:451][  0]LogSlate: InvalidateAllWidgets triggered.  All widgets were invalidated
[2020.01.09-18.54.28:451][  0]MapCheck: New page: Map Check
[2020.01.09-18.54.28:451][  0]LightingResults: New page: Lighting Build
[2020.01.09-18.54.28:488][  0]LogUObjectHash: Compacting FUObjectHashTables data took   1.46ms
[2020.01.09-18.54.29:073][  0]LogAIModule: Creating AISystem for world ThirdPersonExampleMap
[2020.01.09-18.54.29:081][  0]LogPhysics: Warning: Scale for /Game/ThirdPersonBP/Maps/ThirdPersonExampleMap.ThirdPersonExampleMap:PersistentLevel.SM_Bush18.StaticMeshComponent0 has a component set to zero, which will result in a bad body instance. Scale:X=0.750 Y=0.750 Z=0.000
[2020.01.09-18.54.29:105][  0]LogEditorServer: Finished looking for orphan Actors (0.000 secs)
[2020.01.09-18.54.29:178][  0]LogUObjectHash: Compacting FUObjectHashTables data took   2.08ms
[2020.01.09-18.54.29:179][  0]Cmd: MAP CHECKDEP NOCLEARLOG
[2020.01.09-18.54.29:179][  0]MapCheck: Map check complete: 0 Error(s), 0 Warning(s), took 0.159ms to complete.
[2020.01.09-18.54.29:179][  0]LogFileHelpers: Loading map 'ThirdPersonExampleMap' took 0.731
[2020.01.09-18.54.29:382][  0]LogSlate: Updating window title bar state: overlay mode, drag disabled, window buttons hidden, title bar hidden
[2020.01.09-18.54.29:390][  0]LogSlate: Updating window title bar state: overlay mode, drag disabled, window buttons hidden, title bar hidden
[2020.01.09-18.54.29:398][  0]LogSlate: Updating window title bar state: overlay mode, drag disabled, window buttons hidden, title bar hidden
[2020.01.09-18.54.29:405][  0]LogSlate: Updating window title bar state: overlay mode, drag disabled, window buttons hidden, title bar hidden
[2020.01.09-18.54.29:425][  0]LogCollectionManager: Loaded 0 collections in 0.002149 seconds
[2020.01.09-18.54.29:459][  0]LogFileCache: Scanning file cache for directory 'C:/Users/emile/Documents/Unreal Projects/islandgame/Saved/Collections/' took 0.00s
[2020.01.09-18.54.29:459][  0]LogFileCache: Scanning file cache for directory 'C:/Users/emile/Documents/Unreal Projects/islandgame/Content/Developers/emile/Collections/' took 0.00s
[2020.01.09-18.54.29:459][  0]LogFileCache: Scanning file cache for directory 'C:/Users/emile/Documents/Unreal Projects/islandgame/Content/Collections/' took 0.00s
[2020.01.09-18.54.29:459][  0]LogContentBrowser: Native class hierarchy populated in 0.0081 seconds. Added 3015 classes and 717 folders.
[2020.01.09-18.54.29:469][  0]LogContentBrowser: Native class hierarchy updated for 'WidgetCarousel' in 0.0003 seconds. Added 0 classes and 0 folders.
[2020.01.09-18.54.29:604][  0]LogContentBrowser: Native class hierarchy updated for 'AddContentDialog' in 0.0003 seconds. Added 0 classes and 0 folders.
[2020.01.09-18.54.29:616][  0]LogContentBrowser: Native class hierarchy updated for 'SceneOutliner' in 0.0002 seconds. Added 2 classes and 3 folders.
[2020.01.09-18.54.29:755][  0]LogSlate: Took 0.000201 seconds to synchronously load lazily loaded font '../../../Engine/Content/Slate/Fonts/Roboto-Regular.ttf' (155K)
[2020.01.09-18.54.29:759][  0]LogSlate: Took 0.000249 seconds to synchronously load lazily loaded font '../../../Engine/Content/Slate/Fonts/Roboto-Bold.ttf' (160K)
[2020.01.09-18.54.29:767][  0]LogSlate: Took 0.000670 seconds to synchronously load lazily loaded font '../../../Engine/Content/Editor/Slate/Fonts/FontAwesome.ttf' (139K)
[2020.01.09-18.54.29:896][  0]LogRenderer: Reallocating scene render targets to support 916x432 Format 10 NumSamples 1 (Frame:1).
[2020.01.09-18.54.30:583][  0]LogContentBrowser: Native class hierarchy updated for 'HierarchicalLODOutliner' in 0.0003 seconds. Added 0 classes and 0 folders.
[2020.01.09-18.54.30:583][  0]LogLoad: (Engine Initialization) Total time: 11.29 seconds
[2020.01.09-18.54.30:583][  0]LogLoad: (Engine Initialization) Total Blueprint compile time: 0.00 seconds
[2020.01.09-18.54.30:658][  0]LogContentStreaming: Texture pool size now 1000 MB
[2020.01.09-18.54.30:689][  0]LogSlate: Took 0.001055 seconds to synchronously load lazily loaded font '../../../Engine/Content/Slate/Fonts/Roboto-Light.ttf' (167K)
[2020.01.09-18.54.30:708][  1]LogAssetRegistry: Asset discovery search completed in 6.4380 seconds
[2020.01.09-18.54.30:712][  1]LogCollectionManager: Fixed up redirectors for 0 collections in 0.000007 seconds (updated 0 objects)
[2020.01.09-18.54.45:674][251]LogEditorViewport: Clicking on Actor (context menu): BP_Sky_Sphere_C (SkySphereBlueprint)
[2020.01.09-18.54.47:806][356]LogEditorViewport: Clicking on Actor (LMB): BP_Sky_Sphere_C (SkySphereBlueprint)
[2020.01.09-18.55.32:223][ 25]LogTemp: Repeating last play command: Selected Viewport
[2020.01.09-18.55.32:235][ 25]LogBlueprintUserMessages: Early PlayInEditor Detection: Level '/Game/ThirdPersonBP/Maps/ThirdPersonExampleMap.ThirdPersonExampleMap:PersistentLevel' has LevelScriptBlueprint '/Game/ThirdPersonBP/Maps/ThirdPersonExampleMap.ThirdPersonExampleMap:PersistentLevel.ThirdPersonExampleMap' with GeneratedClass '/Game/ThirdPersonBP/Maps/ThirdPersonExampleMap.ThirdPersonExampleMap_C' with ClassGeneratedBy '/Game/ThirdPersonBP/Maps/ThirdPersonExampleMap.ThirdPersonExampleMap:PersistentLevel.ThirdPersonExampleMap'
[2020.01.09-18.55.32:239][ 25]LogPlayLevel: PlayLevel: No blueprints needed recompiling
[2020.01.09-18.55.32:251][ 25]PIE: New page: PIE session: ThirdPersonExampleMap (Jan 9, 2020, 2:55:32 AM)
[2020.01.09-18.55.32:253][ 25]LogOnline: OSS: Creating online subsystem instance for: NULL
[2020.01.09-18.55.32:255][ 25]LogOnline: OSS: TryLoadSubsystemAndSetDefault: Loaded subsystem for module [NULL]
[2020.01.09-18.55.32:259][ 25]LogPlayLevel: Creating play world package: /Game/ThirdPersonBP/Maps/UEDPIE_0_ThirdPersonExampleMap
[2020.01.09-18.55.32:326][ 25]LogPlayLevel: PIE: StaticDuplicateObject took: (0.067345s)
[2020.01.09-18.55.32:328][ 25]LogAIModule: Creating AISystem for world ThirdPersonExampleMap
[2020.01.09-18.55.32:329][ 25]LogPlayLevel: PIE: World Init took: (0.002682s)
[2020.01.09-18.55.32:329][ 25]LogPlayLevel: PIE: Created PIE world by copying editor world from /Game/ThirdPersonBP/Maps/ThirdPersonExampleMap.ThirdPersonExampleMap to /Game/ThirdPersonBP/Maps/UEDPIE_0_ThirdPersonExampleMap.ThirdPersonExampleMap (0.071404s)
[2020.01.09-18.55.32:372][ 25]LogUObjectHash: Compacting FUObjectHashTables data took   2.57ms
[2020.01.09-18.55.32:377][ 25]LogAudioMixer: Display: Audio Mixer Platform Settings:
[2020.01.09-18.55.32:377][ 25]LogAudioMixer: Display: 	Sample Rate:						  48000
[2020.01.09-18.55.32:377][ 25]LogAudioMixer: Display: 	Callback Buffer Frame Size Requested: 1024
[2020.01.09-18.55.32:377][ 25]LogAudioMixer: Display: 	Callback Buffer Frame Size To Use:	  1024
[2020.01.09-18.55.32:377][ 25]LogAudioMixer: Display: 	Number of buffers to queue:			  2
[2020.01.09-18.55.32:377][ 25]LogAudioMixer: Display: 	Max Channels (voices):				  32
[2020.01.09-18.55.32:377][ 25]LogAudioMixer: Display: 	Number of Async Source Workers:		  0
[2020.01.09-18.55.32:377][ 25]LogAudio: Display: AudioDevice MaxSources: 32
[2020.01.09-18.55.32:378][ 25]LogAudio: Display: Using built-in audio occlusion.
[2020.01.09-18.55.32:378][ 25]LogAudioMixer: Display: Initializing audio mixer.
[2020.01.09-18.55.32:383][ 25]LogAudioMixer: Display: Audio Device Output Speaker Info:
[2020.01.09-18.55.32:383][ 25]LogAudioMixer: Display: Name: Speakers (Realtek(R) Audio)
[2020.01.09-18.55.32:383][ 25]LogAudioMixer: Display: Is Default: Yes
[2020.01.09-18.55.32:383][ 25]LogAudioMixer: Display: Sample Rate: 48000
[2020.01.09-18.55.32:383][ 25]LogAudioMixer: Display: Channel Count Used: 2
[2020.01.09-18.55.32:383][ 25]LogAudioMixer: Display: Device Channel Count: 2
[2020.01.09-18.55.32:383][ 25]LogAudioMixer: Display: Channel Order:
[2020.01.09-18.55.32:383][ 25]LogAudioMixer: Display: 0: FrontLeft
[2020.01.09-18.55.32:383][ 25]LogAudioMixer: Display: 1: FrontRight
[2020.01.09-18.55.32:441][ 25]LogAudioMixer: Display: Using Audio Device Speakers (Realtek(R) Audio)
[2020.01.09-18.55.32:443][ 25]LogInit: FAudioDevice initialized.
[2020.01.09-18.55.32:471][ 25]LogLoad: Game class is 'ThirdPersonGameMode_C'
[2020.01.09-18.55.32:482][ 25]LogPhysics: Warning: Scale for /Game/ThirdPersonBP/Maps/UEDPIE_0_ThirdPersonExampleMap.ThirdPersonExampleMap:PersistentLevel.SM_Bush18.StaticMeshComponent0 has a component set to zero, which will result in a bad body instance. Scale:X=0.750 Y=0.750 Z=0.000
[2020.01.09-18.55.32:484][ 25]LogWorld: Bringing World /Game/ThirdPersonBP/Maps/UEDPIE_0_ThirdPersonExampleMap.ThirdPersonExampleMap up for play (max tick rate 60) at 2020.01.09-10.55.32
[2020.01.09-18.55.32:485][ 25]LogWorld: Bringing up level for play took: 0.005869
[2020.01.09-18.55.32:486][ 25]LogOnline: OSS: Creating online subsystem instance for: :Context_2
[2020.01.09-18.55.32:500][ 25]LogContentBrowser: Native class hierarchy updated for 'MovieSceneCapture' in 0.0008 seconds. Added 20 classes and 0 folders.
[2020.01.09-18.55.32:505][ 25]PIE: Play in editor start time for /Game/ThirdPersonBP/Maps/UEDPIE_0_ThirdPersonExampleMap 0.035
[2020.01.09-18.55.32:505][ 25]LogBlueprintUserMessages: Late PlayInEditor Detection: Level '/Game/ThirdPersonBP/Maps/ThirdPersonExampleMap.ThirdPersonExampleMap:PersistentLevel' has LevelScriptBlueprint '/Game/ThirdPersonBP/Maps/ThirdPersonExampleMap.ThirdPersonExampleMap:PersistentLevel.ThirdPersonExampleMap' with GeneratedClass '/Game/ThirdPersonBP/Maps/ThirdPersonExampleMap.ThirdPersonExampleMap_C' with ClassGeneratedBy '/Game/ThirdPersonBP/Maps/ThirdPersonExampleMap.ThirdPersonExampleMap:PersistentLevel.ThirdPersonExampleMap'
[2020.01.09-18.56.01:569][204]LogAudioMixer: Display: No commands were queued while flushing the source manager.
[2020.01.09-18.56.01:569][204]LogAudioMixer: Display: No commands were queued while flushing the source manager.
[2020.01.09-18.56.01:571][204]LogBlueprintUserMessages: Early EndPlayMap Detection: Level '/Game/ThirdPersonBP/Maps/ThirdPersonExampleMap.ThirdPersonExampleMap:PersistentLevel' has LevelScriptBlueprint '/Game/ThirdPersonBP/Maps/ThirdPersonExampleMap.ThirdPersonExampleMap:PersistentLevel.ThirdPersonExampleMap' with GeneratedClass '/Game/ThirdPersonBP/Maps/ThirdPersonExampleMap.ThirdPersonExampleMap_C' with ClassGeneratedBy '/Game/ThirdPersonBP/Maps/ThirdPersonExampleMap.ThirdPersonExampleMap:PersistentLevel.ThirdPersonExampleMap'
[2020.01.09-18.56.01:575][204]LogSlate: Updating window title bar state: overlay mode, drag disabled, window buttons hidden, title bar hidden
[2020.01.09-18.56.01:576][204]LogWorld: BeginTearingDown for /Game/ThirdPersonBP/Maps/UEDPIE_0_ThirdPersonExampleMap
[2020.01.09-18.56.01:577][204]LogAudioMixer: Display: No commands were queued while flushing the source manager.
[2020.01.09-18.56.01:578][204]LogWorld: UWorld::CleanupWorld for ThirdPersonExampleMap, bSessionEnded=true, bCleanupResources=true
[2020.01.09-18.56.01:579][204]LogSlate: InvalidateAllWidgets triggered.  All widgets were invalidated
[2020.01.09-18.56.01:632][204]LogPlayLevel: Display: Shutting down PIE online subsystems
[2020.01.09-18.56.01:632][204]LogBlueprintUserMessages: Late EndPlayMap Detection: Level '/Game/ThirdPersonBP/Maps/ThirdPersonExampleMap.ThirdPersonExampleMap:PersistentLevel' has LevelScriptBlueprint '/Game/ThirdPersonBP/Maps/ThirdPersonExampleMap.ThirdPersonExampleMap:PersistentLevel.ThirdPersonExampleMap' with GeneratedClass '/Game/ThirdPersonBP/Maps/ThirdPersonExampleMap.ThirdPersonExampleMap_C' with ClassGeneratedBy '/Game/ThirdPersonBP/Maps/ThirdPersonExampleMap.ThirdPersonExampleMap:PersistentLevel.ThirdPersonExampleMap'
[2020.01.09-18.56.01:637][204]LogSlate: InvalidateAllWidgets triggered.  All widgets were invalidated
[2020.01.09-18.56.01:674][204]LogAudioMixer: Display: No commands were queued while flushing the source manager.
[2020.01.09-18.56.01:681][204]LogSlate: Updating window title bar state: overlay mode, drag disabled, window buttons hidden, title bar hidden
[2020.01.09-18.56.01:686][204]LogUObjectHash: Compacting FUObjectHashTables data took   2.87ms
[2020.01.09-18.56.01:706][205]LogPlayLevel: Display: Destroying online subsystem :Context_2
[2020.01.09-18.57.01:259][345]LogGeometryMode: Warning: Unable to find rockBig Brush(s) in new BSP
[2020.01.09-18.57.01:259][345]LogGeometryMode: Warning: Unable to find all previously selected geometry data, resetting selection
[2020.01.09-18.57.14:969][846]LogGeometryMode: Warning: Unable to find rockMed2 Brush(s) in new BSP
[2020.01.09-18.57.14:969][846]LogGeometryMode: Warning: Unable to find all previously selected geometry data, resetting selection
[2020.01.09-18.57.32:535][501]LogEditorViewport: Clicking on Actor (LMB): BP_Sky_Sphere_C (SkySphereBlueprint)
[2020.01.09-18.57.58:883][421]LogTemp: Repeating last play command: Selected Viewport
[2020.01.09-18.57.58:901][421]LogBlueprintUserMessages: Early PlayInEditor Detection: Level '/Game/ThirdPersonBP/Maps/ThirdPersonExampleMap.ThirdPersonExampleMap:PersistentLevel' has LevelScriptBlueprint '/Game/ThirdPersonBP/Maps/ThirdPersonExampleMap.ThirdPersonExampleMap:PersistentLevel.ThirdPersonExampleMap' with GeneratedClass '/Game/ThirdPersonBP/Maps/ThirdPersonExampleMap.ThirdPersonExampleMap_C' with ClassGeneratedBy '/Game/ThirdPersonBP/Maps/ThirdPersonExampleMap.ThirdPersonExampleMap:PersistentLevel.ThirdPersonExampleMap'
[2020.01.09-18.57.58:901][421]LogPlayLevel: PlayLevel: No blueprints needed recompiling
[2020.01.09-18.57.58:901][421]PIE: New page: PIE session: ThirdPersonExampleMap (Jan 9, 2020, 2:57:58 AM)
[2020.01.09-18.57.58:902][421]LogPlayLevel: Creating play world package: /Game/ThirdPersonBP/Maps/UEDPIE_0_ThirdPersonExampleMap
[2020.01.09-18.57.58:967][421]LogPlayLevel: PIE: StaticDuplicateObject took: (0.065843s)
[2020.01.09-18.57.58:968][421]LogAIModule: Creating AISystem for world ThirdPersonExampleMap
[2020.01.09-18.57.58:970][421]LogPlayLevel: PIE: World Init took: (0.002913s)
[2020.01.09-18.57.58:970][421]LogPlayLevel: PIE: Created PIE world by copying editor world from /Game/ThirdPersonBP/Maps/ThirdPersonExampleMap.ThirdPersonExampleMap to /Game/ThirdPersonBP/Maps/UEDPIE_0_ThirdPersonExampleMap.ThirdPersonExampleMap (0.068971s)
[2020.01.09-18.57.59:006][421]LogUObjectHash: Compacting FUObjectHashTables data took   4.00ms
[2020.01.09-18.57.59:009][421]LogAudioMixer: Display: Audio Mixer Platform Settings:
[2020.01.09-18.57.59:009][421]LogAudioMixer: Display: 	Sample Rate:						  48000
[2020.01.09-18.57.59:009][421]LogAudioMixer: Display: 	Callback Buffer Frame Size Requested: 1024
[2020.01.09-18.57.59:009][421]LogAudioMixer: Display: 	Callback Buffer Frame Size To Use:	  1024
[2020.01.09-18.57.59:009][421]LogAudioMixer: Display: 	Number of buffers to queue:			  2
[2020.01.09-18.57.59:009][421]LogAudioMixer: Display: 	Max Channels (voices):				  32
[2020.01.09-18.57.59:009][421]LogAudioMixer: Display: 	Number of Async Source Workers:		  0
[2020.01.09-18.57.59:009][421]LogAudio: Display: AudioDevice MaxSources: 32
[2020.01.09-18.57.59:010][421]LogAudio: Display: Using built-in audio occlusion.
[2020.01.09-18.57.59:010][421]LogAudioMixer: Display: Initializing audio mixer.
[2020.01.09-18.57.59:014][421]LogAudioMixer: Display: Audio Device Output Speaker Info:
[2020.01.09-18.57.59:014][421]LogAudioMixer: Display: Name: Speakers (Realtek(R) Audio)
[2020.01.09-18.57.59:014][421]LogAudioMixer: Display: Is Default: Yes
[2020.01.09-18.57.59:014][421]LogAudioMixer: Display: Sample Rate: 48000
[2020.01.09-18.57.59:014][421]LogAudioMixer: Display: Channel Count Used: 2
[2020.01.09-18.57.59:014][421]LogAudioMixer: Display: Device Channel Count: 2
[2020.01.09-18.57.59:014][421]LogAudioMixer: Display: Channel Order:
[2020.01.09-18.57.59:014][421]LogAudioMixer: Display: 0: FrontLeft
[2020.01.09-18.57.59:014][421]LogAudioMixer: Display: 1: FrontRight
[2020.01.09-18.57.59:065][421]LogAudioMixer: Display: Using Audio Device Speakers (Realtek(R) Audio)
[2020.01.09-18.57.59:066][421]LogInit: FAudioDevice initialized.
[2020.01.09-18.57.59:074][421]LogLoad: Game class is 'ThirdPersonGameMode_C'
[2020.01.09-18.57.59:078][421]LogPhysics: Warning: Scale for /Game/ThirdPersonBP/Maps/UEDPIE_0_ThirdPersonExampleMap.ThirdPersonExampleMap:PersistentLevel.SM_Bush18.StaticMeshComponent0 has a component set to zero, which will result in a bad body instance. Scale:X=0.750 Y=0.750 Z=0.000
[2020.01.09-18.57.59:079][421]LogWorld: Bringing World /Game/ThirdPersonBP/Maps/UEDPIE_0_ThirdPersonExampleMap.ThirdPersonExampleMap up for play (max tick rate 60) at 2020.01.09-10.57.59
[2020.01.09-18.57.59:079][421]LogWorld: Bringing up level for play took: 0.003776
[2020.01.09-18.57.59:079][421]LogOnline: OSS: Creating online subsystem instance for: :Context_3
[2020.01.09-18.57.59:082][421]PIE: Play in editor start time for /Game/ThirdPersonBP/Maps/UEDPIE_0_ThirdPersonExampleMap 0.612
[2020.01.09-18.57.59:083][421]LogBlueprintUserMessages: Late PlayInEditor Detection: Level '/Game/ThirdPersonBP/Maps/ThirdPersonExampleMap.ThirdPersonExampleMap:PersistentLevel' has LevelScriptBlueprint '/Game/ThirdPersonBP/Maps/ThirdPersonExampleMap.ThirdPersonExampleMap:PersistentLevel.ThirdPersonExampleMap' with GeneratedClass '/Game/ThirdPersonBP/Maps/ThirdPersonExampleMap.ThirdPersonExampleMap_C' with ClassGeneratedBy '/Game/ThirdPersonBP/Maps/ThirdPersonExampleMap.ThirdPersonExampleMap:PersistentLevel.ThirdPersonExampleMap'
[2020.01.09-18.58.17:188][157]LogAudioMixer: Display: No commands were queued while flushing the source manager.
[2020.01.09-18.58.17:188][157]LogAudioMixer: Display: No commands were queued while flushing the source manager.
[2020.01.09-18.58.17:189][157]LogBlueprintUserMessages: Early EndPlayMap Detection: Level '/Game/ThirdPersonBP/Maps/ThirdPersonExampleMap.ThirdPersonExampleMap:PersistentLevel' has LevelScriptBlueprint '/Game/ThirdPersonBP/Maps/ThirdPersonExampleMap.ThirdPersonExampleMap:PersistentLevel.ThirdPersonExampleMap' with GeneratedClass '/Game/ThirdPersonBP/Maps/ThirdPersonExampleMap.ThirdPersonExampleMap_C' with ClassGeneratedBy '/Game/ThirdPersonBP/Maps/ThirdPersonExampleMap.ThirdPersonExampleMap:PersistentLevel.ThirdPersonExampleMap'
[2020.01.09-18.58.17:189][157]LogSlate: Updating window title bar state: overlay mode, drag disabled, window buttons hidden, title bar hidden
[2020.01.09-18.58.17:189][157]LogWorld: BeginTearingDown for /Game/ThirdPersonBP/Maps/UEDPIE_0_ThirdPersonExampleMap
[2020.01.09-18.58.17:189][157]LogAudioMixer: Display: No commands were queued while flushing the source manager.
[2020.01.09-18.58.17:189][157]LogWorld: UWorld::CleanupWorld for ThirdPersonExampleMap, bSessionEnded=true, bCleanupResources=true
[2020.01.09-18.58.17:190][157]LogSlate: InvalidateAllWidgets triggered.  All widgets were invalidated
[2020.01.09-18.58.17:252][157]LogPlayLevel: Display: Shutting down PIE online subsystems
[2020.01.09-18.58.17:253][157]LogBlueprintUserMessages: Late EndPlayMap Detection: Level '/Game/ThirdPersonBP/Maps/ThirdPersonExampleMap.ThirdPersonExampleMap:PersistentLevel' has LevelScriptBlueprint '/Game/ThirdPersonBP/Maps/ThirdPersonExampleMap.ThirdPersonExampleMap:PersistentLevel.ThirdPersonExampleMap' with GeneratedClass '/Game/ThirdPersonBP/Maps/ThirdPersonExampleMap.ThirdPersonExampleMap_C' with ClassGeneratedBy '/Game/ThirdPersonBP/Maps/ThirdPersonExampleMap.ThirdPersonExampleMap:PersistentLevel.ThirdPersonExampleMap'
[2020.01.09-18.58.17:257][157]LogSlate: InvalidateAllWidgets triggered.  All widgets were invalidated
[2020.01.09-18.58.17:291][157]LogAudioMixer: Display: No commands were queued while flushing the source manager.
[2020.01.09-18.58.17:296][157]LogSlate: Updating window title bar state: overlay mode, drag disabled, window buttons hidden, title bar hidden
[2020.01.09-18.58.17:301][157]LogUObjectHash: Compacting FUObjectHashTables data took   2.37ms
[2020.01.09-18.58.17:323][158]LogPlayLevel: Display: Destroying online subsystem :Context_3
[2020.01.09-18.59.19:372][357]LogEditorViewport: Clicking on Actor (LMB): PostProcessVolume (PostProcessVolume)
[2020.01.09-18.59.19:373][357]LogGeometryMode: Warning: Unable to find PostProcessVolume_0 Brush(s) in new BSP
[2020.01.09-18.59.19:374][357]LogGeometryMode: Warning: Unable to find all previously selected geometry data, resetting selection
[2020.01.09-18.59.54:492][596]LogTemp: Repeating last play command: Selected Viewport
[2020.01.09-18.59.54:509][596]LogBlueprintUserMessages: Early PlayInEditor Detection: Level '/Game/ThirdPersonBP/Maps/ThirdPersonExampleMap.ThirdPersonExampleMap:PersistentLevel' has LevelScriptBlueprint '/Game/ThirdPersonBP/Maps/ThirdPersonExampleMap.ThirdPersonExampleMap:PersistentLevel.ThirdPersonExampleMap' with GeneratedClass '/Game/ThirdPersonBP/Maps/ThirdPersonExampleMap.ThirdPersonExampleMap_C' with ClassGeneratedBy '/Game/ThirdPersonBP/Maps/ThirdPersonExampleMap.ThirdPersonExampleMap:PersistentLevel.ThirdPersonExampleMap'
[2020.01.09-18.59.54:509][596]LogPlayLevel: PlayLevel: No blueprints needed recompiling
[2020.01.09-18.59.54:509][596]PIE: New page: PIE session: ThirdPersonExampleMap (Jan 9, 2020, 2:59:54 AM)
[2020.01.09-18.59.54:510][596]LogPlayLevel: Creating play world package: /Game/ThirdPersonBP/Maps/UEDPIE_0_ThirdPersonExampleMap
[2020.01.09-18.59.54:578][596]LogPlayLevel: PIE: StaticDuplicateObject took: (0.067970s)
[2020.01.09-18.59.54:580][596]LogAIModule: Creating AISystem for world ThirdPersonExampleMap
[2020.01.09-18.59.54:580][596]LogPlayLevel: PIE: World Init took: (0.001857s)
[2020.01.09-18.59.54:580][596]LogPlayLevel: PIE: Created PIE world by copying editor world from /Game/ThirdPersonBP/Maps/ThirdPersonExampleMap.ThirdPersonExampleMap to /Game/ThirdPersonBP/Maps/UEDPIE_0_ThirdPersonExampleMap.ThirdPersonExampleMap (0.070234s)
[2020.01.09-18.59.54:619][596]LogUObjectHash: Compacting FUObjectHashTables data took   2.22ms
[2020.01.09-18.59.54:622][596]LogAudioMixer: Display: Audio Mixer Platform Settings:
[2020.01.09-18.59.54:622][596]LogAudioMixer: Display: 	Sample Rate:						  48000
[2020.01.09-18.59.54:622][596]LogAudioMixer: Display: 	Callback Buffer Frame Size Requested: 1024
[2020.01.09-18.59.54:622][596]LogAudioMixer: Display: 	Callback Buffer Frame Size To Use:	  1024
[2020.01.09-18.59.54:622][596]LogAudioMixer: Display: 	Number of buffers to queue:			  2
[2020.01.09-18.59.54:622][596]LogAudioMixer: Display: 	Max Channels (voices):				  32
[2020.01.09-18.59.54:622][596]LogAudioMixer: Display: 	Number of Async Source Workers:		  0
[2020.01.09-18.59.54:622][596]LogAudio: Display: AudioDevice MaxSources: 32
[2020.01.09-18.59.54:623][596]LogAudio: Display: Using built-in audio occlusion.
[2020.01.09-18.59.54:623][596]LogAudioMixer: Display: Initializing audio mixer.
[2020.01.09-18.59.54:627][596]LogAudioMixer: Display: Audio Device Output Speaker Info:
[2020.01.09-18.59.54:627][596]LogAudioMixer: Display: Name: Speakers (Realtek(R) Audio)
[2020.01.09-18.59.54:627][596]LogAudioMixer: Display: Is Default: Yes
[2020.01.09-18.59.54:627][596]LogAudioMixer: Display: Sample Rate: 48000
[2020.01.09-18.59.54:627][596]LogAudioMixer: Display: Channel Count Used: 2
[2020.01.09-18.59.54:627][596]LogAudioMixer: Display: Device Channel Count: 2
[2020.01.09-18.59.54:627][596]LogAudioMixer: Display: Channel Order:
[2020.01.09-18.59.54:627][596]LogAudioMixer: Display: 0: FrontLeft
[2020.01.09-18.59.54:627][596]LogAudioMixer: Display: 1: FrontRight
[2020.01.09-18.59.54:683][596]LogAudioMixer: Display: Using Audio Device Speakers (Realtek(R) Audio)
[2020.01.09-18.59.54:684][596]LogInit: FAudioDevice initialized.
[2020.01.09-18.59.54:712][596]LogLoad: Game class is 'ThirdPersonGameMode_C'
[2020.01.09-18.59.54:716][596]LogPhysics: Warning: Scale for /Game/ThirdPersonBP/Maps/UEDPIE_0_ThirdPersonExampleMap.ThirdPersonExampleMap:PersistentLevel.SM_Bush18.StaticMeshComponent0 has a component set to zero, which will result in a bad body instance. Scale:X=0.750 Y=0.750 Z=0.000
[2020.01.09-18.59.54:717][596]LogWorld: Bringing World /Game/ThirdPersonBP/Maps/UEDPIE_0_ThirdPersonExampleMap.ThirdPersonExampleMap up for play (max tick rate 60) at 2020.01.09-10.59.54
[2020.01.09-18.59.54:717][596]LogWorld: Bringing up level for play took: 0.003728
[2020.01.09-18.59.54:718][596]LogOnline: OSS: Creating online subsystem instance for: :Context_4
[2020.01.09-18.59.54:720][596]PIE: Play in editor start time for /Game/ThirdPersonBP/Maps/UEDPIE_0_ThirdPersonExampleMap 0.25
[2020.01.09-18.59.54:720][596]LogBlueprintUserMessages: Late PlayInEditor Detection: Level '/Game/ThirdPersonBP/Maps/ThirdPersonExampleMap.ThirdPersonExampleMap:PersistentLevel' has LevelScriptBlueprint '/Game/ThirdPersonBP/Maps/ThirdPersonExampleMap.ThirdPersonExampleMap:PersistentLevel.ThirdPersonExampleMap' with GeneratedClass '/Game/ThirdPersonBP/Maps/ThirdPersonExampleMap.ThirdPersonExampleMap_C' with ClassGeneratedBy '/Game/ThirdPersonBP/Maps/ThirdPersonExampleMap.ThirdPersonExampleMap:PersistentLevel.ThirdPersonExampleMap'
[2020.01.09-19.00.24:132][799]LogAudioMixer: Display: No commands were queued while flushing the source manager.
[2020.01.09-19.00.24:151][799]LogAudioMixer: Display: Flush succeeded in the source manager command queue (1).
[2020.01.09-19.00.24:171][799]LogAudioMixer: Display: Flush succeeded the source manager command queue (2).
[2020.01.09-19.00.24:171][799]LogBlueprintUserMessages: Early EndPlayMap Detection: Level '/Game/ThirdPersonBP/Maps/ThirdPersonExampleMap.ThirdPersonExampleMap:PersistentLevel' has LevelScriptBlueprint '/Game/ThirdPersonBP/Maps/ThirdPersonExampleMap.ThirdPersonExampleMap:PersistentLevel.ThirdPersonExampleMap' with GeneratedClass '/Game/ThirdPersonBP/Maps/ThirdPersonExampleMap.ThirdPersonExampleMap_C' with ClassGeneratedBy '/Game/ThirdPersonBP/Maps/ThirdPersonExampleMap.ThirdPersonExampleMap:PersistentLevel.ThirdPersonExampleMap'
[2020.01.09-19.00.24:171][799]LogSlate: Updating window title bar state: overlay mode, drag disabled, window buttons hidden, title bar hidden
[2020.01.09-19.00.24:171][799]LogWorld: BeginTearingDown for /Game/ThirdPersonBP/Maps/UEDPIE_0_ThirdPersonExampleMap
[2020.01.09-19.00.24:171][799]LogAudioMixer: Display: No commands were queued while flushing the source manager.
[2020.01.09-19.00.24:172][799]LogWorld: UWorld::CleanupWorld for ThirdPersonExampleMap, bSessionEnded=true, bCleanupResources=true
[2020.01.09-19.00.24:172][799]LogSlate: InvalidateAllWidgets triggered.  All widgets were invalidated
[2020.01.09-19.00.24:192][799]LogPlayLevel: Display: Shutting down PIE online subsystems
[2020.01.09-19.00.24:192][799]LogBlueprintUserMessages: Late EndPlayMap Detection: Level '/Game/ThirdPersonBP/Maps/ThirdPersonExampleMap.ThirdPersonExampleMap:PersistentLevel' has LevelScriptBlueprint '/Game/ThirdPersonBP/Maps/ThirdPersonExampleMap.ThirdPersonExampleMap:PersistentLevel.ThirdPersonExampleMap' with GeneratedClass '/Game/ThirdPersonBP/Maps/ThirdPersonExampleMap.ThirdPersonExampleMap_C' with ClassGeneratedBy '/Game/ThirdPersonBP/Maps/ThirdPersonExampleMap.ThirdPersonExampleMap:PersistentLevel.ThirdPersonExampleMap'
[2020.01.09-19.00.24:196][799]LogSlate: InvalidateAllWidgets triggered.  All widgets were invalidated
[2020.01.09-19.00.24:237][799]LogAudioMixer: Display: No commands were queued while flushing the source manager.
[2020.01.09-19.00.24:245][799]LogSlate: Updating window title bar state: overlay mode, drag disabled, window buttons hidden, title bar hidden
[2020.01.09-19.00.24:250][799]LogUObjectHash: Compacting FUObjectHashTables data took   3.07ms
[2020.01.09-19.00.24:273][800]LogPlayLevel: Display: Destroying online subsystem :Context_4
[2020.01.09-19.00.25:250][845]Cmd: SELECT NONE
[2020.01.09-19.00.28:254][983]Cmd: SELECT NONE
[2020.01.09-19.00.33:082][196]Cmd: SELECT NONE
[2020.01.09-19.00.42:804][598]Cmd: BRUSH ADD SELECTNEWBRUSH
[2020.01.09-19.03.38:903][446]Cmd: TRANSACTION UNDO
[2020.01.09-19.03.38:903][446]LogEditorTransaction: Undo Scale Actors
[2020.01.09-19.03.39:186][446]LogSlate: Took 0.000222 seconds to synchronously load lazily loaded font '../../../Engine/Content/Slate/Fonts/Roboto-Light.ttf' (167K)
[2020.01.09-19.03.41:740][520]LogD3D11RHI: Timed out while waiting for GPU to catch up. (0.5 s) (ErrorCode 00000001)
[2020.01.09-19.03.43:567][520]LogRHI: Error: SyncInterval 0
[2020.01.09-19.03.43:567][520]LogRHI: Error: SwapChainDesc.BufferDesc.Width 275
[2020.01.09-19.03.43:567][520]LogRHI: Error: SwapChainDesc.BufferDesc.Height 68
[2020.01.09-19.03.43:567][520]LogRHI: Error: SwapChainDesc.BufferDesc.RefreshRate.Numerator 0
[2020.01.09-19.03.43:567][520]LogRHI: Error: SwapChainDesc.BufferDesc.RefreshRate.Denominator 0
[2020.01.09-19.03.43:567][520]LogRHI: Error: SwapChainDesc.BufferDesc.Format 24
[2020.01.09-19.03.43:567][520]LogRHI: Error: SwapChainDesc.BufferDesc.ScanlineOrdering 0
[2020.01.09-19.03.43:567][520]LogRHI: Error: SwapChainDesc.BufferDesc.Scaling 0
[2020.01.09-19.03.43:567][520]LogRHI: Error: SwapChainDesc.SampleDesc.Count 1
[2020.01.09-19.03.43:567][520]LogRHI: Error: SwapChainDesc.SampleDesc.Quality 0
[2020.01.09-19.03.43:567][520]LogRHI: Error: SwapChainDesc.BufferUsage 48
[2020.01.09-19.03.43:567][520]LogRHI: Error: SwapChainDesc.BufferCount 2
[2020.01.09-19.03.43:567][520]LogRHI: Error: SwapChainDesc.OutputWindow 00000000000704AA
[2020.01.09-19.03.43:567][520]LogRHI: Error: SwapChainDesc.Windowed true
[2020.01.09-19.03.43:567][520]LogRHI: Error: SwapChainDesc.SwapEffect 4
[2020.01.09-19.03.43:567][520]LogRHI: Error: SwapChainDesc.Flags 2050
[2020.01.09-19.03.43:567][520]LogD3D11RHI: Error: Result failed 
 at D:/Build/++UE4/Sync/Engine/Source/Runtime/Windows/D3D11RHI/Private/D3D11Viewport.cpp:389 
 with error DXGI_ERROR_DEVICE_REMOVED DXGI_ERROR_DEVICE_HUNG
[2020.01.09-19.03.43:567][520]LogD3D11RHI: [Aftermath] GDynamicRHI=000001A2A20580C0, GDX11NVAfterMathEnabled=0, Result=0xFFFFFFFF, bDeviceActive=0
[2020.01.09-19.03.43:571][520]LogWindows: Windows GetLastError: The operation completed successfully. (0)
[2020.01.09-19.03.45:036][520]LogThreadingWindows: Error: Runnable thread RenderThread 7 crashed.
[2020.01.09-19.03.45:036][520]LogOutputDevice: Warning: 

Script Stack (0 frames):

[2020.01.09-19.03.45:036][520]LogWindows: Windows GetLastError: The operation completed successfully. (0)
[2020.01.09-19.03.45:036][520]LogWindows: Error: HandleError re-entered.
[2020.01.09-19.03.45:036][520]LogWindows: FPlatformMisc::RequestExit(1)
[2020.01.09-19.03.45:036][520]LogCore: Engine exit requested (reason: Win RequestExit)
[2020.01.09-19.03.45:036][520]LogOutputDevice: Warning: 

Script Stack (0 frames):

[2020.01.09-19.03.45:036][520]LogWindows: Error: === Critical error: ===
[2020.01.09-19.03.45:036][520]LogWindows: Error: 
[2020.01.09-19.03.45:036][520]LogWindows: Error: Ensure condition failed: !IsLocked() [File:D:/Build/++UE4/Sync/Engine/Source/Developer/EditorAnalyticsSession/Private/EditorAnalyticsSession.cpp] [Line: 259] 
[2020.01.09-19.03.45:036][520]LogWindows: Error: 
[2020.01.09-19.03.45:036][520]LogWindows: Error: 
[2020.01.09-19.03.45:036][520]LogWindows: Error: 
[2020.01.09-19.03.45:036][520]LogWindows: Error: 
[2020.01.09-19.03.45:042][520]LogStats: FPlatformStackWalk::StackWalkAndDump -  0.006 s
[2020.01.09-19.03.45:043][520]LogOutputDevice: Error: === Handled ensure: ===
[2020.01.09-19.03.45:043][520]LogOutputDevice: Error: 
[2020.01.09-19.03.45:043][520]LogOutputDevice: Error: Ensure condition failed: !IsLocked() [File:D:/Build/++UE4/Sync/Engine/Source/Developer/EditorAnalyticsSession/Private/EditorAnalyticsSession.cpp] [Line: 259]
[2020.01.09-19.03.45:043][520]LogOutputDevice: Error: 
[2020.01.09-19.03.45:043][520]LogOutputDevice: Error: Stack: 
[2020.01.09-19.03.45:043][520]LogOutputDevice: Error: [Callstack] 0x00007ffd35fce7e9 UE4Editor-EditorAnalyticsSession.dll!UnknownFunction []
[2020.01.09-19.03.45:043][520]LogOutputDevice: Error: [Callstack] 0x00007ffd35fc5e97 UE4Editor-EditorAnalyticsSession.dll!UnknownFunction []
[2020.01.09-19.03.45:043][520]LogOutputDevice: Error: [Callstack] 0x00007ffd0567adfa UE4Editor-Engine.dll!UnknownFunction []
[2020.01.09-19.03.45:043][520]LogOutputDevice: Error: [Callstack] 0x00007ffd0566704e UE4Editor-Engine.dll!UnknownFunction []
[2020.01.09-19.03.45:043][520]LogOutputDevice: Error: [Callstack] 0x00007ffd1eeba92b UE4Editor-Core.dll!UnknownFunction []
[2020.01.09-19.03.45:043][520]LogOutputDevice: Error: [Callstack] 0x00007ffd1f26c526 UE4Editor-Core.dll!UnknownFunction []
[2020.01.09-19.03.45:043][520]LogOutputDevice: Error: [Callstack] 0x00007ffd1f26de9a UE4Editor-Core.dll!UnknownFunction []
[2020.01.09-19.03.45:043][520]LogOutputDevice: Error: [Callstack] 0x00007ffd1f022cbd UE4Editor-Core.dll!UnknownFunction []
[2020.01.09-19.03.45:043][520]LogOutputDevice: Error: [Callstack] 0x00007ffd26e21635 UE4Editor-RenderCore.dll!UnknownFunction []
[2020.01.09-19.03.45:043][520]LogOutputDevice: Error: [Callstack] 0x00007ffd26e54e75 UE4Editor-RenderCore.dll!UnknownFunction []
[2020.01.09-19.03.45:043][520]LogOutputDevice: Error: [Callstack] 0x00007ffd26ead5fd UE4Editor-RenderCore.dll!UnknownFunction []
[2020.01.09-19.03.45:043][520]LogOutputDevice: Error: [Callstack] 0x00007ff6d9f1a993 UE4Editor.exe!UnknownFunction []
[2020.01.09-19.03.45:043][520]LogOutputDevice: Error: [Callstack] 0x00007ff6d9f2c3ec UE4Editor.exe!UnknownFunction []
[2020.01.09-19.03.45:043][520]LogOutputDevice: Error: [Callstack] 0x00007ff6d9f2c4ca UE4Editor.exe!UnknownFunction []
[2020.01.09-19.03.45:043][520]LogOutputDevice: Error: [Callstack] 0x00007ff6d9f3ceae UE4Editor.exe!UnknownFunction []
[2020.01.09-19.03.45:043][520]LogOutputDevice: Error: [Callstack] 0x00007ff6d9f3fcbe UE4Editor.exe!UnknownFunction []
[2020.01.09-19.03.45:043][520]LogOutputDevice: Error: [Callstack] 0x00007ffd7e227bd4 KERNEL32.DLL!UnknownFunction []
[2020.01.09-19.03.45:043][520]LogOutputDevice: Error: [Callstack] 0x00007ffd7f76cee1 ntdll.dll!UnknownFunction []
[2020.01.09-19.03.45:043][520]LogOutputDevice: Error: 
[2020.01.09-19.03.45:054][520]LogStats:                SubmitErrorReport -  0.000 s
[2020.01.09-19.03.45:054][520]LogStats:                    SendNewReport -  0.000 s
[2020.01.09-19.03.45:054][520]LogStats:             FDebug::EnsureFailed -  0.018 s
[2020.01.09-19.03.45:054][520]LogOutputDevice: Warning: 

Script Stack (0 frames):

[2020.01.09-19.03.45:055][520]LogStats: FPlatformStackWalk::StackWalkAndDump -  0.001 s
[2020.01.09-19.03.45:055][520]LogOutputDevice: Error: === Handled ensure: ===
[2020.01.09-19.03.45:055][520]LogOutputDevice: Error: 
[2020.01.09-19.03.45:055][520]LogOutputDevice: Error: Ensure condition failed: IsLocked() [File:D:/Build/++UE4/Sync/Engine/Source/Developer/EditorAnalyticsSession/Private/EditorAnalyticsSession.cpp] [Line: 370]
[2020.01.09-19.03.45:055][520]LogOutputDevice: Error: 
[2020.01.09-19.03.45:055][520]LogOutputDevice: Error: Stack: 
[2020.01.09-19.03.45:055][520]LogOutputDevice: Error: [Callstack] 0x00007ffd35fce709 UE4Editor-EditorAnalyticsSession.dll!UnknownFunction []
[2020.01.09-19.03.45:055][520]LogOutputDevice: Error: [Callstack] 0x00007ffd35fc700c UE4Editor-EditorAnalyticsSession.dll!UnknownFunction []
[2020.01.09-19.03.45:055][520]LogOutputDevice: Error: [Callstack] 0x00007ffd0567ae07 UE4Editor-Engine.dll!UnknownFunction []
[2020.01.09-19.03.45:055][520]LogOutputDevice: Error: [Callstack] 0x00007ffd0566704e UE4Editor-Engine.dll!UnknownFunction []
[2020.01.09-19.03.45:055][520]LogOutputDevice: Error: [Callstack] 0x00007ffd1eeba92b UE4Editor-Core.dll!UnknownFunction []
[2020.01.09-19.03.45:055][520]LogOutputDevice: Error: [Callstack] 0x00007ffd1f26c526 UE4Editor-Core.dll!UnknownFunction []
[2020.01.09-19.03.45:055][520]LogOutputDevice: Error: [Callstack] 0x00007ffd1f26de9a UE4Editor-Core.dll!UnknownFunction []
[2020.01.09-19.03.45:055][520]LogOutputDevice: Error: [Callstack] 0x00007ffd1f022cbd UE4Editor-Core.dll!UnknownFunction []
[2020.01.09-19.03.45:055][520]LogOutputDevice: Error: [Callstack] 0x00007ffd26e21635 UE4Editor-RenderCore.dll!UnknownFunction []
[2020.01.09-19.03.45:056][520]LogOutputDevice: Error: [Callstack] 0x00007ffd26e54e75 UE4Editor-RenderCore.dll!UnknownFunction []
[2020.01.09-19.03.45:056][520]LogOutputDevice: Error: [Callstack] 0x00007ffd26ead5fd UE4Editor-RenderCore.dll!UnknownFunction []
[2020.01.09-19.03.45:056][520]LogOutputDevice: Error: [Callstack] 0x00007ff6d9f1a993 UE4Editor.exe!UnknownFunction []
[2020.01.09-19.03.45:056][520]LogOutputDevice: Error: [Callstack] 0x00007ff6d9f2c3ec UE4Editor.exe!UnknownFunction []
[2020.01.09-19.03.45:056][520]LogOutputDevice: Error: [Callstack] 0x00007ff6d9f2c4ca UE4Editor.exe!UnknownFunction []
[2020.01.09-19.03.45:056][520]LogOutputDevice: Error: [Callstack] 0x00007ff6d9f3ceae UE4Editor.exe!UnknownFunction []
[2020.01.09-19.03.45:056][520]LogOutputDevice: Error: [Callstack] 0x00007ff6d9f3fcbe UE4Editor.exe!UnknownFunction []
[2020.01.09-19.03.45:056][520]LogOutputDevice: Error: [Callstack] 0x00007ffd7e227bd4 KERNEL32.DLL!UnknownFunction []
[2020.01.09-19.03.45:056][520]LogOutputDevice: Error: [Callstack] 0x00007ffd7f76cee1 ntdll.dll!UnknownFunction []
[2020.01.09-19.03.45:056][520]LogOutputDevice: Error: 
[2020.01.09-19.03.45:065][520]LogExit: Executing StaticShutdownAfterError
[2020.01.09-19.03.45:066][520]LogStats:                SubmitErrorReport -  0.000 s
[2020.01.09-19.03.45:066][520]LogWindows: FPlatformMisc::RequestExit(1)
[2020.01.09-19.03.45:066][520]LogCore: Engine exit requested (reason: Win RequestExit; note: exit was already requested)
[2020.01.09-19.03.45:066][520]LogStats:                    SendNewReport -  0.000 s
[2020.01.09-19.03.45:077][520]Log file closed, 01/09/20 11:03:45
